2020-06-05 16:14:56 DEBUG Logger Initialized
2020-06-05 16:15:34 DEBUG Logger Initialized
2020-06-05 16:16:07 INFO Inside Adaptation Planner --proactive
2020-06-05 16:16:07 INFO Adaptation reactive executor
2020-06-05 16:16:07 INFO adaptation count 1 20
2020-06-05 16:16:11 INFO Inside Adaptation Planner --proactive
2020-06-05 16:16:11 INFO Adaptation reactive executor
2020-06-05 16:16:11 INFO adaptation count 2 30
2020-06-05 16:16:17 INFO Inside Adaptation Planner --proactive
2020-06-05 16:16:17 INFO Adaptation reactive executor
2020-06-05 16:16:17 INFO adaptation count 2 40
2020-06-05 16:16:22 INFO Inside Adaptation Planner --proactive
2020-06-05 16:16:22 INFO Adaptation reactive executor
2020-06-05 16:16:22 INFO adaptation count 2 50
2020-06-05 16:16:27 INFO Inside Adaptation Planner --proactive
2020-06-05 16:16:27 INFO Adaptation reactive executor
2020-06-05 16:16:27 INFO adaptation count 2 60
2020-06-05 16:16:33 INFO Inside Adaptation Planner --proactive
2020-06-05 16:16:33 INFO Adaptation reactive executor
2020-06-05 16:16:33 INFO adaptation count 2 70
2020-06-05 16:16:38 INFO Inside Adaptation Planner --proactive
2020-06-05 16:16:38 INFO Adaptation reactive executor
2020-06-05 16:16:38 INFO adaptation count 2 80
2020-06-05 16:16:43 INFO Inside Adaptation Planner --proactive
2020-06-05 16:16:43 INFO Adaptation reactive executor
2020-06-05 16:16:43 INFO adaptation count 2 90
2020-06-05 16:16:49 INFO Inside Adaptation Planner --proactive
2020-06-05 16:16:49 INFO Adaptation reactive executor
2020-06-05 16:16:49 INFO adaptation count 2 100
2020-06-05 16:16:56 INFO Inside Adaptation Planner --proactive
2020-06-05 16:16:56 INFO Adaptation reactive executor
2020-06-05 16:16:56 INFO adaptation count 2 110
2020-06-05 16:17:03 INFO Inside Adaptation Planner --proactive
2020-06-05 16:17:03 INFO Adaptation reactive executor
2020-06-05 16:17:03 INFO adaptation count 3 120
2020-06-05 16:17:10 INFO Inside Adaptation Planner --proactive
2020-06-05 16:17:10 INFO Adaptation reactive executor
2020-06-05 16:17:10 INFO adaptation count 3 130
2020-06-05 16:17:18 INFO Inside Adaptation Planner --proactive
2020-06-05 16:17:18 INFO Adaptation reactive executor
2020-06-05 16:17:18 INFO adaptation count 3 140
2020-06-05 16:17:26 INFO Inside Adaptation Planner --proactive
2020-06-05 16:17:26 INFO Adaptation reactive executor
2020-06-05 16:17:26 INFO adaptation count 4 150
2020-06-05 16:17:34 INFO Inside Adaptation Planner --proactive
2020-06-05 16:17:34 INFO Adaptation reactive executor
2020-06-05 16:17:34 INFO adaptation count 5 160
2020-06-05 16:17:40 INFO Inside Adaptation Planner --proactive
2020-06-05 16:17:40 INFO Adaptation reactive executor
2020-06-05 16:17:40 INFO adaptation count 5 170
2020-06-05 16:17:48 INFO Inside Adaptation Planner --proactive
2020-06-05 16:17:48 INFO Adaptation reactive executor
2020-06-05 16:17:48 INFO adaptation count 6 180
2020-06-05 16:17:53 INFO Inside Adaptation Planner --proactive
2020-06-05 16:17:53 INFO Adaptation reactive executor
2020-06-05 16:17:53 INFO adaptation count 6 190
2020-06-05 16:18:00 INFO Inside Adaptation Planner --proactive
2020-06-05 16:18:00 INFO Adaptation reactive executor
2020-06-05 16:18:00 INFO adaptation count 7 200
2020-06-05 16:18:06 INFO Inside Adaptation Planner --proactive
2020-06-05 16:18:06 INFO Adaptation reactive executor
2020-06-05 16:18:06 INFO adaptation count 7 210
2020-06-05 16:18:13 INFO Inside Adaptation Planner --proactive
2020-06-05 16:18:13 INFO Adaptation reactive executor
2020-06-05 16:18:13 INFO adaptation count 8 220
2020-06-05 16:18:19 INFO Inside Adaptation Planner --proactive
2020-06-05 16:18:19 INFO Adaptation reactive executor
2020-06-05 16:18:19 INFO adaptation count 8 230
2020-06-05 16:18:25 INFO Inside Adaptation Planner --proactive
2020-06-05 16:18:25 INFO Adaptation reactive executor
2020-06-05 16:18:25 INFO adaptation count 8 240
2020-06-05 16:18:31 INFO Inside Adaptation Planner --proactive
2020-06-05 16:18:31 INFO Adaptation reactive executor
2020-06-05 16:18:31 INFO adaptation count 8 250
2020-06-05 16:18:39 INFO Inside Adaptation Planner --proactive
2020-06-05 16:18:39 INFO Adaptation reactive executor
2020-06-05 16:18:39 INFO adaptation count 9 260
2020-06-05 16:18:45 INFO Inside Adaptation Planner --proactive
2020-06-05 16:18:45 INFO Adaptation reactive executor
2020-06-05 16:18:45 INFO adaptation count 9 270
2020-06-05 16:18:51 INFO Inside Adaptation Planner --proactive
2020-06-05 16:18:51 INFO Adaptation reactive executor
2020-06-05 16:18:51 INFO adaptation count 10 280
2020-06-05 16:18:57 INFO Inside Adaptation Planner --proactive
2020-06-05 16:18:57 INFO Adaptation reactive executor
2020-06-05 16:18:57 INFO adaptation count 10 290
2020-06-05 16:19:04 INFO Inside Adaptation Planner --proactive
2020-06-05 16:19:04 INFO Adaptation reactive executor
2020-06-05 16:19:04 INFO adaptation count 10 300
2020-06-05 16:19:12 INFO Inside Adaptation Planner --proactive
2020-06-05 16:19:12 INFO Adaptation reactive executor
2020-06-05 16:19:12 INFO adaptation count 11 320
2020-06-05 16:19:16 INFO Inside Adaptation Planner --proactive
2020-06-05 16:19:16 INFO Adaptation reactive executor
2020-06-05 16:19:16 INFO adaptation count 11 330
2020-06-05 16:19:22 INFO Inside Adaptation Planner --proactive
2020-06-05 16:19:22 INFO Adaptation reactive executor
2020-06-05 16:19:22 INFO adaptation count 11 340
2020-06-05 16:19:30 INFO Inside Adaptation Planner --proactive
2020-06-05 16:19:30 INFO Adaptation reactive executor
2020-06-05 16:19:30 INFO adaptation count 12 350
2020-06-05 16:19:35 INFO Inside Adaptation Planner --proactive
2020-06-05 16:19:35 INFO Adaptation reactive executor
2020-06-05 16:19:35 INFO adaptation count 12 360
2020-06-05 16:19:41 INFO Inside Adaptation Planner --proactive
2020-06-05 16:19:41 INFO Adaptation reactive executor
2020-06-05 16:19:41 INFO adaptation count 13 370
2020-06-05 16:19:46 INFO Inside Adaptation Planner --proactive
2020-06-05 16:19:46 INFO Adaptation reactive executor
2020-06-05 16:19:46 INFO adaptation count 13 380
2020-06-05 16:19:52 INFO Inside Adaptation Planner --proactive
2020-06-05 16:19:52 INFO Adaptation reactive executor
2020-06-05 16:19:52 INFO adaptation count 13 390
2020-06-05 16:20:00 INFO Inside Adaptation Planner --proactive
2020-06-05 16:20:00 INFO Adaptation reactive executor
2020-06-05 16:20:00 INFO adaptation count 13 400
2020-06-05 16:20:08 INFO Inside Adaptation Planner --proactive
2020-06-05 16:20:08 INFO Adaptation reactive executor
2020-06-05 16:20:08 INFO adaptation count 14 420
2020-06-05 16:20:13 INFO Inside Adaptation Planner --proactive
2020-06-05 16:20:13 INFO Adaptation reactive executor
2020-06-05 16:20:13 INFO adaptation count 15 430
2020-06-05 16:20:17 INFO Inside Adaptation Planner --proactive
2020-06-05 16:20:17 INFO Adaptation reactive executor
2020-06-05 16:20:17 INFO adaptation count 15 440
2020-06-05 16:20:25 INFO Inside Adaptation Planner --proactive
2020-06-05 16:20:25 INFO Adaptation reactive executor
2020-06-05 16:20:25 INFO adaptation count 15 450
2020-06-05 16:20:31 INFO Inside Adaptation Planner --proactive
2020-06-05 16:20:31 INFO Adaptation reactive executor
2020-06-05 16:20:31 INFO adaptation count 15 460
2020-06-05 16:20:39 INFO Inside Adaptation Planner --proactive
2020-06-05 16:20:39 INFO Adaptation reactive executor
2020-06-05 16:20:39 INFO adaptation count 16 480
2020-06-05 16:20:44 INFO Inside Adaptation Planner --proactive
2020-06-05 16:20:44 INFO Adaptation reactive executor
2020-06-05 16:20:44 INFO adaptation count 16 490
2020-06-05 16:20:51 INFO Inside Adaptation Planner --proactive
2020-06-05 16:20:51 INFO Adaptation reactive executor
2020-06-05 16:20:51 INFO adaptation count 17 500
2020-06-05 16:20:57 INFO Inside Adaptation Planner --proactive
2020-06-05 16:20:57 INFO Adaptation reactive executor
2020-06-05 16:20:57 INFO adaptation count 17 510
2020-06-05 16:21:03 INFO Inside Adaptation Planner --proactive
2020-06-05 16:21:03 INFO Adaptation reactive executor
2020-06-05 16:21:03 INFO adaptation count 17 520
2020-06-05 16:21:10 INFO Inside Adaptation Planner --proactive
2020-06-05 16:21:10 INFO Adaptation reactive executor
2020-06-05 16:21:10 INFO adaptation count 18 530
2020-06-05 16:21:16 INFO Inside Adaptation Planner --proactive
2020-06-05 16:21:16 INFO Adaptation reactive executor
2020-06-05 16:21:16 INFO adaptation count 18 540
2020-06-05 16:21:23 INFO Inside Adaptation Planner --proactive
2020-06-05 16:21:23 INFO Adaptation reactive executor
2020-06-05 16:21:23 INFO adaptation count 19 550
2020-06-05 16:21:28 INFO Inside Adaptation Planner --proactive
2020-06-05 16:21:28 INFO Adaptation reactive executor
2020-06-05 16:21:28 INFO adaptation count 19 560
2020-06-05 16:21:34 INFO Inside Adaptation Planner --proactive
2020-06-05 16:21:34 INFO Adaptation reactive executor
2020-06-05 16:21:34 INFO adaptation count 19 570
2020-06-05 16:21:41 INFO Inside Adaptation Planner --proactive
2020-06-05 16:21:41 INFO Adaptation reactive executor
2020-06-05 16:21:41 INFO adaptation count 20 580
2020-06-05 16:21:46 INFO Inside Adaptation Planner --proactive
2020-06-05 16:21:46 INFO Adaptation reactive executor
2020-06-05 16:21:46 INFO adaptation count 20 590
2020-06-05 16:21:53 INFO Inside Adaptation Planner --proactive
2020-06-05 16:21:53 INFO Adaptation reactive executor
2020-06-05 16:21:53 INFO adaptation count 20 600
2020-06-05 16:21:59 INFO Inside Adaptation Planner --proactive
2020-06-05 16:21:59 INFO Adaptation reactive executor
2020-06-05 16:21:59 INFO adaptation count 20 610
2020-06-05 16:22:06 INFO Inside Adaptation Planner --proactive
2020-06-05 16:22:06 INFO Adaptation reactive executor
2020-06-05 16:22:06 INFO adaptation count 20 620
2020-06-05 16:22:12 INFO Inside Adaptation Planner --proactive
2020-06-05 16:22:12 INFO Adaptation reactive executor
2020-06-05 16:22:12 INFO adaptation count 21 630
2020-06-05 16:22:18 INFO Inside Adaptation Planner --proactive
2020-06-05 16:22:18 INFO Adaptation reactive executor
2020-06-05 16:22:18 INFO adaptation count 21 640
2020-06-05 16:22:26 INFO Inside Adaptation Planner --proactive
2020-06-05 16:22:26 INFO Adaptation reactive executor
2020-06-05 16:22:26 INFO adaptation count 22 650
2020-06-05 16:22:31 INFO Inside Adaptation Planner --proactive
2020-06-05 16:22:31 INFO Adaptation reactive executor
2020-06-05 16:22:31 INFO adaptation count 22 660
2020-06-05 16:22:38 INFO Inside Adaptation Planner --proactive
2020-06-05 16:22:38 INFO Adaptation reactive executor
2020-06-05 16:22:38 INFO adaptation count 22 670
2020-06-05 16:22:45 INFO Inside Adaptation Planner --proactive
2020-06-05 16:22:45 INFO Adaptation reactive executor
2020-06-05 16:22:45 INFO adaptation count 23 680
2020-06-05 16:22:51 INFO Inside Adaptation Planner --proactive
2020-06-05 16:22:51 INFO Adaptation reactive executor
2020-06-05 16:22:51 INFO adaptation count 24 690
2020-06-05 16:22:57 INFO Inside Adaptation Planner --proactive
2020-06-05 16:22:57 INFO Adaptation reactive executor
2020-06-05 16:22:57 INFO adaptation count 24 700
2020-06-05 16:23:04 INFO Inside Adaptation Planner --proactive
2020-06-05 16:23:04 INFO Adaptation reactive executor
2020-06-05 16:23:04 INFO adaptation count 25 710
2020-06-05 16:23:10 INFO Inside Adaptation Planner --proactive
2020-06-05 16:23:10 INFO Adaptation reactive executor
2020-06-05 16:23:10 INFO adaptation count 25 720
2020-06-05 16:23:16 INFO Inside Adaptation Planner --proactive
2020-06-05 16:23:16 INFO Adaptation reactive executor
2020-06-05 16:23:16 INFO adaptation count 25 730
2020-06-05 16:23:22 INFO Inside Adaptation Planner --proactive
2020-06-05 16:23:22 INFO Adaptation reactive executor
2020-06-05 16:23:22 INFO adaptation count 25 740
2020-06-05 16:23:29 INFO Inside Adaptation Planner --proactive
2020-06-05 16:23:29 INFO Adaptation reactive executor
2020-06-05 16:23:29 INFO adaptation count 26 750
2020-06-05 16:23:35 INFO Inside Adaptation Planner --proactive
2020-06-05 16:23:35 INFO Adaptation reactive executor
2020-06-05 16:23:35 INFO adaptation count 26 760
2020-06-05 16:23:42 INFO Inside Adaptation Planner --proactive
2020-06-05 16:23:42 INFO Adaptation reactive executor
2020-06-05 16:23:42 INFO adaptation count 27 770
2020-06-05 16:23:48 INFO Inside Adaptation Planner --proactive
2020-06-05 16:23:48 INFO Adaptation reactive executor
2020-06-05 16:23:48 INFO adaptation count 27 780
2020-06-05 16:23:55 INFO Inside Adaptation Planner --proactive
2020-06-05 16:23:55 INFO Adaptation reactive executor
2020-06-05 16:23:55 INFO adaptation count 28 790
2020-06-05 16:24:00 INFO Inside Adaptation Planner --proactive
2020-06-05 16:24:00 INFO Adaptation reactive executor
2020-06-05 16:24:00 INFO adaptation count 28 800
2020-06-05 16:24:07 INFO Inside Adaptation Planner --proactive
2020-06-05 16:24:07 INFO Adaptation reactive executor
2020-06-05 16:24:07 INFO adaptation count 29 810
2020-06-05 16:24:13 INFO Inside Adaptation Planner --proactive
2020-06-05 16:24:13 INFO Adaptation reactive executor
2020-06-05 16:24:13 INFO adaptation count 29 820
2020-06-05 16:24:19 INFO Inside Adaptation Planner --proactive
2020-06-05 16:24:19 INFO Adaptation reactive executor
2020-06-05 16:24:19 INFO adaptation count 29 830
2020-06-05 16:24:27 INFO Inside Adaptation Planner --proactive
2020-06-05 16:24:27 INFO Adaptation reactive executor
2020-06-05 16:24:27 INFO adaptation count 30 840
2020-06-05 16:24:33 INFO Inside Adaptation Planner --proactive
2020-06-05 16:24:33 INFO Adaptation reactive executor
2020-06-05 16:24:33 INFO adaptation count 30 850
2020-06-05 16:24:40 INFO Inside Adaptation Planner --proactive
2020-06-05 16:24:40 INFO Adaptation reactive executor
2020-06-05 16:24:40 INFO adaptation count 31 870
2020-06-05 16:24:45 INFO Inside Adaptation Planner --proactive
2020-06-05 16:24:45 INFO Adaptation reactive executor
2020-06-05 16:24:45 INFO adaptation count 31 880
2020-06-05 16:24:52 INFO Inside Adaptation Planner --proactive
2020-06-05 16:24:52 INFO Adaptation reactive executor
2020-06-05 16:24:52 INFO adaptation count 31 890
2020-06-05 16:25:00 INFO Inside Adaptation Planner --proactive
2020-06-05 16:25:00 INFO Adaptation reactive executor
2020-06-05 16:25:00 INFO adaptation count 32 910
2020-06-05 16:25:05 INFO Inside Adaptation Planner --proactive
2020-06-05 16:25:05 INFO Adaptation reactive executor
2020-06-05 16:25:05 INFO adaptation count 33 920
2020-06-05 16:25:11 INFO Inside Adaptation Planner --proactive
2020-06-05 16:25:11 INFO Adaptation reactive executor
2020-06-05 16:25:11 INFO adaptation count 33 930
2020-06-05 16:25:17 INFO Inside Adaptation Planner --proactive
2020-06-05 16:25:17 INFO Adaptation reactive executor
2020-06-05 16:25:17 INFO adaptation count 33 940
2020-06-05 16:25:24 INFO Inside Adaptation Planner --proactive
2020-06-05 16:25:24 INFO Adaptation reactive executor
2020-06-05 16:25:24 INFO adaptation count 33 950
2020-06-05 16:25:31 INFO Inside Adaptation Planner --proactive
2020-06-05 16:25:31 INFO Adaptation reactive executor
2020-06-05 16:25:31 INFO adaptation count 34 970
2020-06-05 16:25:36 INFO Inside Adaptation Planner --proactive
2020-06-05 16:25:36 INFO Adaptation reactive executor
2020-06-05 16:25:36 INFO adaptation count 34 980
2020-06-05 16:25:42 INFO Inside Adaptation Planner --proactive
2020-06-05 16:25:42 INFO Adaptation reactive executor
2020-06-05 16:25:42 INFO adaptation count 35 990
2020-06-05 16:25:47 INFO Inside Adaptation Planner --proactive
2020-06-05 16:25:47 INFO Adaptation reactive executor
2020-06-05 16:25:47 INFO adaptation count 35 1000
2020-06-05 16:25:54 INFO Inside Adaptation Planner --proactive
2020-06-05 16:25:54 INFO Adaptation reactive executor
2020-06-05 16:25:54 INFO adaptation count 35 1010
2020-06-05 16:26:00 INFO Inside Adaptation Planner --proactive
2020-06-05 16:26:00 INFO Adaptation reactive executor
2020-06-05 16:26:00 INFO adaptation count 35 1020
2020-06-05 16:26:08 INFO Inside Adaptation Planner --proactive
2020-06-05 16:26:08 INFO Adaptation reactive executor
2020-06-05 16:26:08 INFO adaptation count 36 1040
2020-06-05 16:26:12 INFO Inside Adaptation Planner --proactive
2020-06-05 16:26:12 INFO Adaptation reactive executor
2020-06-05 16:26:12 INFO adaptation count 37 1050
2020-06-05 16:26:18 INFO Inside Adaptation Planner --proactive
2020-06-05 16:26:18 INFO Adaptation reactive executor
2020-06-05 16:26:18 INFO adaptation count 37 1060
2020-06-05 16:26:24 INFO Inside Adaptation Planner --proactive
2020-06-05 16:26:24 INFO Adaptation reactive executor
2020-06-05 16:26:24 INFO adaptation count 37 1070
2020-06-05 16:26:31 INFO Inside Adaptation Planner --proactive
2020-06-05 16:26:31 INFO Adaptation reactive executor
2020-06-05 16:26:31 INFO adaptation count 38 1080
2020-06-05 16:26:36 INFO Inside Adaptation Planner --proactive
2020-06-05 16:26:36 INFO Adaptation reactive executor
2020-06-05 16:26:36 INFO adaptation count 38 1090
2020-06-05 16:26:44 INFO Inside Adaptation Planner --proactive
2020-06-05 16:26:44 INFO Adaptation reactive executor
2020-06-05 16:26:44 INFO adaptation count 39 1100
2020-06-05 16:26:49 INFO Inside Adaptation Planner --proactive
2020-06-05 16:26:49 INFO Adaptation reactive executor
2020-06-05 16:26:49 INFO adaptation count 39 1110
2020-06-05 16:26:56 INFO Inside Adaptation Planner --proactive
2020-06-05 16:26:56 INFO Adaptation reactive executor
2020-06-05 16:26:56 INFO adaptation count 40 1120
2020-06-05 16:27:02 INFO Inside Adaptation Planner --proactive
2020-06-05 16:27:02 INFO Adaptation reactive executor
2020-06-05 16:27:02 INFO adaptation count 40 1130
2020-06-05 16:27:10 INFO Inside Adaptation Planner --proactive
2020-06-05 16:27:10 INFO Adaptation reactive executor
2020-06-05 16:27:10 INFO adaptation count 41 1140
2020-06-05 16:27:15 INFO Inside Adaptation Planner --proactive
2020-06-05 16:27:15 INFO Adaptation reactive executor
2020-06-05 16:27:15 INFO adaptation count 41 1150
2020-06-05 16:27:22 INFO Inside Adaptation Planner --proactive
2020-06-05 16:27:22 INFO Adaptation reactive executor
2020-06-05 16:27:22 INFO adaptation count 42 1160
2020-06-05 16:27:27 INFO Inside Adaptation Planner --proactive
2020-06-05 16:27:27 INFO Adaptation reactive executor
2020-06-05 16:27:27 INFO adaptation count 42 1170
2020-06-05 16:27:34 INFO Inside Adaptation Planner --proactive
2020-06-05 16:27:34 INFO Adaptation reactive executor
2020-06-05 16:27:34 INFO adaptation count 43 1180
2020-06-05 16:27:40 INFO Inside Adaptation Planner --proactive
2020-06-05 16:27:40 INFO Adaptation reactive executor
2020-06-05 16:27:40 INFO adaptation count 43 1190
2020-06-05 16:27:47 INFO Inside Adaptation Planner --proactive
2020-06-05 16:27:47 INFO Adaptation reactive executor
2020-06-05 16:27:47 INFO adaptation count 43 1200
2020-06-05 16:27:55 INFO Inside Adaptation Planner --proactive
2020-06-05 16:27:55 INFO Adaptation reactive executor
2020-06-05 16:27:55 INFO adaptation count 44 1220
2020-06-05 16:28:00 INFO Inside Adaptation Planner --proactive
2020-06-05 16:28:00 INFO Adaptation reactive executor
2020-06-05 16:28:00 INFO adaptation count 45 1230
2020-06-05 16:28:06 INFO Inside Adaptation Planner --proactive
2020-06-05 16:28:06 INFO Adaptation reactive executor
2020-06-05 16:28:06 INFO adaptation count 46 1240
2020-06-05 16:28:12 INFO Inside Adaptation Planner --proactive
2020-06-05 16:28:12 INFO Adaptation reactive executor
2020-06-05 16:28:12 INFO adaptation count 46 1250
2020-06-05 16:28:20 INFO Inside Adaptation Planner --proactive
2020-06-05 16:28:20 INFO Adaptation reactive executor
2020-06-05 16:28:20 INFO adaptation count 47 1260
2020-06-05 16:28:25 INFO Inside Adaptation Planner --proactive
2020-06-05 16:28:25 INFO Adaptation reactive executor
2020-06-05 16:28:25 INFO adaptation count 47 1270
2020-06-05 16:28:32 INFO Inside Adaptation Planner --proactive
2020-06-05 16:28:32 INFO Adaptation reactive executor
2020-06-05 16:28:32 INFO adaptation count 48 1280
2020-06-05 16:28:38 INFO Inside Adaptation Planner --proactive
2020-06-05 16:28:38 INFO Adaptation reactive executor
2020-06-05 16:28:38 INFO adaptation count 48 1290
2020-06-05 16:28:46 INFO Inside Adaptation Planner --proactive
2020-06-05 16:28:46 INFO Adaptation reactive executor
2020-06-05 16:28:46 INFO adaptation count 49 1310
2020-06-05 16:28:51 INFO Inside Adaptation Planner --proactive
2020-06-05 16:28:51 INFO Adaptation reactive executor
2020-06-05 16:28:51 INFO adaptation count 50 1320
2020-06-05 16:28:57 INFO Inside Adaptation Planner --proactive
2020-06-05 16:28:57 INFO Adaptation reactive executor
2020-06-05 16:28:57 INFO adaptation count 50 1330
2020-06-05 16:29:04 INFO Inside Adaptation Planner --proactive
2020-06-05 16:29:04 INFO Adaptation reactive executor
2020-06-05 16:29:04 INFO adaptation count 50 1340
2020-06-05 16:29:10 INFO Inside Adaptation Planner --proactive
2020-06-05 16:29:10 INFO Adaptation reactive executor
2020-06-05 16:29:10 INFO adaptation count 51 1350
2020-06-05 16:29:15 INFO Inside Adaptation Planner --proactive
2020-06-05 16:29:15 INFO Adaptation reactive executor
2020-06-05 16:29:15 INFO adaptation count 51 1360
2020-06-05 16:29:22 INFO Inside Adaptation Planner --proactive
2020-06-05 16:29:22 INFO Adaptation reactive executor
2020-06-05 16:29:22 INFO adaptation count 51 1370
2020-06-05 16:29:30 INFO Inside Adaptation Planner --proactive
2020-06-05 16:29:30 INFO Adaptation reactive executor
2020-06-05 16:29:30 INFO adaptation count 52 1380
2020-06-05 16:29:35 INFO Inside Adaptation Planner --proactive
2020-06-05 16:29:35 INFO Adaptation reactive executor
2020-06-05 16:29:35 INFO adaptation count 52 1390
2020-06-05 16:29:42 INFO Inside Adaptation Planner --proactive
2020-06-05 16:29:42 INFO Adaptation reactive executor
2020-06-05 16:29:42 INFO adaptation count 53 1400
2020-06-05 16:29:47 INFO Inside Adaptation Planner --proactive
2020-06-05 16:29:47 INFO Adaptation reactive executor
2020-06-05 16:29:47 INFO adaptation count 53 1410
2020-06-05 16:29:54 INFO Inside Adaptation Planner --proactive
2020-06-05 16:29:54 INFO Adaptation reactive executor
2020-06-05 16:29:54 INFO adaptation count 53 1420
2020-06-05 16:30:01 INFO Inside Adaptation Planner --proactive
2020-06-05 16:30:01 INFO Adaptation reactive executor
2020-06-05 16:30:01 INFO adaptation count 53 1430
2020-06-05 16:30:08 INFO Inside Adaptation Planner --proactive
2020-06-05 16:30:08 INFO Adaptation reactive executor
2020-06-05 16:30:08 INFO adaptation count 54 1440
2020-06-05 16:30:13 INFO Inside Adaptation Planner --proactive
2020-06-05 16:30:13 INFO Adaptation reactive executor
2020-06-05 16:30:13 INFO adaptation count 54 1450
2020-06-05 16:30:19 INFO Inside Adaptation Planner --proactive
2020-06-05 16:30:19 INFO Adaptation reactive executor
2020-06-05 16:30:19 INFO adaptation count 54 1460
2020-06-05 16:30:27 INFO Inside Adaptation Planner --proactive
2020-06-05 16:30:27 INFO Adaptation reactive executor
2020-06-05 16:30:27 INFO adaptation count 54 1470
2020-06-05 16:30:35 INFO Inside Adaptation Planner --proactive
2020-06-05 16:30:35 INFO Adaptation reactive executor
2020-06-05 16:30:35 INFO adaptation count 55 1490
2020-06-05 16:30:39 INFO Inside Adaptation Planner --proactive
2020-06-05 16:30:39 INFO Adaptation reactive executor
2020-06-05 16:30:39 INFO adaptation count 56 1500
2020-06-05 16:30:44 INFO Inside Adaptation Planner --proactive
2020-06-05 16:30:44 INFO Adaptation reactive executor
2020-06-05 16:30:44 INFO adaptation count 56 1510
2020-06-05 16:30:52 INFO Inside Adaptation Planner --proactive
2020-06-05 16:30:52 INFO Adaptation reactive executor
2020-06-05 16:30:52 INFO adaptation count 56 1520
2020-06-05 16:30:59 INFO Inside Adaptation Planner --proactive
2020-06-05 16:30:59 INFO Adaptation reactive executor
2020-06-05 16:30:59 INFO adaptation count 57 1530
2020-06-05 16:31:06 INFO Inside Adaptation Planner --proactive
2020-06-05 16:31:06 INFO Adaptation reactive executor
2020-06-05 16:31:06 INFO adaptation count 58 1540
2020-06-05 16:31:10 INFO Inside Adaptation Planner --proactive
2020-06-05 16:31:10 INFO Adaptation reactive executor
2020-06-05 16:31:10 INFO adaptation count 58 1550
2020-06-05 16:31:19 INFO Inside Adaptation Planner --proactive
2020-06-05 16:31:19 INFO Adaptation reactive executor
2020-06-05 16:31:19 INFO adaptation count 59 1560
2020-06-05 16:31:25 INFO Inside Adaptation Planner --proactive
2020-06-05 16:31:25 INFO Adaptation reactive executor
2020-06-05 16:31:25 INFO adaptation count 59 1570
2020-06-05 16:31:33 INFO Inside Adaptation Planner --proactive
2020-06-05 16:31:33 INFO Adaptation reactive executor
2020-06-05 16:31:33 INFO adaptation count 60 1590
2020-06-05 16:31:37 INFO Inside Adaptation Planner --proactive
2020-06-05 16:31:37 INFO Adaptation reactive executor
2020-06-05 16:31:37 INFO adaptation count 60 1600
2020-06-05 16:31:44 INFO Inside Adaptation Planner --proactive
2020-06-05 16:31:44 INFO Adaptation reactive executor
2020-06-05 16:31:44 INFO adaptation count 60 1610
2020-06-05 16:31:51 INFO Inside Adaptation Planner --proactive
2020-06-05 16:31:51 INFO Adaptation reactive executor
2020-06-05 16:31:51 INFO adaptation count 61 1620
2020-06-05 16:31:56 INFO Inside Adaptation Planner --proactive
2020-06-05 16:31:56 INFO Adaptation reactive executor
2020-06-05 16:31:56 INFO adaptation count 61 1630
2020-06-05 16:32:02 INFO Inside Adaptation Planner --proactive
2020-06-05 16:32:02 INFO Adaptation reactive executor
2020-06-05 16:32:02 INFO adaptation count 62 1640
2020-06-05 16:32:08 INFO Inside Adaptation Planner --proactive
2020-06-05 16:32:08 INFO Adaptation reactive executor
2020-06-05 16:32:08 INFO adaptation count 62 1650
2020-06-05 16:32:15 INFO Inside Adaptation Planner --proactive
2020-06-05 16:32:15 INFO Adaptation reactive executor
2020-06-05 16:32:15 INFO adaptation count 63 1660
2020-06-05 16:32:19 INFO Inside Adaptation Planner --proactive
2020-06-05 16:32:19 INFO Adaptation reactive executor
2020-06-05 16:32:19 INFO adaptation count 63 1670
2020-06-05 16:32:26 INFO Inside Adaptation Planner --proactive
2020-06-05 16:32:26 INFO Adaptation reactive executor
2020-06-05 16:32:26 INFO adaptation count 63 1680
2020-06-05 16:32:33 INFO Inside Adaptation Planner --proactive
2020-06-05 16:32:33 INFO Adaptation reactive executor
2020-06-05 16:32:33 INFO adaptation count 63 1690
2020-06-05 16:32:40 INFO Inside Adaptation Planner --proactive
2020-06-05 16:32:40 INFO Adaptation reactive executor
2020-06-05 16:32:40 INFO adaptation count 64 1700
2020-06-05 16:32:46 INFO Inside Adaptation Planner --proactive
2020-06-05 16:32:46 INFO Adaptation reactive executor
2020-06-05 16:32:46 INFO adaptation count 65 1710
2020-06-05 16:32:51 INFO Inside Adaptation Planner --proactive
2020-06-05 16:32:51 INFO Adaptation reactive executor
2020-06-05 16:32:51 INFO adaptation count 66 1720
2020-06-05 16:32:57 INFO Inside Adaptation Planner --proactive
2020-06-05 16:32:57 INFO Adaptation reactive executor
2020-06-05 16:32:57 INFO adaptation count 66 1730
2020-06-05 16:33:04 INFO Inside Adaptation Planner --proactive
2020-06-05 16:33:04 INFO Adaptation reactive executor
2020-06-05 16:33:04 INFO adaptation count 66 1740
2020-06-05 16:33:11 INFO Inside Adaptation Planner --proactive
2020-06-05 16:33:11 INFO Adaptation reactive executor
2020-06-05 16:33:11 INFO adaptation count 67 1750
2020-06-05 16:33:17 INFO Inside Adaptation Planner --proactive
2020-06-05 16:33:17 INFO Adaptation reactive executor
2020-06-05 16:33:17 INFO adaptation count 67 1760
2020-06-05 16:33:23 INFO Inside Adaptation Planner --proactive
2020-06-05 16:33:23 INFO Adaptation reactive executor
2020-06-05 16:33:23 INFO adaptation count 68 1770
2020-06-05 16:33:29 INFO Inside Adaptation Planner --proactive
2020-06-05 16:33:29 INFO Adaptation reactive executor
2020-06-05 16:33:29 INFO adaptation count 68 1780
2020-06-05 16:33:37 INFO Inside Adaptation Planner --proactive
2020-06-05 16:33:37 INFO Adaptation reactive executor
2020-06-05 16:33:37 INFO adaptation count 69 1790
2020-06-05 16:33:44 INFO Inside Adaptation Planner --proactive
2020-06-05 16:33:44 INFO Adaptation reactive executor
2020-06-05 16:33:44 INFO adaptation count 70 1800
2020-06-05 16:33:50 INFO Inside Adaptation Planner --proactive
2020-06-05 16:33:50 INFO Adaptation reactive executor
2020-06-05 16:33:50 INFO adaptation count 71 1810
2020-06-05 16:33:55 INFO Inside Adaptation Planner --proactive
2020-06-05 16:33:55 INFO Adaptation reactive executor
2020-06-05 16:33:55 INFO adaptation count 71 1820
2020-06-05 16:34:02 INFO Inside Adaptation Planner --proactive
2020-06-05 16:34:02 INFO Adaptation reactive executor
2020-06-05 16:34:02 INFO adaptation count 71 1830
2020-06-05 16:34:09 INFO Inside Adaptation Planner --proactive
2020-06-05 16:34:09 INFO Adaptation reactive executor
2020-06-05 16:34:09 INFO adaptation count 72 1840
2020-06-05 16:34:14 INFO Inside Adaptation Planner --proactive
2020-06-05 16:34:14 INFO Adaptation reactive executor
2020-06-05 16:34:14 INFO adaptation count 72 1850
2020-06-05 16:34:21 INFO Inside Adaptation Planner --proactive
2020-06-05 16:34:21 INFO Adaptation reactive executor
2020-06-05 16:34:21 INFO adaptation count 73 1860
2020-06-05 16:34:27 INFO Inside Adaptation Planner --proactive
2020-06-05 16:34:27 INFO Adaptation reactive executor
2020-06-05 16:34:27 INFO adaptation count 73 1870
2020-06-05 16:34:35 INFO Inside Adaptation Planner --proactive
2020-06-05 16:34:35 INFO Adaptation reactive executor
2020-06-05 16:34:35 INFO adaptation count 74 1880
2020-06-05 16:34:40 INFO Inside Adaptation Planner --proactive
2020-06-05 16:34:40 INFO Adaptation reactive executor
2020-06-05 16:34:40 INFO adaptation count 75 1890
2020-06-05 16:34:45 INFO Inside Adaptation Planner --proactive
2020-06-05 16:34:45 INFO Adaptation reactive executor
2020-06-05 16:34:45 INFO adaptation count 75 1900
2020-06-05 16:34:51 INFO Inside Adaptation Planner --proactive
2020-06-05 16:34:51 INFO Adaptation reactive executor
2020-06-05 16:34:51 INFO adaptation count 75 1910
2020-06-05 16:34:58 INFO Inside Adaptation Planner --proactive
2020-06-05 16:34:58 INFO Adaptation reactive executor
2020-06-05 16:34:58 INFO adaptation count 75 1920
2020-06-05 16:35:05 INFO Inside Adaptation Planner --proactive
2020-06-05 16:35:05 INFO Adaptation reactive executor
2020-06-05 16:35:05 INFO adaptation count 76 1930
2020-06-05 16:35:11 INFO Inside Adaptation Planner --proactive
2020-06-05 16:35:11 INFO Adaptation reactive executor
2020-06-05 16:35:11 INFO adaptation count 76 1940
2020-06-05 16:35:17 INFO Inside Adaptation Planner --proactive
2020-06-05 16:35:17 INFO Adaptation reactive executor
2020-06-05 16:35:17 INFO adaptation count 76 1950
2020-06-05 16:35:24 INFO Inside Adaptation Planner --proactive
2020-06-05 16:35:24 INFO Adaptation reactive executor
2020-06-05 16:35:24 INFO adaptation count 76 1960
2020-06-05 16:35:32 INFO Inside Adaptation Planner --proactive
2020-06-05 16:35:32 INFO Adaptation reactive executor
2020-06-05 16:35:32 INFO adaptation count 77 1970
2020-06-05 16:35:37 INFO Inside Adaptation Planner --proactive
2020-06-05 16:35:37 INFO Adaptation reactive executor
2020-06-05 16:35:37 INFO adaptation count 78 1980
2020-06-05 16:35:42 INFO Inside Adaptation Planner --proactive
2020-06-05 16:35:42 INFO Adaptation reactive executor
2020-06-05 16:35:42 INFO adaptation count 78 1990
2020-06-05 16:35:49 INFO Inside Adaptation Planner --proactive
2020-06-05 16:35:49 INFO Adaptation reactive executor
2020-06-05 16:35:49 INFO adaptation count 78 2000
2020-06-05 16:35:57 INFO Inside Adaptation Planner --proactive
2020-06-05 16:35:57 INFO Adaptation reactive executor
2020-06-05 16:35:57 INFO adaptation count 79 2010
2020-06-05 16:36:02 INFO Inside Adaptation Planner --proactive
2020-06-05 16:36:02 INFO Adaptation reactive executor
2020-06-05 16:36:02 INFO adaptation count 80 2020
2020-06-05 16:36:07 INFO Inside Adaptation Planner --proactive
2020-06-05 16:36:07 INFO Adaptation reactive executor
2020-06-05 16:36:07 INFO adaptation count 80 2030
2020-06-05 16:36:14 INFO Inside Adaptation Planner --proactive
2020-06-05 16:36:14 INFO Adaptation reactive executor
2020-06-05 16:36:14 INFO adaptation count 80 2040
2020-06-05 16:36:21 INFO Inside Adaptation Planner --proactive
2020-06-05 16:36:21 INFO Adaptation reactive executor
2020-06-05 16:36:21 INFO adaptation count 81 2050
2020-06-05 16:36:27 INFO Inside Adaptation Planner --proactive
2020-06-05 16:36:27 INFO Adaptation reactive executor
2020-06-05 16:36:27 INFO adaptation count 81 2060
2020-06-05 16:36:35 INFO Inside Adaptation Planner --proactive
2020-06-05 16:36:35 INFO Adaptation reactive executor
2020-06-05 16:36:35 INFO adaptation count 82 2070
2020-06-05 16:36:40 INFO Inside Adaptation Planner --proactive
2020-06-05 16:36:40 INFO Adaptation reactive executor
2020-06-05 16:36:40 INFO adaptation count 82 2080
2020-06-05 16:36:47 INFO Inside Adaptation Planner --proactive
2020-06-05 16:36:47 INFO Adaptation reactive executor
2020-06-05 16:36:47 INFO adaptation count 83 2090
2020-06-05 16:36:52 INFO Inside Adaptation Planner --proactive
2020-06-05 16:36:52 INFO Adaptation reactive executor
2020-06-05 16:36:52 INFO adaptation count 83 2100
2020-06-05 16:36:59 INFO Inside Adaptation Planner --proactive
2020-06-05 16:36:59 INFO Adaptation reactive executor
2020-06-05 16:36:59 INFO adaptation count 84 2110
2020-06-05 16:37:04 INFO Inside Adaptation Planner --proactive
2020-06-05 16:37:04 INFO Adaptation reactive executor
2020-06-05 16:37:04 INFO adaptation count 84 2120
2020-06-05 16:37:11 INFO Inside Adaptation Planner --proactive
2020-06-05 16:37:11 INFO Adaptation reactive executor
2020-06-05 16:37:11 INFO adaptation count 85 2130
2020-06-05 16:37:16 INFO Inside Adaptation Planner --proactive
2020-06-05 16:37:16 INFO Adaptation reactive executor
2020-06-05 16:37:16 INFO adaptation count 85 2140
2020-06-05 16:37:23 INFO Inside Adaptation Planner --proactive
2020-06-05 16:37:23 INFO Adaptation reactive executor
2020-06-05 16:37:23 INFO adaptation count 86 2150
2020-06-05 16:37:29 INFO Inside Adaptation Planner --proactive
2020-06-05 16:37:29 INFO Adaptation reactive executor
2020-06-05 16:37:29 INFO adaptation count 86 2160
2020-06-05 16:37:36 INFO Inside Adaptation Planner --proactive
2020-06-05 16:37:36 INFO Adaptation reactive executor
2020-06-05 16:37:36 INFO adaptation count 87 2170
2020-06-05 16:37:40 INFO Inside Adaptation Planner --proactive
2020-06-05 16:37:40 INFO Adaptation reactive executor
2020-06-05 16:37:40 INFO adaptation count 87 2180
2020-06-05 16:37:46 INFO Inside Adaptation Planner --proactive
2020-06-05 16:37:46 INFO Adaptation reactive executor
2020-06-05 16:37:46 INFO adaptation count 87 2190
2020-06-05 16:37:53 INFO Inside Adaptation Planner --proactive
2020-06-05 16:37:53 INFO Adaptation reactive executor
2020-06-05 16:37:53 INFO adaptation count 87 2200
2020-06-05 16:38:01 INFO Inside Adaptation Planner --proactive
2020-06-05 16:38:01 INFO Adaptation reactive executor
2020-06-05 16:38:01 INFO adaptation count 88 2220
2020-06-05 16:38:06 INFO Inside Adaptation Planner --proactive
2020-06-05 16:38:06 INFO Adaptation reactive executor
2020-06-05 16:38:06 INFO adaptation count 88 2230
2020-06-05 16:38:12 INFO Inside Adaptation Planner --proactive
2020-06-05 16:38:12 INFO Adaptation reactive executor
2020-06-05 16:38:12 INFO adaptation count 89 2250
2020-06-05 16:38:18 INFO Inside Adaptation Planner --proactive
2020-06-05 16:38:18 INFO Adaptation reactive executor
2020-06-05 16:38:18 INFO adaptation count 89 2260
2020-06-05 16:38:25 INFO Inside Adaptation Planner --proactive
2020-06-05 16:38:25 INFO Adaptation reactive executor
2020-06-05 16:38:25 INFO adaptation count 89 2270
2020-06-05 16:38:31 INFO Inside Adaptation Planner --proactive
2020-06-05 16:38:31 INFO Adaptation reactive executor
2020-06-05 16:38:31 INFO adaptation count 90 2280
2020-06-05 16:38:37 INFO Inside Adaptation Planner --proactive
2020-06-05 16:38:37 INFO Adaptation reactive executor
2020-06-05 16:38:37 INFO adaptation count 90 2290
2020-06-05 16:38:44 INFO Inside Adaptation Planner --proactive
2020-06-05 16:38:44 INFO Adaptation reactive executor
2020-06-05 16:38:44 INFO adaptation count 91 2300
2020-06-05 16:38:50 INFO Inside Adaptation Planner --proactive
2020-06-05 16:38:50 INFO Adaptation reactive executor
2020-06-05 16:38:50 INFO adaptation count 91 2310
2020-06-05 16:38:57 INFO Inside Adaptation Planner --proactive
2020-06-05 16:38:57 INFO Adaptation reactive executor
2020-06-05 16:38:57 INFO adaptation count 92 2320
2020-06-05 16:39:03 INFO Inside Adaptation Planner --proactive
2020-06-05 16:39:03 INFO Adaptation reactive executor
2020-06-05 16:39:03 INFO adaptation count 92 2330
2020-06-05 16:39:10 INFO Inside Adaptation Planner --proactive
2020-06-05 16:39:10 INFO Adaptation reactive executor
2020-06-05 16:39:10 INFO adaptation count 92 2340
2020-06-05 16:39:17 INFO Inside Adaptation Planner --proactive
2020-06-05 16:39:17 INFO Adaptation reactive executor
2020-06-05 16:39:17 INFO adaptation count 93 2360
2020-06-05 16:39:22 INFO Inside Adaptation Planner --proactive
2020-06-05 16:39:22 INFO Adaptation reactive executor
2020-06-05 16:39:22 INFO adaptation count 93 2370
2020-06-05 16:39:28 INFO Inside Adaptation Planner --proactive
2020-06-05 16:39:28 INFO Adaptation reactive executor
2020-06-05 16:39:28 INFO adaptation count 94 2380
2020-06-05 16:39:34 INFO Inside Adaptation Planner --proactive
2020-06-05 16:39:34 INFO Adaptation reactive executor
2020-06-05 16:39:34 INFO adaptation count 94 2390
2020-06-05 16:39:40 INFO Inside Adaptation Planner --proactive
2020-06-05 16:39:40 INFO Adaptation reactive executor
2020-06-05 16:39:40 INFO adaptation count 94 2400
2020-06-05 16:39:47 INFO Inside Adaptation Planner --proactive
2020-06-05 16:39:47 INFO Adaptation reactive executor
2020-06-05 16:39:47 INFO adaptation count 94 2410
2020-06-05 16:39:54 INFO Inside Adaptation Planner --proactive
2020-06-05 16:39:54 INFO Adaptation reactive executor
2020-06-05 16:39:54 INFO adaptation count 95 2430
2020-06-05 16:39:58 INFO Inside Adaptation Planner --proactive
2020-06-05 16:39:58 INFO Adaptation reactive executor
2020-06-05 16:39:58 INFO adaptation count 95 2440
2020-06-05 16:40:06 INFO Inside Adaptation Planner --proactive
2020-06-05 16:40:06 INFO Adaptation reactive executor
2020-06-05 16:40:06 INFO adaptation count 95 2450
2020-06-05 16:40:13 INFO Inside Adaptation Planner --proactive
2020-06-05 16:40:13 INFO Adaptation reactive executor
2020-06-05 16:40:13 INFO adaptation count 96 2460
2020-06-05 16:40:19 INFO Inside Adaptation Planner --proactive
2020-06-05 16:40:19 INFO Adaptation reactive executor
2020-06-05 16:40:19 INFO adaptation count 97 2470
2020-06-05 16:40:24 INFO Inside Adaptation Planner --proactive
2020-06-05 16:40:24 INFO Adaptation reactive executor
2020-06-05 16:40:24 INFO adaptation count 98 2480
2020-06-05 16:40:30 INFO Inside Adaptation Planner --proactive
2020-06-05 16:40:30 INFO Adaptation reactive executor
2020-06-05 16:40:30 INFO adaptation count 98 2490
2020-06-05 16:40:37 INFO Inside Adaptation Planner --proactive
2020-06-05 16:40:37 INFO Adaptation reactive executor
2020-06-05 16:40:37 INFO adaptation count 98 2500
2020-06-05 16:40:44 INFO Inside Adaptation Planner --proactive
2020-06-05 16:40:44 INFO Adaptation reactive executor
2020-06-05 16:40:44 INFO adaptation count 99 2510
2020-06-05 16:40:49 INFO Inside Adaptation Planner --proactive
2020-06-05 16:40:49 INFO Adaptation reactive executor
2020-06-05 16:40:49 INFO adaptation count 100 2520
2020-06-05 16:40:55 INFO Inside Adaptation Planner --proactive
2020-06-05 16:40:55 INFO Adaptation reactive executor
2020-06-05 16:40:55 INFO adaptation count 100 2530
2020-06-05 16:41:02 INFO Inside Adaptation Planner --proactive
2020-06-05 16:41:02 INFO Adaptation reactive executor
2020-06-05 16:41:02 INFO adaptation count 100 2540
2020-06-05 16:41:08 INFO Inside Adaptation Planner --proactive
2020-06-05 16:41:08 INFO Adaptation reactive executor
2020-06-05 16:41:08 INFO adaptation count 100 2550
2020-06-05 16:41:15 INFO Inside Adaptation Planner --proactive
2020-06-05 16:41:15 INFO Adaptation reactive executor
2020-06-05 16:41:15 INFO adaptation count 101 2560
2020-06-05 16:41:21 INFO Inside Adaptation Planner --proactive
2020-06-05 16:41:21 INFO Adaptation reactive executor
2020-06-05 16:41:21 INFO adaptation count 101 2570
2020-06-05 16:41:29 INFO Inside Adaptation Planner --proactive
2020-06-05 16:41:29 INFO Adaptation reactive executor
2020-06-05 16:41:29 INFO adaptation count 102 2580
2020-06-05 16:41:34 INFO Inside Adaptation Planner --proactive
2020-06-05 16:41:34 INFO Adaptation reactive executor
2020-06-05 16:41:34 INFO adaptation count 102 2590
2020-06-05 16:41:41 INFO Inside Adaptation Planner --proactive
2020-06-05 16:41:41 INFO Adaptation reactive executor
2020-06-05 16:41:41 INFO adaptation count 102 2600
2020-06-05 16:41:48 INFO Inside Adaptation Planner --proactive
2020-06-05 16:41:48 INFO Adaptation reactive executor
2020-06-05 16:41:48 INFO adaptation count 103 2610
2020-06-05 16:41:54 INFO Inside Adaptation Planner --proactive
2020-06-05 16:41:54 INFO Adaptation reactive executor
2020-06-05 16:41:54 INFO adaptation count 103 2620
2020-06-05 16:42:02 INFO Inside Adaptation Planner --proactive
2020-06-05 16:42:02 INFO Adaptation reactive executor
2020-06-05 16:42:02 INFO adaptation count 104 2630
2020-06-05 16:42:07 INFO Inside Adaptation Planner --proactive
2020-06-05 16:42:07 INFO Adaptation reactive executor
2020-06-05 16:42:07 INFO adaptation count 104 2640
2020-06-05 16:42:15 INFO Inside Adaptation Planner --proactive
2020-06-05 16:42:15 INFO Adaptation reactive executor
2020-06-05 16:42:15 INFO adaptation count 105 2650
2020-06-05 16:42:21 INFO Inside Adaptation Planner --proactive
2020-06-05 16:42:21 INFO Adaptation reactive executor
2020-06-05 16:42:21 INFO adaptation count 105 2660
2020-06-05 16:42:27 INFO Inside Adaptation Planner --proactive
2020-06-05 16:42:27 INFO Adaptation reactive executor
2020-06-05 16:42:27 INFO adaptation count 105 2670
2020-06-05 16:42:34 INFO Inside Adaptation Planner --proactive
2020-06-05 16:42:34 INFO Adaptation reactive executor
2020-06-05 16:42:34 INFO adaptation count 106 2680
2020-06-05 16:42:39 INFO Inside Adaptation Planner --proactive
2020-06-05 16:42:39 INFO Adaptation reactive executor
2020-06-05 16:42:39 INFO adaptation count 106 2690
2020-06-05 16:42:47 INFO Inside Adaptation Planner --proactive
2020-06-05 16:42:47 INFO Adaptation reactive executor
2020-06-05 16:42:47 INFO adaptation count 107 2700
2020-06-05 16:42:52 INFO Inside Adaptation Planner --proactive
2020-06-05 16:42:52 INFO Adaptation reactive executor
2020-06-05 16:42:52 INFO adaptation count 107 2710
2020-06-05 16:43:00 INFO Inside Adaptation Planner --proactive
2020-06-05 16:43:00 INFO Adaptation reactive executor
2020-06-05 16:43:00 INFO adaptation count 108 2720
2020-06-05 16:43:05 INFO Inside Adaptation Planner --proactive
2020-06-05 16:43:05 INFO Adaptation reactive executor
2020-06-05 16:43:05 INFO adaptation count 108 2730
2020-06-05 16:43:11 INFO Inside Adaptation Planner --proactive
2020-06-05 16:43:11 INFO Adaptation reactive executor
2020-06-05 16:43:11 INFO adaptation count 109 2740
2020-06-05 16:43:16 INFO Inside Adaptation Planner --proactive
2020-06-05 16:43:16 INFO Adaptation reactive executor
2020-06-05 16:43:16 INFO adaptation count 109 2750
2020-06-05 16:43:23 INFO Inside Adaptation Planner --proactive
2020-06-05 16:43:23 INFO Adaptation reactive executor
2020-06-05 16:43:23 INFO adaptation count 109 2760
2020-06-05 16:43:31 INFO Inside Adaptation Planner --proactive
2020-06-05 16:43:31 INFO Adaptation reactive executor
2020-06-05 16:43:31 INFO adaptation count 110 2770
2020-06-05 16:43:37 INFO Inside Adaptation Planner --proactive
2020-06-05 16:43:37 INFO Adaptation reactive executor
2020-06-05 16:43:37 INFO adaptation count 111 2780
2020-06-05 16:43:42 INFO Inside Adaptation Planner --proactive
2020-06-05 16:43:42 INFO Adaptation reactive executor
2020-06-05 16:43:42 INFO adaptation count 111 2790
2020-06-05 16:43:49 INFO Inside Adaptation Planner --proactive
2020-06-05 16:43:49 INFO Adaptation reactive executor
2020-06-05 16:43:49 INFO adaptation count 111 2800
2020-06-05 16:43:56 INFO Inside Adaptation Planner --proactive
2020-06-05 16:43:56 INFO Adaptation reactive executor
2020-06-05 16:43:56 INFO adaptation count 112 2810
2020-06-05 16:44:01 INFO Inside Adaptation Planner --proactive
2020-06-05 16:44:01 INFO Adaptation reactive executor
2020-06-05 16:44:01 INFO adaptation count 113 2820
2020-06-05 16:44:06 INFO Inside Adaptation Planner --proactive
2020-06-05 16:44:06 INFO Adaptation reactive executor
2020-06-05 16:44:06 INFO adaptation count 113 2830
2020-06-05 16:44:14 INFO Inside Adaptation Planner --proactive
2020-06-05 16:44:14 INFO Adaptation reactive executor
2020-06-05 16:44:14 INFO adaptation count 114 2840
2020-06-05 16:44:19 INFO Inside Adaptation Planner --proactive
2020-06-05 16:44:19 INFO Adaptation reactive executor
2020-06-05 16:44:19 INFO adaptation count 114 2850
2020-06-05 16:44:27 INFO Inside Adaptation Planner --proactive
2020-06-05 16:44:27 INFO Adaptation reactive executor
2020-06-05 16:44:27 INFO adaptation count 115 2870
2020-06-05 16:44:32 INFO Inside Adaptation Planner --proactive
2020-06-05 16:44:32 INFO Adaptation reactive executor
2020-06-05 16:44:32 INFO adaptation count 116 2880
2020-06-05 16:44:37 INFO Inside Adaptation Planner --proactive
2020-06-05 16:44:37 INFO Adaptation reactive executor
2020-06-05 16:44:37 INFO adaptation count 116 2890
2020-06-05 16:44:45 INFO Inside Adaptation Planner --proactive
2020-06-05 16:44:45 INFO Adaptation reactive executor
2020-06-05 16:44:45 INFO adaptation count 116 2900
2020-06-05 16:44:51 INFO Inside Adaptation Planner --proactive
2020-06-05 16:44:51 INFO Adaptation reactive executor
2020-06-05 16:44:51 INFO adaptation count 117 2910
2020-06-05 16:44:57 INFO Inside Adaptation Planner --proactive
2020-06-05 16:44:57 INFO Adaptation reactive executor
2020-06-05 16:44:57 INFO adaptation count 118 2920
2020-06-05 16:45:02 INFO Inside Adaptation Planner --proactive
2020-06-05 16:45:02 INFO Adaptation reactive executor
2020-06-05 16:45:02 INFO adaptation count 118 2930
2020-06-05 16:45:09 INFO Inside Adaptation Planner --proactive
2020-06-05 16:45:09 INFO Adaptation reactive executor
2020-06-05 16:45:09 INFO adaptation count 118 2940
2020-06-05 16:45:16 INFO Inside Adaptation Planner --proactive
2020-06-05 16:45:16 INFO Adaptation reactive executor
2020-06-05 16:45:16 INFO adaptation count 118 2950
2020-06-05 16:45:23 INFO Inside Adaptation Planner --proactive
2020-06-05 16:45:23 INFO Adaptation reactive executor
2020-06-05 16:45:23 INFO adaptation count 119 2970
2020-06-05 16:45:28 INFO Inside Adaptation Planner --proactive
2020-06-05 16:45:28 INFO Adaptation reactive executor
2020-06-05 16:45:28 INFO adaptation count 120 2980
2020-06-05 16:45:33 INFO Inside Adaptation Planner --proactive
2020-06-05 16:45:33 INFO Adaptation reactive executor
2020-06-05 16:45:33 INFO adaptation count 120 2990
2020-06-05 16:45:41 INFO Inside Adaptation Planner --proactive
2020-06-05 16:45:41 INFO Adaptation reactive executor
2020-06-05 16:45:41 INFO adaptation count 121 3000
2020-06-05 16:45:46 INFO Inside Adaptation Planner --proactive
2020-06-05 16:45:46 INFO Adaptation reactive executor
2020-06-05 16:45:46 INFO adaptation count 121 3010
2020-06-05 16:45:54 INFO Inside Adaptation Planner --proactive
2020-06-05 16:45:54 INFO Adaptation reactive executor
2020-06-05 16:45:54 INFO adaptation count 122 3030
2020-06-05 16:45:59 INFO Inside Adaptation Planner --proactive
2020-06-05 16:45:59 INFO Adaptation reactive executor
2020-06-05 16:45:59 INFO adaptation count 123 3040
2020-06-05 16:46:04 INFO Inside Adaptation Planner --proactive
2020-06-05 16:46:04 INFO Adaptation reactive executor
2020-06-05 16:46:04 INFO adaptation count 123 3050
2020-06-05 16:46:12 INFO Inside Adaptation Planner --proactive
2020-06-05 16:46:12 INFO Adaptation reactive executor
2020-06-05 16:46:12 INFO adaptation count 123 3060
2020-06-05 16:46:19 INFO Inside Adaptation Planner --proactive
2020-06-05 16:46:19 INFO Adaptation reactive executor
2020-06-05 16:46:19 INFO adaptation count 124 3070
2020-06-05 16:46:24 INFO Inside Adaptation Planner --proactive
2020-06-05 16:46:24 INFO Adaptation reactive executor
2020-06-05 16:46:24 INFO adaptation count 125 3080
2020-06-05 16:46:29 INFO Inside Adaptation Planner --proactive
2020-06-05 16:46:29 INFO Adaptation reactive executor
2020-06-05 16:46:29 INFO adaptation count 125 3090
2020-06-05 16:46:36 INFO Inside Adaptation Planner --proactive
2020-06-05 16:46:36 INFO Adaptation reactive executor
2020-06-05 16:46:36 INFO adaptation count 125 3100
2020-06-05 16:46:43 INFO Inside Adaptation Planner --proactive
2020-06-05 16:46:43 INFO Adaptation reactive executor
2020-06-05 16:46:43 INFO adaptation count 126 3110
2020-06-05 16:46:49 INFO Inside Adaptation Planner --proactive
2020-06-05 16:46:49 INFO Adaptation reactive executor
2020-06-05 16:46:49 INFO adaptation count 127 3120
2020-06-05 16:46:55 INFO Inside Adaptation Planner --proactive
2020-06-05 16:46:55 INFO Adaptation reactive executor
2020-06-05 16:46:55 INFO adaptation count 128 3130
2020-06-05 16:47:00 INFO Inside Adaptation Planner --proactive
2020-06-05 16:47:00 INFO Adaptation reactive executor
2020-06-05 16:47:00 INFO adaptation count 128 3140
2020-06-05 16:47:08 INFO Inside Adaptation Planner --proactive
2020-06-05 16:47:08 INFO Adaptation reactive executor
2020-06-05 16:47:08 INFO adaptation count 128 3150
2020-06-05 16:47:15 INFO Inside Adaptation Planner --proactive
2020-06-05 16:47:15 INFO Adaptation reactive executor
2020-06-05 16:47:15 INFO adaptation count 129 3160
2020-06-05 16:47:20 INFO Inside Adaptation Planner --proactive
2020-06-05 16:47:20 INFO Adaptation reactive executor
2020-06-05 16:47:20 INFO adaptation count 130 3170
2020-06-05 16:47:27 INFO Inside Adaptation Planner --proactive
2020-06-05 16:47:27 INFO Adaptation reactive executor
2020-06-05 16:47:27 INFO adaptation count 130 3180
2020-06-05 16:47:34 INFO Inside Adaptation Planner --proactive
2020-06-05 16:47:34 INFO Adaptation reactive executor
2020-06-05 16:47:34 INFO adaptation count 130 3190
2020-06-05 16:47:40 INFO Inside Adaptation Planner --proactive
2020-06-05 16:47:40 INFO Adaptation reactive executor
2020-06-05 16:47:40 INFO adaptation count 131 3200
2020-06-05 16:47:46 INFO Inside Adaptation Planner --proactive
2020-06-05 16:47:46 INFO Adaptation reactive executor
2020-06-05 16:47:46 INFO adaptation count 131 3210
2020-06-05 16:47:52 INFO Inside Adaptation Planner --proactive
2020-06-05 16:47:52 INFO Adaptation reactive executor
2020-06-05 16:47:52 INFO adaptation count 131 3220
2020-06-05 16:48:00 INFO Inside Adaptation Planner --proactive
2020-06-05 16:48:00 INFO Adaptation reactive executor
2020-06-05 16:48:00 INFO adaptation count 132 3230
2020-06-05 16:48:06 INFO Inside Adaptation Planner --proactive
2020-06-05 16:48:06 INFO Adaptation reactive executor
2020-06-05 16:48:06 INFO adaptation count 133 3240
2020-06-05 16:48:11 INFO Inside Adaptation Planner --proactive
2020-06-05 16:48:11 INFO Adaptation reactive executor
2020-06-05 16:48:11 INFO adaptation count 133 3250
2020-06-05 16:48:19 INFO Inside Adaptation Planner --proactive
2020-06-05 16:48:19 INFO Adaptation reactive executor
2020-06-05 16:48:19 INFO adaptation count 133 3260
2020-06-05 16:48:27 INFO Inside Adaptation Planner --proactive
2020-06-05 16:48:27 INFO Adaptation reactive executor
2020-06-05 16:48:27 INFO adaptation count 134 3280
2020-06-05 16:48:32 INFO Inside Adaptation Planner --proactive
2020-06-05 16:48:32 INFO Adaptation reactive executor
2020-06-05 16:48:32 INFO adaptation count 135 3290
2020-06-05 16:48:38 INFO Inside Adaptation Planner --proactive
2020-06-05 16:48:38 INFO Adaptation reactive executor
2020-06-05 16:48:38 INFO adaptation count 136 3300
2020-06-05 16:48:43 INFO Inside Adaptation Planner --proactive
2020-06-05 16:48:43 INFO Adaptation reactive executor
2020-06-05 16:48:43 INFO adaptation count 136 3310
2020-06-05 16:48:50 INFO Inside Adaptation Planner --proactive
2020-06-05 16:48:50 INFO Adaptation reactive executor
2020-06-05 16:48:50 INFO adaptation count 136 3320
2020-06-05 16:48:57 INFO Inside Adaptation Planner --proactive
2020-06-05 16:48:57 INFO Adaptation reactive executor
2020-06-05 16:48:57 INFO adaptation count 137 3330
2020-06-05 16:49:03 INFO Inside Adaptation Planner --proactive
2020-06-05 16:49:03 INFO Adaptation reactive executor
2020-06-05 16:49:03 INFO adaptation count 137 3340
2020-06-05 16:49:10 INFO Inside Adaptation Planner --proactive
2020-06-05 16:49:10 INFO Adaptation reactive executor
2020-06-05 16:49:10 INFO adaptation count 138 3360
2020-06-05 16:49:15 INFO Inside Adaptation Planner --proactive
2020-06-05 16:49:15 INFO Adaptation reactive executor
2020-06-05 16:49:15 INFO adaptation count 138 3370
2020-06-05 16:49:23 INFO Inside Adaptation Planner --proactive
2020-06-05 16:49:23 INFO Adaptation reactive executor
2020-06-05 16:49:23 INFO adaptation count 139 3390
2020-06-05 16:49:28 INFO Inside Adaptation Planner --proactive
2020-06-05 16:49:28 INFO Adaptation reactive executor
2020-06-05 16:49:28 INFO adaptation count 139 3400
2020-06-05 16:49:34 INFO Inside Adaptation Planner --proactive
2020-06-05 16:49:34 INFO Adaptation reactive executor
2020-06-05 16:49:34 INFO adaptation count 139 3410
2020-06-05 16:49:41 INFO Inside Adaptation Planner --proactive
2020-06-05 16:49:41 INFO Adaptation reactive executor
2020-06-05 16:49:41 INFO adaptation count 139 3420
2020-06-05 16:49:48 INFO Inside Adaptation Planner --proactive
2020-06-05 16:49:48 INFO Adaptation reactive executor
2020-06-05 16:49:48 INFO adaptation count 140 3430
2020-06-05 16:49:53 INFO Inside Adaptation Planner --proactive
2020-06-05 16:49:53 INFO Adaptation reactive executor
2020-06-05 16:49:53 INFO adaptation count 140 3440
2020-06-05 16:50:00 INFO Inside Adaptation Planner --proactive
2020-06-05 16:50:00 INFO Adaptation reactive executor
2020-06-05 16:50:00 INFO adaptation count 141 3450
2020-06-05 16:50:06 INFO Inside Adaptation Planner --proactive
2020-06-05 16:50:06 INFO Adaptation reactive executor
2020-06-05 16:50:06 INFO adaptation count 141 3460
2020-06-05 16:50:13 INFO Inside Adaptation Planner --proactive
2020-06-05 16:50:13 INFO Adaptation reactive executor
2020-06-05 16:50:13 INFO adaptation count 142 3470
2020-06-05 16:50:18 INFO Inside Adaptation Planner --proactive
2020-06-05 16:50:18 INFO Adaptation reactive executor
2020-06-05 16:50:18 INFO adaptation count 142 3480
2020-06-05 16:50:25 INFO Inside Adaptation Planner --proactive
2020-06-05 16:50:25 INFO Adaptation reactive executor
2020-06-05 16:50:25 INFO adaptation count 143 3490
2020-06-05 16:50:30 INFO Inside Adaptation Planner --proactive
2020-06-05 16:50:30 INFO Adaptation reactive executor
2020-06-05 16:50:30 INFO adaptation count 143 3500
2020-06-05 16:50:38 INFO Inside Adaptation Planner --proactive
2020-06-05 16:50:38 INFO Adaptation reactive executor
2020-06-05 16:50:38 INFO adaptation count 144 3510
2020-06-05 16:50:43 INFO Inside Adaptation Planner --proactive
2020-06-05 16:50:43 INFO Adaptation reactive executor
2020-06-05 16:50:43 INFO adaptation count 145 3520
2020-06-05 16:50:49 INFO Inside Adaptation Planner --proactive
2020-06-05 16:50:49 INFO Adaptation reactive executor
2020-06-05 16:50:49 INFO adaptation count 146 3530
2020-06-05 16:50:54 INFO Inside Adaptation Planner --proactive
2020-06-05 16:50:54 INFO Adaptation reactive executor
2020-06-05 16:50:54 INFO adaptation count 146 3540
2020-06-05 16:51:01 INFO Inside Adaptation Planner --proactive
2020-06-05 16:51:01 INFO Adaptation reactive executor
2020-06-05 16:51:01 INFO adaptation count 146 3550
2020-06-05 16:51:09 INFO Inside Adaptation Planner --proactive
2020-06-05 16:51:09 INFO Adaptation reactive executor
2020-06-05 16:51:09 INFO adaptation count 147 3570
2020-06-05 16:51:14 INFO Inside Adaptation Planner --proactive
2020-06-05 16:51:14 INFO Adaptation reactive executor
2020-06-05 16:51:14 INFO adaptation count 147 3580
2020-06-05 16:51:20 INFO Inside Adaptation Planner --proactive
2020-06-05 16:51:20 INFO Adaptation reactive executor
2020-06-05 16:51:20 INFO adaptation count 148 3590
2020-06-05 16:51:26 INFO Inside Adaptation Planner --proactive
2020-06-05 16:51:26 INFO Adaptation reactive executor
2020-06-05 16:51:26 INFO adaptation count 148 3600
2020-06-05 16:51:33 INFO Inside Adaptation Planner --proactive
2020-06-05 16:51:33 INFO Adaptation reactive executor
2020-06-05 16:51:33 INFO adaptation count 148 3610
2020-06-05 16:51:40 INFO Inside Adaptation Planner --proactive
2020-06-05 16:51:40 INFO Adaptation reactive executor
2020-06-05 16:51:40 INFO adaptation count 149 3620
2020-06-05 16:51:47 INFO Inside Adaptation Planner --proactive
2020-06-05 16:51:47 INFO Adaptation reactive executor
2020-06-05 16:51:47 INFO adaptation count 150 3640
2020-06-05 16:51:51 INFO Inside Adaptation Planner --proactive
2020-06-05 16:51:51 INFO Adaptation reactive executor
2020-06-05 16:51:51 INFO adaptation count 150 3650
2020-06-05 16:51:58 INFO Inside Adaptation Planner --proactive
2020-06-05 16:51:58 INFO Adaptation reactive executor
2020-06-05 16:51:58 INFO adaptation count 151 3660
2020-06-05 16:52:03 INFO Inside Adaptation Planner --proactive
2020-06-05 16:52:03 INFO Adaptation reactive executor
2020-06-05 16:52:03 INFO adaptation count 151 3670
2020-06-05 16:52:10 INFO Inside Adaptation Planner --proactive
2020-06-05 16:52:10 INFO Adaptation reactive executor
2020-06-05 16:52:10 INFO adaptation count 151 3680
2020-06-05 16:52:18 INFO Inside Adaptation Planner --proactive
2020-06-05 16:52:18 INFO Adaptation reactive executor
2020-06-05 16:52:18 INFO adaptation count 152 3690
2020-06-05 16:52:23 INFO Inside Adaptation Planner --proactive
2020-06-05 16:52:23 INFO Adaptation reactive executor
2020-06-05 16:52:23 INFO adaptation count 153 3700
2020-06-05 16:52:29 INFO Inside Adaptation Planner --proactive
2020-06-05 16:52:29 INFO Adaptation reactive executor
2020-06-05 16:52:29 INFO adaptation count 154 3710
2020-06-05 16:52:35 INFO Inside Adaptation Planner --proactive
2020-06-05 16:52:35 INFO Adaptation reactive executor
2020-06-05 16:52:35 INFO adaptation count 154 3720
2020-06-05 16:52:42 INFO Inside Adaptation Planner --proactive
2020-06-05 16:52:42 INFO Adaptation reactive executor
2020-06-05 16:52:42 INFO adaptation count 154 3730
2020-06-05 16:52:49 INFO Inside Adaptation Planner --proactive
2020-06-05 16:52:49 INFO Adaptation reactive executor
2020-06-05 16:52:49 INFO adaptation count 155 3740
2020-06-05 16:52:54 INFO Inside Adaptation Planner --proactive
2020-06-05 16:52:54 INFO Adaptation reactive executor
2020-06-05 16:52:54 INFO adaptation count 156 3750
2020-06-05 16:52:59 INFO Inside Adaptation Planner --proactive
2020-06-05 16:52:59 INFO Adaptation reactive executor
2020-06-05 16:52:59 INFO adaptation count 156 3760
2020-06-05 16:53:06 INFO Inside Adaptation Planner --proactive
2020-06-05 16:53:06 INFO Adaptation reactive executor
2020-06-05 16:53:06 INFO adaptation count 156 3770
2020-06-05 16:53:13 INFO Inside Adaptation Planner --proactive
2020-06-05 16:53:13 INFO Adaptation reactive executor
2020-06-05 16:53:13 INFO adaptation count 157 3780
2020-06-05 16:53:19 INFO Inside Adaptation Planner --proactive
2020-06-05 16:53:19 INFO Adaptation reactive executor
2020-06-05 16:53:19 INFO adaptation count 158 3790
2020-06-05 16:53:25 INFO Inside Adaptation Planner --proactive
2020-06-05 16:53:25 INFO Adaptation reactive executor
2020-06-05 16:53:25 INFO adaptation count 159 3800
2020-06-05 16:53:30 INFO Inside Adaptation Planner --proactive
2020-06-05 16:53:30 INFO Adaptation reactive executor
2020-06-05 16:53:30 INFO adaptation count 159 3810
2020-06-05 16:53:37 INFO Inside Adaptation Planner --proactive
2020-06-05 16:53:37 INFO Adaptation reactive executor
2020-06-05 16:53:37 INFO adaptation count 159 3820
2020-06-05 16:53:44 INFO Inside Adaptation Planner --proactive
2020-06-05 16:53:44 INFO Adaptation reactive executor
2020-06-05 16:53:44 INFO adaptation count 160 3830
2020-06-05 16:53:50 INFO Inside Adaptation Planner --proactive
2020-06-05 16:53:50 INFO Adaptation reactive executor
2020-06-05 16:53:50 INFO adaptation count 160 3840
2020-06-05 16:53:57 INFO Inside Adaptation Planner --proactive
2020-06-05 16:53:57 INFO Adaptation reactive executor
2020-06-05 16:53:57 INFO adaptation count 161 3860
2020-06-05 16:54:02 INFO Inside Adaptation Planner --proactive
2020-06-05 16:54:02 INFO Adaptation reactive executor
2020-06-05 16:54:02 INFO adaptation count 161 3870
2020-06-05 16:54:08 INFO Inside Adaptation Planner --proactive
2020-06-05 16:54:08 INFO Adaptation reactive executor
2020-06-05 16:54:08 INFO adaptation count 161 3880
2020-06-05 16:54:15 INFO Inside Adaptation Planner --proactive
2020-06-05 16:54:15 INFO Adaptation reactive executor
2020-06-05 16:54:15 INFO adaptation count 161 3890
2020-06-05 16:54:23 INFO Inside Adaptation Planner --proactive
2020-06-05 16:54:23 INFO Adaptation reactive executor
2020-06-05 16:54:23 INFO adaptation count 162 3910
2020-06-05 16:54:28 INFO Inside Adaptation Planner --proactive
2020-06-05 16:54:28 INFO Adaptation reactive executor
2020-06-05 16:54:28 INFO adaptation count 163 3920
2020-06-05 16:54:34 INFO Inside Adaptation Planner --proactive
2020-06-05 16:54:34 INFO Adaptation reactive executor
2020-06-05 16:54:34 INFO adaptation count 164 3930
2020-06-05 16:54:40 INFO Inside Adaptation Planner --proactive
2020-06-05 16:54:40 INFO Adaptation reactive executor
2020-06-05 16:54:40 INFO adaptation count 164 3940
2020-06-05 16:54:49 INFO Inside Adaptation Planner --proactive
2020-06-05 16:54:49 INFO Adaptation reactive executor
2020-06-05 16:54:49 INFO adaptation count 165 3950
2020-06-05 16:54:54 INFO Inside Adaptation Planner --proactive
2020-06-05 16:54:54 INFO Adaptation reactive executor
2020-06-05 16:54:54 INFO adaptation count 166 3960
2020-06-05 16:55:00 INFO Inside Adaptation Planner --proactive
2020-06-05 16:55:00 INFO Adaptation reactive executor
2020-06-05 16:55:00 INFO adaptation count 166 3970
2020-06-05 16:55:07 INFO Inside Adaptation Planner --proactive
2020-06-05 16:55:07 INFO Adaptation reactive executor
2020-06-05 16:55:07 INFO adaptation count 166 3980
2020-06-05 16:55:15 INFO Inside Adaptation Planner --proactive
2020-06-05 16:55:15 INFO Adaptation reactive executor
2020-06-05 16:55:15 INFO adaptation count 167 3990
2020-06-05 16:55:22 INFO Inside Adaptation Planner --proactive
2020-06-05 16:55:22 INFO Adaptation reactive executor
2020-06-05 16:55:22 INFO adaptation count 168 4000
2020-06-05 16:55:28 INFO Inside Adaptation Planner --proactive
2020-06-05 16:55:28 INFO Adaptation reactive executor
2020-06-05 16:55:28 INFO adaptation count 169 4010
2020-06-05 16:55:34 INFO Inside Adaptation Planner --proactive
2020-06-05 16:55:34 INFO Adaptation reactive executor
2020-06-05 16:55:34 INFO adaptation count 169 4020
2020-06-05 16:55:40 INFO Inside Adaptation Planner --proactive
2020-06-05 16:55:40 INFO Adaptation reactive executor
2020-06-05 16:55:40 INFO adaptation count 169 4030
2020-06-05 16:55:47 INFO Inside Adaptation Planner --proactive
2020-06-05 16:55:47 INFO Adaptation reactive executor
2020-06-05 16:55:47 INFO adaptation count 169 4040
2020-06-05 16:55:54 INFO Inside Adaptation Planner --proactive
2020-06-05 16:55:54 INFO Adaptation reactive executor
2020-06-05 16:55:54 INFO adaptation count 170 4050
2020-06-05 16:56:00 INFO Inside Adaptation Planner --proactive
2020-06-05 16:56:00 INFO Adaptation reactive executor
2020-06-05 16:56:00 INFO adaptation count 170 4060
2020-06-05 16:56:06 INFO Inside Adaptation Planner --proactive
2020-06-05 16:56:06 INFO Adaptation reactive executor
2020-06-05 16:56:06 INFO adaptation count 171 4070
2020-06-05 16:56:12 INFO Inside Adaptation Planner --proactive
2020-06-05 16:56:12 INFO Adaptation reactive executor
2020-06-05 16:56:12 INFO adaptation count 171 4080
2020-06-05 16:56:19 INFO Inside Adaptation Planner --proactive
2020-06-05 16:56:19 INFO Adaptation reactive executor
2020-06-05 16:56:19 INFO adaptation count 172 4090
2020-06-05 16:56:25 INFO Inside Adaptation Planner --proactive
2020-06-05 16:56:25 INFO Adaptation reactive executor
2020-06-05 16:56:25 INFO adaptation count 172 4100
2020-06-05 16:56:31 INFO Inside Adaptation Planner --proactive
2020-06-05 16:56:31 INFO Adaptation reactive executor
2020-06-05 16:56:31 INFO adaptation count 172 4110
2020-06-05 16:56:39 INFO Inside Adaptation Planner --proactive
2020-06-05 16:56:39 INFO Adaptation reactive executor
2020-06-05 16:56:39 INFO adaptation count 173 4120
2020-06-05 16:56:45 INFO Inside Adaptation Planner --proactive
2020-06-05 16:56:45 INFO Adaptation reactive executor
2020-06-05 16:56:45 INFO adaptation count 173 4130
2020-06-05 16:56:52 INFO Inside Adaptation Planner --proactive
2020-06-05 16:56:52 INFO Adaptation reactive executor
2020-06-05 16:56:52 INFO adaptation count 174 4150
2020-06-05 16:56:57 INFO Inside Adaptation Planner --proactive
2020-06-05 16:56:57 INFO Adaptation reactive executor
2020-06-05 16:56:57 INFO adaptation count 174 4160
2020-06-05 16:57:04 INFO Inside Adaptation Planner --proactive
2020-06-05 16:57:04 INFO Adaptation reactive executor
2020-06-05 16:57:04 INFO adaptation count 174 4170
2020-06-05 16:57:12 INFO Inside Adaptation Planner --proactive
2020-06-05 16:57:12 INFO Adaptation reactive executor
2020-06-05 16:57:12 INFO adaptation count 175 4180
2020-06-05 16:57:17 INFO Inside Adaptation Planner --proactive
2020-06-05 16:57:17 INFO Adaptation reactive executor
2020-06-05 16:57:17 INFO adaptation count 175 4190
2020-06-05 16:57:25 INFO Inside Adaptation Planner --proactive
2020-06-05 16:57:25 INFO Adaptation reactive executor
2020-06-05 16:57:25 INFO adaptation count 176 4210
2020-06-05 16:57:30 INFO Inside Adaptation Planner --proactive
2020-06-05 16:57:30 INFO Adaptation reactive executor
2020-06-05 16:57:30 INFO adaptation count 176 4220
2020-06-05 16:57:37 INFO Inside Adaptation Planner --proactive
2020-06-05 16:57:37 INFO Adaptation reactive executor
2020-06-05 16:57:37 INFO adaptation count 176 4230
2020-06-05 16:57:44 INFO Inside Adaptation Planner --proactive
2020-06-05 16:57:44 INFO Adaptation reactive executor
2020-06-05 16:57:44 INFO adaptation count 176 4240
2020-06-05 16:57:52 INFO Inside Adaptation Planner --proactive
2020-06-05 16:57:52 INFO Adaptation reactive executor
2020-06-05 16:57:52 INFO adaptation count 177 4260
2020-06-05 16:57:58 INFO Inside Adaptation Planner --proactive
2020-06-05 16:57:58 INFO Adaptation reactive executor
2020-06-05 16:57:58 INFO adaptation count 178 4270
2020-06-05 16:58:03 INFO Inside Adaptation Planner --proactive
2020-06-05 16:58:03 INFO Adaptation reactive executor
2020-06-05 16:58:03 INFO adaptation count 178 4280
2020-06-05 16:58:09 INFO Inside Adaptation Planner --proactive
2020-06-05 16:58:09 INFO Adaptation reactive executor
2020-06-05 16:58:09 INFO adaptation count 178 4290
2020-06-05 16:58:16 INFO Inside Adaptation Planner --proactive
2020-06-05 16:58:16 INFO Adaptation reactive executor
2020-06-05 16:58:16 INFO adaptation count 178 4300
2020-06-05 16:58:22 INFO Inside Adaptation Planner --proactive
2020-06-05 16:58:22 INFO Adaptation reactive executor
2020-06-05 16:58:22 INFO adaptation count 179 4310
2020-06-05 16:58:27 INFO Inside Adaptation Planner --proactive
2020-06-05 16:58:27 INFO Adaptation reactive executor
2020-06-05 16:58:27 INFO adaptation count 179 4320
2020-06-05 16:58:34 INFO Inside Adaptation Planner --proactive
2020-06-05 16:58:34 INFO Adaptation reactive executor
2020-06-05 16:58:34 INFO adaptation count 179 4330
2020-06-05 16:58:42 INFO Inside Adaptation Planner --proactive
2020-06-05 16:58:42 INFO Adaptation reactive executor
2020-06-05 16:58:42 INFO adaptation count 180 4350
2020-06-05 16:58:47 INFO Inside Adaptation Planner --proactive
2020-06-05 16:58:47 INFO Adaptation reactive executor
2020-06-05 16:58:47 INFO adaptation count 181 4360
2020-06-05 16:58:53 INFO Inside Adaptation Planner --proactive
2020-06-05 16:58:53 INFO Adaptation reactive executor
2020-06-05 16:58:53 INFO adaptation count 182 4370
2020-06-05 16:58:58 INFO Inside Adaptation Planner --proactive
2020-06-05 16:58:58 INFO Adaptation reactive executor
2020-06-05 16:58:58 INFO adaptation count 182 4380
2020-06-05 16:59:05 INFO Inside Adaptation Planner --proactive
2020-06-05 16:59:05 INFO Adaptation reactive executor
2020-06-05 16:59:05 INFO adaptation count 182 4390
2020-06-05 16:59:14 INFO Inside Adaptation Planner --proactive
2020-06-05 16:59:14 INFO Adaptation reactive executor
2020-06-05 16:59:14 INFO adaptation count 183 4410
2020-06-05 16:59:18 INFO Inside Adaptation Planner --proactive
2020-06-05 16:59:18 INFO Adaptation reactive executor
2020-06-05 16:59:18 INFO adaptation count 184 4420
2020-06-05 16:59:23 INFO Inside Adaptation Planner --proactive
2020-06-05 16:59:23 INFO Adaptation reactive executor
2020-06-05 16:59:23 INFO adaptation count 185 4430
2020-06-05 16:59:29 INFO Inside Adaptation Planner --proactive
2020-06-05 16:59:29 INFO Adaptation reactive executor
2020-06-05 16:59:29 INFO adaptation count 185 4440
2020-06-05 16:59:35 INFO Inside Adaptation Planner --proactive
2020-06-05 16:59:35 INFO Adaptation reactive executor
2020-06-05 16:59:35 INFO adaptation count 185 4450
2020-06-05 16:59:42 INFO Inside Adaptation Planner --proactive
2020-06-05 16:59:42 INFO Adaptation reactive executor
2020-06-05 16:59:42 INFO adaptation count 186 4460
2020-06-05 16:59:48 INFO Inside Adaptation Planner --proactive
2020-06-05 16:59:48 INFO Adaptation reactive executor
2020-06-05 16:59:48 INFO adaptation count 187 4470
2020-06-05 16:59:53 INFO Inside Adaptation Planner --proactive
2020-06-05 16:59:53 INFO Adaptation reactive executor
2020-06-05 16:59:53 INFO adaptation count 188 4480
2020-06-05 16:59:59 INFO Inside Adaptation Planner --proactive
2020-06-05 16:59:59 INFO Adaptation reactive executor
2020-06-05 16:59:59 INFO adaptation count 188 4490
2020-06-05 17:00:06 INFO Inside Adaptation Planner --proactive
2020-06-05 17:00:06 INFO Adaptation reactive executor
2020-06-05 17:00:06 INFO adaptation count 188 4500
2020-06-05 17:00:14 INFO Inside Adaptation Planner --proactive
2020-06-05 17:00:14 INFO Adaptation reactive executor
2020-06-05 17:00:14 INFO adaptation count 189 4510
2020-06-05 17:00:19 INFO Inside Adaptation Planner --proactive
2020-06-05 17:00:19 INFO Adaptation reactive executor
2020-06-05 17:00:19 INFO adaptation count 189 4520
2020-06-05 17:00:25 INFO Inside Adaptation Planner --proactive
2020-06-05 17:00:25 INFO Adaptation reactive executor
2020-06-05 17:00:25 INFO adaptation count 190 4530
2020-06-05 17:00:31 INFO Inside Adaptation Planner --proactive
2020-06-05 17:00:31 INFO Adaptation reactive executor
2020-06-05 17:00:31 INFO adaptation count 190 4540
2020-06-05 17:00:37 INFO Inside Adaptation Planner --proactive
2020-06-05 17:00:37 INFO Adaptation reactive executor
2020-06-05 17:00:37 INFO adaptation count 190 4550
2020-06-05 17:00:44 INFO Inside Adaptation Planner --proactive
2020-06-05 17:00:44 INFO Adaptation reactive executor
2020-06-05 17:00:44 INFO adaptation count 191 4560
2020-06-05 17:00:49 INFO Inside Adaptation Planner --proactive
2020-06-05 17:00:49 INFO Adaptation reactive executor
2020-06-05 17:00:49 INFO adaptation count 191 4570
2020-06-05 17:00:55 INFO Inside Adaptation Planner --proactive
2020-06-05 17:00:55 INFO Adaptation reactive executor
2020-06-05 17:00:55 INFO adaptation count 192 4580
2020-06-05 17:01:01 INFO Inside Adaptation Planner --proactive
2020-06-05 17:01:01 INFO Adaptation reactive executor
2020-06-05 17:01:01 INFO adaptation count 192 4590
2020-06-05 17:01:08 INFO Inside Adaptation Planner --proactive
2020-06-05 17:01:08 INFO Adaptation reactive executor
2020-06-05 17:01:08 INFO adaptation count 192 4600
2020-06-05 17:01:15 INFO Inside Adaptation Planner --proactive
2020-06-05 17:01:15 INFO Adaptation reactive executor
2020-06-05 17:01:15 INFO adaptation count 192 4610
2020-06-05 17:01:22 INFO Inside Adaptation Planner --proactive
2020-06-05 17:01:22 INFO Adaptation reactive executor
2020-06-05 17:01:22 INFO adaptation count 193 4620
2020-06-05 17:01:27 INFO Inside Adaptation Planner --proactive
2020-06-05 17:01:27 INFO Adaptation reactive executor
2020-06-05 17:01:27 INFO adaptation count 194 4630
2020-06-05 17:01:33 INFO Inside Adaptation Planner --proactive
2020-06-05 17:01:33 INFO Adaptation reactive executor
2020-06-05 17:01:33 INFO adaptation count 194 4640
2020-06-05 17:01:39 INFO Inside Adaptation Planner --proactive
2020-06-05 17:01:39 INFO Adaptation reactive executor
2020-06-05 17:01:39 INFO adaptation count 195 4650
2020-06-05 17:01:45 INFO Inside Adaptation Planner --proactive
2020-06-05 17:01:45 INFO Adaptation reactive executor
2020-06-05 17:01:45 INFO adaptation count 195 4660
2020-06-05 17:01:52 INFO Inside Adaptation Planner --proactive
2020-06-05 17:01:52 INFO Adaptation reactive executor
2020-06-05 17:01:52 INFO adaptation count 196 4670
2020-06-05 17:01:57 INFO Inside Adaptation Planner --proactive
2020-06-05 17:01:57 INFO Adaptation reactive executor
2020-06-05 17:01:57 INFO adaptation count 196 4680
2020-06-05 17:02:05 INFO Inside Adaptation Planner --proactive
2020-06-05 17:02:05 INFO Adaptation reactive executor
2020-06-05 17:02:05 INFO adaptation count 197 4690
2020-06-05 17:02:10 INFO Inside Adaptation Planner --proactive
2020-06-05 17:02:10 INFO Adaptation reactive executor
2020-06-05 17:02:10 INFO adaptation count 197 4700
2020-06-05 17:02:18 INFO Inside Adaptation Planner --proactive
2020-06-05 17:02:18 INFO Adaptation reactive executor
2020-06-05 17:02:18 INFO adaptation count 198 4710
2020-06-05 17:02:24 INFO Inside Adaptation Planner --proactive
2020-06-05 17:02:24 INFO Adaptation reactive executor
2020-06-05 17:02:24 INFO adaptation count 199 4720
2020-06-05 17:02:29 INFO Inside Adaptation Planner --proactive
2020-06-05 17:02:29 INFO Adaptation reactive executor
2020-06-05 17:02:29 INFO adaptation count 199 4730
2020-06-05 17:02:36 INFO Inside Adaptation Planner --proactive
2020-06-05 17:02:36 INFO Adaptation reactive executor
2020-06-05 17:02:36 INFO adaptation count 200 4740
2020-06-05 17:02:41 INFO Inside Adaptation Planner --proactive
2020-06-05 17:02:41 INFO Adaptation reactive executor
2020-06-05 17:02:41 INFO adaptation count 200 4750
2020-06-05 17:02:48 INFO Inside Adaptation Planner --proactive
2020-06-05 17:02:48 INFO Adaptation reactive executor
2020-06-05 17:02:48 INFO adaptation count 201 4760
2020-06-05 17:02:54 INFO Inside Adaptation Planner --proactive
2020-06-05 17:02:54 INFO Adaptation reactive executor
2020-06-05 17:02:54 INFO adaptation count 201 4770
2020-06-05 17:03:01 INFO Inside Adaptation Planner --proactive
2020-06-05 17:03:01 INFO Adaptation reactive executor
2020-06-05 17:03:01 INFO adaptation count 202 4780
2020-06-05 17:03:07 INFO Inside Adaptation Planner --proactive
2020-06-05 17:03:07 INFO Adaptation reactive executor
2020-06-05 17:03:07 INFO adaptation count 202 4790
2020-06-05 17:03:14 INFO Inside Adaptation Planner --proactive
2020-06-05 17:03:14 INFO Adaptation reactive executor
2020-06-05 17:03:14 INFO adaptation count 203 4800
2020-06-05 17:03:19 INFO Inside Adaptation Planner --proactive
2020-06-05 17:03:19 INFO Adaptation reactive executor
2020-06-05 17:03:19 INFO adaptation count 203 4810
2020-06-05 17:03:27 INFO Inside Adaptation Planner --proactive
2020-06-05 17:03:27 INFO Adaptation reactive executor
2020-06-05 17:03:27 INFO adaptation count 204 4820
2020-06-05 17:03:33 INFO Inside Adaptation Planner --proactive
2020-06-05 17:03:33 INFO Adaptation reactive executor
2020-06-05 17:03:33 INFO adaptation count 204 4830
2020-06-05 17:03:40 INFO Inside Adaptation Planner --proactive
2020-06-05 17:03:40 INFO Adaptation reactive executor
2020-06-05 17:03:40 INFO adaptation count 205 4840
2020-06-05 17:03:46 INFO Inside Adaptation Planner --proactive
2020-06-05 17:03:46 INFO Adaptation reactive executor
2020-06-05 17:03:46 INFO adaptation count 206 4850
2020-06-05 17:03:51 INFO Inside Adaptation Planner --proactive
2020-06-05 17:03:51 INFO Adaptation reactive executor
2020-06-05 17:03:51 INFO adaptation count 206 4860
2020-06-05 17:03:58 INFO Inside Adaptation Planner --proactive
2020-06-05 17:03:58 INFO Adaptation reactive executor
2020-06-05 17:03:58 INFO adaptation count 206 4870
2020-06-05 17:04:06 INFO Inside Adaptation Planner --proactive
2020-06-05 17:04:06 INFO Adaptation reactive executor
2020-06-05 17:04:06 INFO adaptation count 206 4880
2020-06-05 17:04:13 INFO Inside Adaptation Planner --proactive
2020-06-05 17:04:13 INFO Adaptation reactive executor
2020-06-05 17:04:13 INFO adaptation count 207 4890
2020-06-05 17:04:18 INFO Inside Adaptation Planner --proactive
2020-06-05 17:04:18 INFO Adaptation reactive executor
2020-06-05 17:04:18 INFO adaptation count 207 4900
2020-06-05 17:04:25 INFO Inside Adaptation Planner --proactive
2020-06-05 17:04:25 INFO Adaptation reactive executor
2020-06-05 17:04:25 INFO adaptation count 208 4910
2020-06-05 17:04:32 INFO Inside Adaptation Planner --proactive
2020-06-05 17:04:32 INFO Adaptation reactive executor
2020-06-05 17:04:32 INFO adaptation count 209 4920
2020-06-05 17:04:39 INFO Inside Adaptation Planner --proactive
2020-06-05 17:04:39 INFO Adaptation reactive executor
2020-06-05 17:04:39 INFO adaptation count 210 4930
2020-06-05 17:04:45 INFO Inside Adaptation Planner --proactive
2020-06-05 17:04:45 INFO Adaptation reactive executor
2020-06-05 17:04:45 INFO adaptation count 210 4940
2020-06-05 17:04:52 INFO Inside Adaptation Planner --proactive
2020-06-05 17:04:52 INFO Adaptation reactive executor
2020-06-05 17:04:52 INFO adaptation count 211 4950
2020-06-05 17:04:58 INFO Inside Adaptation Planner --proactive
2020-06-05 17:04:58 INFO Adaptation reactive executor
2020-06-05 17:04:58 INFO adaptation count 211 4960
2020-06-05 17:05:05 INFO Inside Adaptation Planner --proactive
2020-06-05 17:05:05 INFO Adaptation reactive executor
2020-06-05 17:05:05 INFO adaptation count 212 4970
2020-06-05 17:05:11 INFO Inside Adaptation Planner --proactive
2020-06-05 17:05:11 INFO Adaptation reactive executor
2020-06-05 17:05:11 INFO adaptation count 212 4980
2020-06-05 17:05:17 INFO Inside Adaptation Planner --proactive
2020-06-05 17:05:17 INFO Adaptation reactive executor
2020-06-05 17:05:17 INFO adaptation count 212 4990
2020-06-05 17:05:24 INFO Inside Adaptation Planner --proactive
2020-06-05 17:05:24 INFO Adaptation reactive executor
2020-06-05 17:05:24 INFO adaptation count 212 5000
2020-06-05 17:05:31 INFO Inside Adaptation Planner --proactive
2020-06-05 17:05:31 INFO Adaptation reactive executor
2020-06-05 17:05:31 INFO adaptation count 212 5010
2020-06-05 17:05:38 INFO Inside Adaptation Planner --proactive
2020-06-05 17:05:38 INFO Adaptation reactive executor
2020-06-05 17:05:38 INFO adaptation count 213 5020
2020-06-05 17:05:44 INFO Inside Adaptation Planner --proactive
2020-06-05 17:05:44 INFO Adaptation reactive executor
2020-06-05 17:05:44 INFO adaptation count 214 5030
2020-06-05 17:05:50 INFO Inside Adaptation Planner --proactive
2020-06-05 17:05:50 INFO Adaptation reactive executor
2020-06-05 17:05:50 INFO adaptation count 214 5040
2020-06-05 17:05:57 INFO Inside Adaptation Planner --proactive
2020-06-05 17:05:57 INFO Adaptation reactive executor
2020-06-05 17:05:57 INFO adaptation count 214 5050
2020-06-05 17:06:05 INFO Inside Adaptation Planner --proactive
2020-06-05 17:06:05 INFO Adaptation reactive executor
2020-06-05 17:06:05 INFO adaptation count 215 5060
2020-06-05 17:06:11 INFO Inside Adaptation Planner --proactive
2020-06-05 17:06:11 INFO Adaptation reactive executor
2020-06-05 17:06:11 INFO adaptation count 216 5070
2020-06-05 17:06:18 INFO Inside Adaptation Planner --proactive
2020-06-05 17:06:18 INFO Adaptation reactive executor
2020-06-05 17:06:18 INFO adaptation count 217 5080
