2020-05-13 08:59:04 DEBUG Logger Initialized
2020-05-13 09:02:11 DEBUG Logger Initialized
2020-05-13 09:03:15 DEBUG Logger Initialized
2020-05-13 09:03:46 DEBUG Logger Initialized
2020-05-13 09:04:26 DEBUG Logger Initialized
2020-05-13 09:08:42 DEBUG Logger Initialized
2020-05-13 09:09:12 DEBUG Logger Initialized
2020-05-13 11:23:29 DEBUG Logger Initialized
2020-05-13 11:24:08 DEBUG Logger Initialized
2020-05-13 11:25:14 DEBUG Logger Initialized
2020-05-13 11:34:13 DEBUG Logger Initialized
2020-05-13 12:47:17 DEBUG Logger Initialized
2020-05-13 12:47:29 INFO Inside Adaptation Planner
2020-05-13 12:47:29 INFO Adaptation reactive executor
2020-05-13 12:47:29 INFO adaptation count 0
2020-05-13 12:47:29 INFO Inside Adaptation Planner
2020-05-13 12:47:29 INFO Adaptation reactive executor
2020-05-13 12:47:29 INFO adaptation count 0
2020-05-13 12:47:29 INFO Inside Adaptation Planner
2020-05-13 12:47:29 INFO Adaptation reactive executor
2020-05-13 12:47:29 INFO adaptation count 0
2020-05-13 12:47:31 INFO Inside Adaptation Planner
2020-05-13 12:47:31 INFO Adaptation reactive executor
2020-05-13 12:47:31 INFO adaptation count 0
2020-05-13 12:47:34 INFO Inside Adaptation Planner
2020-05-13 12:47:34 INFO Adaptation reactive executor
2020-05-13 12:47:34 INFO adaptation count 0
2020-05-13 12:47:36 INFO Inside Adaptation Planner
2020-05-13 12:47:36 INFO Adaptation reactive executor
2020-05-13 12:47:36 INFO adaptation count 0
2020-05-13 12:47:39 INFO Inside Adaptation Planner
2020-05-13 12:47:39 INFO Adaptation reactive executor
2020-05-13 12:47:39 INFO adaptation count 0
2020-05-13 12:48:12 DEBUG Logger Initialized
2020-05-13 12:49:08 INFO Inside Adaptation Planner --proactive
2020-05-13 12:49:08 INFO Adaptation reactive executor
2020-05-13 12:49:49 INFO Inside Adaptation Planner --proactive
2020-05-13 12:49:49 INFO Adaptation reactive executor
2020-05-13 12:50:24 INFO Inside Adaptation Planner --proactive
2020-05-13 12:50:24 INFO Adaptation reactive executor
2020-05-13 12:51:11 INFO Inside Adaptation Planner --proactive
2020-05-13 12:51:11 INFO Adaptation reactive executor
2020-05-13 13:10:16 DEBUG Logger Initialized
2020-05-13 13:21:42 DEBUG Logger Initialized
2020-05-13 13:22:35 INFO Inside Adaptation Planner --proactive
2020-05-13 13:22:35 INFO Adaptation reactive executor
2020-05-13 13:22:35 INFO adaptation count 0 0
2020-05-13 13:23:19 INFO Inside Adaptation Planner --proactive
2020-05-13 13:23:19 INFO Adaptation reactive executor
2020-05-13 13:23:19 INFO adaptation count 0 0
2020-05-13 13:24:07 INFO Inside Adaptation Planner --proactive
2020-05-13 13:24:07 INFO Adaptation reactive executor
2020-05-13 13:24:07 INFO adaptation count 0 0
2020-05-13 13:24:54 INFO Inside Adaptation Planner --proactive
2020-05-13 13:24:54 INFO Adaptation reactive executor
2020-05-13 13:24:54 INFO adaptation count 0 0
2020-05-13 13:25:41 INFO Inside Adaptation Planner --proactive
2020-05-13 13:25:41 INFO Adaptation reactive executor
2020-05-13 13:25:41 INFO adaptation count 0 0
2020-05-13 13:26:25 INFO Inside Adaptation Planner --proactive
2020-05-13 13:26:25 INFO Adaptation reactive executor
2020-05-13 13:26:25 INFO adaptation count 0 0
2020-05-13 13:27:13 INFO Inside Adaptation Planner --proactive
2020-05-13 13:27:13 INFO Adaptation reactive executor
2020-05-13 13:27:13 INFO adaptation count 0 0
2020-05-13 13:28:00 INFO Inside Adaptation Planner --proactive
2020-05-13 13:28:00 INFO Adaptation reactive executor
2020-05-13 13:28:00 INFO adaptation count 0 0
2020-05-13 13:28:43 INFO Inside Adaptation Planner --proactive
2020-05-13 13:28:43 INFO Adaptation reactive executor
2020-05-13 13:28:43 INFO adaptation count 0 0
2020-05-13 13:29:30 INFO Inside Adaptation Planner --proactive
2020-05-13 13:29:30 INFO Adaptation reactive executor
2020-05-13 13:29:30 INFO adaptation count 1 20
2020-05-13 13:30:03 INFO Inside Adaptation Planner --proactive
2020-05-13 13:30:03 INFO Adaptation reactive executor
2020-05-13 13:30:03 INFO adaptation count 1 20
2020-05-13 13:30:54 INFO Inside Adaptation Planner --proactive
2020-05-13 13:30:54 INFO Adaptation reactive executor
2020-05-13 13:30:54 INFO adaptation count 1 20
2020-05-13 13:31:45 INFO Inside Adaptation Planner --proactive
2020-05-13 13:31:45 INFO Adaptation reactive executor
2020-05-13 13:31:45 INFO adaptation count 2 40
2020-05-13 13:32:22 INFO Inside Adaptation Planner --proactive
2020-05-13 13:32:22 INFO Adaptation reactive executor
2020-05-13 13:32:22 INFO adaptation count 2 40
2020-05-13 13:33:10 INFO Inside Adaptation Planner --proactive
2020-05-13 13:33:10 INFO Adaptation reactive executor
2020-05-13 13:33:10 INFO adaptation count 2 40
2020-05-13 13:33:59 INFO Inside Adaptation Planner --proactive
2020-05-13 13:33:59 INFO Adaptation reactive executor
2020-05-13 13:33:59 INFO adaptation count 2 40
2020-05-13 13:34:50 INFO Inside Adaptation Planner --proactive
2020-05-13 13:34:50 INFO Adaptation reactive executor
2020-05-13 13:34:50 INFO adaptation count 2 40
2020-05-13 13:35:42 INFO Inside Adaptation Planner --proactive
2020-05-13 13:35:42 INFO Adaptation reactive executor
2020-05-13 13:35:42 INFO adaptation count 2 40
2020-05-13 13:36:33 INFO Inside Adaptation Planner --proactive
2020-05-13 13:36:33 INFO Adaptation reactive executor
2020-05-13 13:36:33 INFO adaptation count 2 40
2020-05-13 13:37:21 INFO Inside Adaptation Planner --proactive
2020-05-13 13:37:21 INFO Adaptation reactive executor
2020-05-13 13:37:21 INFO adaptation count 2 40
2020-05-13 13:38:10 INFO Inside Adaptation Planner --proactive
2020-05-13 13:38:10 INFO Adaptation reactive executor
2020-05-13 13:38:10 INFO adaptation count 2 40
2020-05-13 13:39:02 INFO Inside Adaptation Planner --proactive
2020-05-13 13:39:02 INFO Adaptation reactive executor
2020-05-13 13:39:02 INFO adaptation count 2 40
2020-05-13 13:39:54 INFO Inside Adaptation Planner --proactive
2020-05-13 13:39:54 INFO Adaptation reactive executor
2020-05-13 13:39:54 INFO adaptation count 2 40
2020-05-13 13:40:42 INFO Inside Adaptation Planner --proactive
2020-05-13 13:40:42 INFO Adaptation reactive executor
2020-05-13 13:40:42 INFO adaptation count 2 40
2020-05-13 13:41:33 INFO Inside Adaptation Planner --proactive
2020-05-13 13:41:33 INFO Adaptation reactive executor
2020-05-13 13:41:33 INFO adaptation count 2 40
2020-05-13 13:42:28 INFO Inside Adaptation Planner --proactive
2020-05-13 13:42:28 INFO Adaptation reactive executor
2020-05-13 13:42:28 INFO adaptation count 2 40
2020-05-13 13:43:19 INFO Inside Adaptation Planner --proactive
2020-05-13 13:43:19 INFO Adaptation reactive executor
2020-05-13 13:43:19 INFO adaptation count 2 40
2020-05-13 13:44:07 INFO Inside Adaptation Planner --proactive
2020-05-13 13:44:07 INFO Adaptation reactive executor
2020-05-13 13:44:07 INFO adaptation count 2 40
2020-05-13 13:44:57 INFO Inside Adaptation Planner --proactive
2020-05-13 13:44:57 INFO Adaptation reactive executor
2020-05-13 13:44:57 INFO adaptation count 2 40
2020-05-13 13:45:47 INFO Inside Adaptation Planner --proactive
2020-05-13 13:45:47 INFO Adaptation reactive executor
2020-05-13 13:45:47 INFO adaptation count 2 40
2020-05-13 13:46:36 INFO Inside Adaptation Planner --proactive
2020-05-13 13:46:36 INFO Adaptation reactive executor
2020-05-13 13:46:36 INFO adaptation count 2 40
2020-05-13 13:47:23 INFO Inside Adaptation Planner --proactive
2020-05-13 13:47:23 INFO Adaptation reactive executor
2020-05-13 13:47:23 INFO adaptation count 2 40
2020-05-13 13:48:15 INFO Inside Adaptation Planner --proactive
2020-05-13 13:48:15 INFO Adaptation reactive executor
2020-05-13 13:48:15 INFO adaptation count 2 40
2020-05-13 13:49:03 INFO Inside Adaptation Planner --proactive
2020-05-13 13:49:03 INFO Adaptation reactive executor
2020-05-13 13:49:03 INFO adaptation count 2 40
2020-05-13 13:49:51 INFO Inside Adaptation Planner --proactive
2020-05-13 13:49:51 INFO Adaptation reactive executor
2020-05-13 13:49:51 INFO adaptation count 2 40
2020-05-13 13:50:41 INFO Inside Adaptation Planner --proactive
2020-05-13 13:50:41 INFO Adaptation reactive executor
2020-05-13 13:50:41 INFO adaptation count 2 40
2020-05-13 13:51:29 INFO Inside Adaptation Planner --proactive
2020-05-13 13:51:29 INFO Adaptation reactive executor
2020-05-13 13:51:29 INFO adaptation count 2 40
2020-05-13 13:52:19 INFO Inside Adaptation Planner --proactive
2020-05-13 13:52:19 INFO Adaptation reactive executor
2020-05-13 13:52:19 INFO adaptation count 2 40
2020-05-13 13:53:07 INFO Inside Adaptation Planner --proactive
2020-05-13 13:53:07 INFO Adaptation reactive executor
2020-05-13 13:53:07 INFO adaptation count 2 40
2020-05-13 13:53:56 INFO Inside Adaptation Planner --proactive
2020-05-13 13:53:56 INFO Adaptation reactive executor
2020-05-13 13:53:56 INFO adaptation count 2 40
2020-05-13 13:54:45 INFO Inside Adaptation Planner --proactive
2020-05-13 13:54:45 INFO Adaptation reactive executor
2020-05-13 13:54:45 INFO adaptation count 2 40
2020-05-13 13:55:34 INFO Inside Adaptation Planner --proactive
2020-05-13 13:55:34 INFO Adaptation reactive executor
2020-05-13 13:55:34 INFO adaptation count 2 40
2020-05-13 13:56:25 INFO Inside Adaptation Planner --proactive
2020-05-13 13:56:25 INFO Adaptation reactive executor
2020-05-13 13:56:25 INFO adaptation count 2 40
2020-05-13 13:57:15 INFO Inside Adaptation Planner --proactive
2020-05-13 13:57:15 INFO Adaptation reactive executor
2020-05-13 13:57:15 INFO adaptation count 2 40
2020-05-13 13:58:05 INFO Inside Adaptation Planner --proactive
2020-05-13 13:58:05 INFO Adaptation reactive executor
2020-05-13 13:58:05 INFO adaptation count 2 40
2020-05-13 13:58:56 INFO Inside Adaptation Planner --proactive
2020-05-13 13:58:56 INFO Adaptation reactive executor
2020-05-13 13:58:56 INFO adaptation count 2 40
2020-05-13 13:59:48 INFO Inside Adaptation Planner --proactive
2020-05-13 13:59:48 INFO Adaptation reactive executor
2020-05-13 13:59:48 INFO adaptation count 2 40
2020-05-13 14:00:39 INFO Inside Adaptation Planner --proactive
2020-05-13 14:00:39 INFO Adaptation reactive executor
2020-05-13 14:00:39 INFO adaptation count 2 40
2020-05-13 14:01:28 INFO Inside Adaptation Planner --proactive
2020-05-13 14:01:28 INFO Adaptation reactive executor
2020-05-13 14:01:28 INFO adaptation count 2 40
2020-05-13 14:02:16 INFO Inside Adaptation Planner --proactive
2020-05-13 14:02:16 INFO Adaptation reactive executor
2020-05-13 14:02:16 INFO adaptation count 2 40
2020-05-13 14:03:07 INFO Inside Adaptation Planner --proactive
2020-05-13 14:03:07 INFO Adaptation reactive executor
2020-05-13 14:03:07 INFO adaptation count 2 40
2020-05-13 14:03:56 INFO Inside Adaptation Planner --proactive
2020-05-13 14:03:56 INFO Adaptation reactive executor
2020-05-13 14:03:56 INFO adaptation count 2 40
2020-05-13 14:04:46 INFO Inside Adaptation Planner --proactive
2020-05-13 14:04:46 INFO Adaptation reactive executor
2020-05-13 14:04:46 INFO adaptation count 2 40
2020-05-13 14:05:36 INFO Inside Adaptation Planner --proactive
2020-05-13 14:05:36 INFO Adaptation reactive executor
2020-05-13 14:05:36 INFO adaptation count 2 40
2020-05-13 14:06:25 INFO Inside Adaptation Planner --proactive
2020-05-13 14:06:25 INFO Adaptation reactive executor
2020-05-13 14:06:25 INFO adaptation count 2 40
2020-05-13 14:07:18 INFO Inside Adaptation Planner --proactive
2020-05-13 14:07:18 INFO Adaptation reactive executor
2020-05-13 14:07:18 INFO adaptation count 2 40
2020-05-13 14:08:08 INFO Inside Adaptation Planner --proactive
2020-05-13 14:08:08 INFO Adaptation reactive executor
2020-05-13 14:08:08 INFO adaptation count 2 40
2020-05-13 14:08:55 INFO Inside Adaptation Planner --proactive
2020-05-13 14:08:55 INFO Adaptation reactive executor
2020-05-13 14:08:55 INFO adaptation count 2 40
2020-05-13 14:09:44 INFO Inside Adaptation Planner --proactive
2020-05-13 14:09:44 INFO Adaptation reactive executor
2020-05-13 14:09:44 INFO adaptation count 2 40
2020-05-13 14:10:35 INFO Inside Adaptation Planner --proactive
2020-05-13 14:10:35 INFO Adaptation reactive executor
2020-05-13 14:10:35 INFO adaptation count 2 40
2020-05-13 14:11:21 INFO Inside Adaptation Planner --proactive
2020-05-13 14:11:21 INFO Adaptation reactive executor
2020-05-13 14:11:21 INFO adaptation count 2 40
2020-05-13 14:12:12 INFO Inside Adaptation Planner --proactive
2020-05-13 14:12:12 INFO Adaptation reactive executor
2020-05-13 14:12:12 INFO adaptation count 3 60
2020-05-13 14:12:47 INFO Inside Adaptation Planner --proactive
2020-05-13 14:12:47 INFO Adaptation reactive executor
2020-05-13 14:12:47 INFO adaptation count 3 60
2020-05-13 14:13:34 INFO Inside Adaptation Planner --proactive
2020-05-13 14:13:34 INFO Adaptation reactive executor
2020-05-13 14:13:34 INFO adaptation count 3 60
2020-05-13 14:14:22 INFO Inside Adaptation Planner --proactive
2020-05-13 14:14:22 INFO Adaptation reactive executor
2020-05-13 14:14:22 INFO adaptation count 3 60
2020-05-13 14:15:12 INFO Inside Adaptation Planner --proactive
2020-05-13 14:15:12 INFO Adaptation reactive executor
2020-05-13 14:15:12 INFO adaptation count 3 60
2020-05-13 14:16:03 INFO Inside Adaptation Planner --proactive
2020-05-13 14:16:03 INFO Adaptation reactive executor
2020-05-13 14:16:03 INFO adaptation count 3 60
2020-05-13 14:16:51 INFO Inside Adaptation Planner --proactive
2020-05-13 14:16:51 INFO Adaptation reactive executor
2020-05-13 14:16:51 INFO adaptation count 3 60
2020-05-13 14:17:40 INFO Inside Adaptation Planner --proactive
2020-05-13 14:17:40 INFO Adaptation reactive executor
2020-05-13 14:17:40 INFO adaptation count 3 60
2020-05-13 14:18:30 INFO Inside Adaptation Planner --proactive
2020-05-13 14:18:30 INFO Adaptation reactive executor
2020-05-13 14:18:30 INFO adaptation count 3 60
2020-05-13 14:19:15 INFO Inside Adaptation Planner --proactive
2020-05-13 14:19:15 INFO Adaptation reactive executor
2020-05-13 14:19:15 INFO adaptation count 3 60
2020-05-13 15:07:58 DEBUG Logger Initialized
2020-05-13 15:08:18 DEBUG Logger Initialized
2020-05-13 15:08:36 DEBUG Logger Initialized
2020-05-13 15:09:41 DEBUG Logger Initialized
2020-05-13 16:21:32 DEBUG Logger Initialized
2020-05-13 16:25:39 DEBUG Logger Initialized
2020-05-13 16:26:13 INFO Inside Adaptation Planner --proactive
2020-05-13 16:26:13 INFO Adaptation reactive executor
2020-05-13 16:26:13 INFO adaptation count 0 0
2020-05-13 16:26:35 INFO Inside Adaptation Planner --proactive
2020-05-13 16:26:35 INFO Adaptation reactive executor
2020-05-13 16:26:35 INFO adaptation count 1 10
2020-05-13 16:26:52 INFO Inside Adaptation Planner --proactive
2020-05-13 16:26:52 INFO Adaptation reactive executor
2020-05-13 16:26:52 INFO adaptation count 1 10
2020-05-13 16:27:19 INFO Inside Adaptation Planner --proactive
2020-05-13 16:27:19 INFO Adaptation reactive executor
2020-05-13 16:27:19 INFO adaptation count 1 10
2020-05-13 16:27:44 INFO Inside Adaptation Planner --proactive
2020-05-13 16:27:44 INFO Adaptation reactive executor
2020-05-13 16:27:44 INFO adaptation count 2 20
2020-05-13 16:28:02 INFO Inside Adaptation Planner --proactive
2020-05-13 16:28:02 INFO Adaptation reactive executor
2020-05-13 16:28:02 INFO adaptation count 2 20
2020-05-13 16:28:26 INFO Inside Adaptation Planner --proactive
2020-05-13 16:28:26 INFO Adaptation reactive executor
2020-05-13 16:28:26 INFO adaptation count 3 30
2020-05-13 16:28:44 INFO Inside Adaptation Planner --proactive
2020-05-13 16:28:44 INFO Adaptation reactive executor
2020-05-13 16:28:44 INFO adaptation count 3 30
2020-05-13 16:29:09 INFO Inside Adaptation Planner --proactive
2020-05-13 16:29:09 INFO Adaptation reactive executor
2020-05-13 16:29:09 INFO adaptation count 4 40
2020-05-13 16:29:28 INFO Inside Adaptation Planner --proactive
2020-05-13 16:29:28 INFO Adaptation reactive executor
2020-05-13 16:29:28 INFO adaptation count 4 40
2020-05-13 16:29:51 INFO Inside Adaptation Planner --proactive
2020-05-13 16:29:51 INFO Adaptation reactive executor
2020-05-13 16:29:51 INFO adaptation count 5 50
2020-05-13 16:30:07 INFO Inside Adaptation Planner --proactive
2020-05-13 16:30:07 INFO Adaptation reactive executor
2020-05-13 16:30:07 INFO adaptation count 5 50
2020-05-13 16:30:32 INFO Inside Adaptation Planner --proactive
2020-05-13 16:30:32 INFO Adaptation reactive executor
2020-05-13 16:30:32 INFO adaptation count 6 60
2020-05-13 16:30:50 INFO Inside Adaptation Planner --proactive
2020-05-13 16:30:50 INFO Adaptation reactive executor
2020-05-13 16:30:50 INFO adaptation count 6 60
2020-05-13 16:31:15 INFO Inside Adaptation Planner --proactive
2020-05-13 16:31:15 INFO Adaptation reactive executor
2020-05-13 16:31:15 INFO adaptation count 7 70
2020-05-13 16:31:32 INFO Inside Adaptation Planner --proactive
2020-05-13 16:31:32 INFO Adaptation reactive executor
2020-05-13 16:31:32 INFO adaptation count 7 70
2020-05-13 16:31:54 INFO Inside Adaptation Planner --proactive
2020-05-13 16:31:54 INFO Adaptation reactive executor
2020-05-13 16:31:54 INFO adaptation count 7 70
2020-05-13 16:32:17 INFO Inside Adaptation Planner --proactive
2020-05-13 16:32:17 INFO Adaptation reactive executor
2020-05-13 16:32:17 INFO adaptation count 7 70
2020-05-13 16:32:41 INFO Inside Adaptation Planner --proactive
2020-05-13 16:32:41 INFO Adaptation reactive executor
2020-05-13 16:32:41 INFO adaptation count 8 80
2020-05-13 16:32:58 INFO Inside Adaptation Planner --proactive
2020-05-13 16:32:58 INFO Adaptation reactive executor
2020-05-13 16:32:58 INFO adaptation count 8 80
2020-05-13 16:33:22 INFO Inside Adaptation Planner --proactive
2020-05-13 16:33:22 INFO Adaptation reactive executor
2020-05-13 16:33:22 INFO adaptation count 9 90
2020-05-13 16:33:38 INFO Inside Adaptation Planner --proactive
2020-05-13 16:33:38 INFO Adaptation reactive executor
2020-05-13 16:33:38 INFO adaptation count 9 90
2020-05-13 16:34:04 INFO Inside Adaptation Planner --proactive
2020-05-13 16:34:04 INFO Adaptation reactive executor
2020-05-13 16:34:04 INFO adaptation count 10 100
2020-05-13 16:34:21 INFO Inside Adaptation Planner --proactive
2020-05-13 16:34:21 INFO Adaptation reactive executor
2020-05-13 16:34:21 INFO adaptation count 10 100
2020-05-13 16:34:45 INFO Inside Adaptation Planner --proactive
2020-05-13 16:34:45 INFO Adaptation reactive executor
2020-05-13 16:34:45 INFO adaptation count 10 100
2020-05-13 16:35:08 INFO Inside Adaptation Planner --proactive
2020-05-13 16:35:08 INFO Adaptation reactive executor
2020-05-13 16:35:08 INFO adaptation count 11 110
2020-05-13 16:35:26 INFO Inside Adaptation Planner --proactive
2020-05-13 16:35:26 INFO Adaptation reactive executor
2020-05-13 16:35:26 INFO adaptation count 11 110
2020-05-13 16:35:49 INFO Inside Adaptation Planner --proactive
2020-05-13 16:35:49 INFO Adaptation reactive executor
2020-05-13 16:35:49 INFO adaptation count 11 110
2020-05-13 16:36:11 INFO Inside Adaptation Planner --proactive
2020-05-13 16:36:11 INFO Adaptation reactive executor
2020-05-13 16:36:11 INFO adaptation count 12 120
2020-05-13 16:36:28 INFO Inside Adaptation Planner --proactive
2020-05-13 16:36:28 INFO Adaptation reactive executor
2020-05-13 16:36:28 INFO adaptation count 12 120
2020-05-13 16:36:51 INFO Inside Adaptation Planner --proactive
2020-05-13 16:36:51 INFO Adaptation reactive executor
2020-05-13 16:36:51 INFO adaptation count 13 130
2020-05-13 16:37:08 INFO Inside Adaptation Planner --proactive
2020-05-13 16:37:08 INFO Adaptation reactive executor
2020-05-13 16:37:08 INFO adaptation count 13 130
2020-05-13 16:37:33 INFO Inside Adaptation Planner --proactive
2020-05-13 16:37:33 INFO Adaptation reactive executor
2020-05-13 16:37:33 INFO adaptation count 14 140
2020-05-13 16:37:51 INFO Inside Adaptation Planner --proactive
2020-05-13 16:37:51 INFO Adaptation reactive executor
2020-05-13 16:37:51 INFO adaptation count 14 140
2020-05-13 16:38:17 INFO Inside Adaptation Planner --proactive
2020-05-13 16:38:17 INFO Adaptation reactive executor
2020-05-13 16:38:17 INFO adaptation count 15 150
2020-05-13 16:38:34 INFO Inside Adaptation Planner --proactive
2020-05-13 16:38:34 INFO Adaptation reactive executor
2020-05-13 16:38:34 INFO adaptation count 15 150
2020-05-13 16:38:59 INFO Inside Adaptation Planner --proactive
2020-05-13 16:38:59 INFO Adaptation reactive executor
2020-05-13 16:38:59 INFO adaptation count 16 160
2020-05-13 16:39:17 INFO Inside Adaptation Planner --proactive
2020-05-13 16:39:17 INFO Adaptation reactive executor
2020-05-13 16:39:17 INFO adaptation count 16 160
2020-05-13 16:39:41 INFO Inside Adaptation Planner --proactive
2020-05-13 16:39:41 INFO Adaptation reactive executor
2020-05-13 16:39:41 INFO adaptation count 16 160
2020-05-13 16:40:04 INFO Inside Adaptation Planner --proactive
2020-05-13 16:40:04 INFO Adaptation reactive executor
2020-05-13 16:40:04 INFO adaptation count 17 170
2020-05-13 16:40:21 INFO Inside Adaptation Planner --proactive
2020-05-13 16:40:21 INFO Adaptation reactive executor
2020-05-13 16:40:21 INFO adaptation count 17 170
2020-05-13 16:40:44 INFO Inside Adaptation Planner --proactive
2020-05-13 16:40:44 INFO Adaptation reactive executor
2020-05-13 16:40:44 INFO adaptation count 18 180
2020-05-13 16:41:01 INFO Inside Adaptation Planner --proactive
2020-05-13 16:41:01 INFO Adaptation reactive executor
2020-05-13 16:41:01 INFO adaptation count 18 180
2020-05-13 16:41:27 INFO Inside Adaptation Planner --proactive
2020-05-13 16:41:27 INFO Adaptation reactive executor
2020-05-13 16:41:27 INFO adaptation count 19 190
2020-05-13 16:41:46 INFO Inside Adaptation Planner --proactive
2020-05-13 16:41:46 INFO Adaptation reactive executor
2020-05-13 16:41:46 INFO adaptation count 19 190
2020-05-13 16:42:09 INFO Inside Adaptation Planner --proactive
2020-05-13 16:42:09 INFO Adaptation reactive executor
2020-05-13 16:42:09 INFO adaptation count 20 200
2020-05-13 16:42:26 INFO Inside Adaptation Planner --proactive
2020-05-13 16:42:26 INFO Adaptation reactive executor
2020-05-13 16:42:26 INFO adaptation count 20 200
2020-05-13 16:42:48 INFO Inside Adaptation Planner --proactive
2020-05-13 16:42:48 INFO Adaptation reactive executor
2020-05-13 16:42:48 INFO adaptation count 20 200
2020-05-13 16:43:13 INFO Inside Adaptation Planner --proactive
2020-05-13 16:43:13 INFO Adaptation reactive executor
2020-05-13 16:43:13 INFO adaptation count 21 210
2020-05-13 16:43:30 INFO Inside Adaptation Planner --proactive
2020-05-13 16:43:30 INFO Adaptation reactive executor
2020-05-13 16:43:30 INFO adaptation count 21 210
2020-05-13 16:43:56 INFO Inside Adaptation Planner --proactive
2020-05-13 16:43:56 INFO Adaptation reactive executor
2020-05-13 16:43:56 INFO adaptation count 22 220
2020-05-13 16:44:14 INFO Inside Adaptation Planner --proactive
2020-05-13 16:44:14 INFO Adaptation reactive executor
2020-05-13 16:44:14 INFO adaptation count 22 220
2020-05-13 16:44:37 INFO Inside Adaptation Planner --proactive
2020-05-13 16:44:37 INFO Adaptation reactive executor
2020-05-13 16:44:37 INFO adaptation count 23 230
2020-05-13 16:44:54 INFO Inside Adaptation Planner --proactive
2020-05-13 16:44:54 INFO Adaptation reactive executor
2020-05-13 16:44:54 INFO adaptation count 23 230
2020-05-13 16:45:17 INFO Inside Adaptation Planner --proactive
2020-05-13 16:45:17 INFO Adaptation reactive executor
2020-05-13 16:45:17 INFO adaptation count 23 230
2020-05-13 16:45:40 INFO Inside Adaptation Planner --proactive
2020-05-13 16:45:40 INFO Adaptation reactive executor
2020-05-13 16:45:40 INFO adaptation count 24 240
2020-05-13 16:45:56 INFO Inside Adaptation Planner --proactive
2020-05-13 16:45:56 INFO Adaptation reactive executor
2020-05-13 16:45:56 INFO adaptation count 24 240
2020-05-13 16:46:20 INFO Inside Adaptation Planner --proactive
2020-05-13 16:46:20 INFO Adaptation reactive executor
2020-05-13 16:46:20 INFO adaptation count 25 250
2020-05-13 16:46:37 INFO Inside Adaptation Planner --proactive
2020-05-13 16:46:37 INFO Adaptation reactive executor
2020-05-13 16:46:37 INFO adaptation count 25 250
2020-05-13 16:47:00 INFO Inside Adaptation Planner --proactive
2020-05-13 16:47:00 INFO Adaptation reactive executor
2020-05-13 16:47:00 INFO adaptation count 26 260
2020-05-13 16:47:17 INFO Inside Adaptation Planner --proactive
2020-05-13 16:47:17 INFO Adaptation reactive executor
2020-05-13 16:47:17 INFO adaptation count 26 260
2020-05-13 16:47:39 INFO Inside Adaptation Planner --proactive
2020-05-13 16:47:39 INFO Adaptation reactive executor
2020-05-13 16:47:39 INFO adaptation count 27 270
2020-05-13 16:47:54 INFO Inside Adaptation Planner --proactive
2020-05-13 16:47:54 INFO Adaptation reactive executor
2020-05-13 16:47:54 INFO adaptation count 27 270
2020-05-13 16:48:18 INFO Inside Adaptation Planner --proactive
2020-05-13 16:48:18 INFO Adaptation reactive executor
2020-05-13 16:48:18 INFO adaptation count 28 280
2020-05-13 16:48:37 INFO Inside Adaptation Planner --proactive
2020-05-13 16:48:37 INFO Adaptation reactive executor
2020-05-13 16:48:37 INFO adaptation count 28 280
2020-05-13 16:49:02 INFO Inside Adaptation Planner --proactive
2020-05-13 16:49:02 INFO Adaptation reactive executor
2020-05-13 16:49:02 INFO adaptation count 29 290
2020-05-13 16:49:20 INFO Inside Adaptation Planner --proactive
2020-05-13 16:49:20 INFO Adaptation reactive executor
2020-05-13 16:49:20 INFO adaptation count 29 290
2020-05-13 16:49:42 INFO Inside Adaptation Planner --proactive
2020-05-13 16:49:42 INFO Adaptation reactive executor
2020-05-13 16:49:42 INFO adaptation count 30 300
2020-05-13 16:49:59 INFO Inside Adaptation Planner --proactive
2020-05-13 16:49:59 INFO Adaptation reactive executor
2020-05-13 16:49:59 INFO adaptation count 30 300
2020-05-13 16:50:23 INFO Inside Adaptation Planner --proactive
2020-05-13 16:50:23 INFO Adaptation reactive executor
2020-05-13 16:50:23 INFO adaptation count 31 310
2020-05-13 16:50:41 INFO Inside Adaptation Planner --proactive
2020-05-13 16:50:41 INFO Adaptation reactive executor
2020-05-13 16:50:41 INFO adaptation count 31 310
2020-05-13 16:51:06 INFO Inside Adaptation Planner --proactive
2020-05-13 16:51:06 INFO Adaptation reactive executor
2020-05-13 16:51:06 INFO adaptation count 32 320
2020-05-13 16:51:24 INFO Inside Adaptation Planner --proactive
2020-05-13 16:51:24 INFO Adaptation reactive executor
2020-05-13 16:51:24 INFO adaptation count 32 320
2020-05-13 16:51:48 INFO Inside Adaptation Planner --proactive
2020-05-13 16:51:48 INFO Adaptation reactive executor
2020-05-13 16:51:48 INFO adaptation count 33 330
2020-05-13 16:52:05 INFO Inside Adaptation Planner --proactive
2020-05-13 16:52:05 INFO Adaptation reactive executor
2020-05-13 16:52:05 INFO adaptation count 33 330
2020-05-13 16:52:29 INFO Inside Adaptation Planner --proactive
2020-05-13 16:52:29 INFO Adaptation reactive executor
2020-05-13 16:52:29 INFO adaptation count 34 340
2020-05-13 16:52:46 INFO Inside Adaptation Planner --proactive
2020-05-13 16:52:46 INFO Adaptation reactive executor
2020-05-13 16:52:46 INFO adaptation count 34 340
2020-05-13 16:53:09 INFO Inside Adaptation Planner --proactive
2020-05-13 16:53:09 INFO Adaptation reactive executor
2020-05-13 16:53:09 INFO adaptation count 34 340
2020-05-13 16:53:33 INFO Inside Adaptation Planner --proactive
2020-05-13 16:53:33 INFO Adaptation reactive executor
2020-05-13 16:53:33 INFO adaptation count 34 340
2020-05-13 16:53:56 INFO Inside Adaptation Planner --proactive
2020-05-13 16:53:56 INFO Adaptation reactive executor
2020-05-13 16:53:56 INFO adaptation count 35 350
2020-05-13 16:54:12 INFO Inside Adaptation Planner --proactive
2020-05-13 16:54:12 INFO Adaptation reactive executor
2020-05-13 16:54:12 INFO adaptation count 35 350
2020-05-13 16:54:37 INFO Inside Adaptation Planner --proactive
2020-05-13 16:54:37 INFO Adaptation reactive executor
2020-05-13 16:54:37 INFO adaptation count 36 360
2020-05-13 16:54:55 INFO Inside Adaptation Planner --proactive
2020-05-13 16:54:55 INFO Adaptation reactive executor
2020-05-13 16:54:55 INFO adaptation count 36 360
2020-05-13 16:55:18 INFO Inside Adaptation Planner --proactive
2020-05-13 16:55:18 INFO Adaptation reactive executor
2020-05-13 16:55:18 INFO adaptation count 37 370
2020-05-13 16:55:35 INFO Inside Adaptation Planner --proactive
2020-05-13 16:55:35 INFO Adaptation reactive executor
2020-05-13 16:55:35 INFO adaptation count 37 370
2020-05-13 16:56:00 INFO Inside Adaptation Planner --proactive
2020-05-13 16:56:00 INFO Adaptation reactive executor
2020-05-13 16:56:00 INFO adaptation count 38 380
2020-05-13 16:56:18 INFO Inside Adaptation Planner --proactive
2020-05-13 16:56:18 INFO Adaptation reactive executor
2020-05-13 16:56:18 INFO adaptation count 38 380
2020-05-13 16:56:42 INFO Inside Adaptation Planner --proactive
2020-05-13 16:56:42 INFO Adaptation reactive executor
2020-05-13 16:56:42 INFO adaptation count 39 390
2020-05-13 16:57:01 INFO Inside Adaptation Planner --proactive
2020-05-13 16:57:01 INFO Adaptation reactive executor
2020-05-13 16:57:01 INFO adaptation count 39 390
2020-05-13 16:57:26 INFO Inside Adaptation Planner --proactive
2020-05-13 16:57:26 INFO Adaptation reactive executor
2020-05-13 16:57:26 INFO adaptation count 40 400
2020-05-13 16:57:44 INFO Inside Adaptation Planner --proactive
2020-05-13 16:57:44 INFO Adaptation reactive executor
2020-05-13 16:57:44 INFO adaptation count 40 400
2020-05-13 16:58:10 INFO Inside Adaptation Planner --proactive
2020-05-13 16:58:10 INFO Adaptation reactive executor
2020-05-13 16:58:10 INFO adaptation count 41 410
2020-05-13 16:58:28 INFO Inside Adaptation Planner --proactive
2020-05-13 16:58:28 INFO Adaptation reactive executor
2020-05-13 16:58:28 INFO adaptation count 41 410
2020-05-13 16:58:56 INFO Inside Adaptation Planner --proactive
2020-05-13 16:58:56 INFO Adaptation reactive executor
2020-05-13 16:58:56 INFO adaptation count 42 420
2020-05-13 16:59:14 INFO Inside Adaptation Planner --proactive
2020-05-13 16:59:14 INFO Adaptation reactive executor
2020-05-13 16:59:14 INFO adaptation count 42 420
2020-05-13 16:59:42 INFO Inside Adaptation Planner --proactive
2020-05-13 16:59:42 INFO Adaptation reactive executor
2020-05-13 16:59:42 INFO adaptation count 43 430
2020-05-13 17:00:00 INFO Inside Adaptation Planner --proactive
2020-05-13 17:00:00 INFO Adaptation reactive executor
2020-05-13 17:00:00 INFO adaptation count 43 430
2020-05-13 17:00:25 INFO Inside Adaptation Planner --proactive
2020-05-13 17:00:25 INFO Adaptation reactive executor
2020-05-13 17:00:25 INFO adaptation count 44 440
2020-05-13 17:00:43 INFO Inside Adaptation Planner --proactive
2020-05-13 17:00:43 INFO Adaptation reactive executor
2020-05-13 17:00:43 INFO adaptation count 44 440
2020-05-13 17:01:08 INFO Inside Adaptation Planner --proactive
2020-05-13 17:01:08 INFO Adaptation reactive executor
2020-05-13 17:01:08 INFO adaptation count 45 450
2020-05-13 17:01:27 INFO Inside Adaptation Planner --proactive
2020-05-13 17:01:27 INFO Adaptation reactive executor
2020-05-13 17:01:27 INFO adaptation count 45 450
2020-05-13 17:01:52 INFO Inside Adaptation Planner --proactive
2020-05-13 17:01:52 INFO Adaptation reactive executor
2020-05-13 17:01:52 INFO adaptation count 46 460
2020-05-13 17:02:11 INFO Inside Adaptation Planner --proactive
2020-05-13 17:02:11 INFO Adaptation reactive executor
2020-05-13 17:02:11 INFO adaptation count 46 460
2020-05-13 17:02:35 INFO Inside Adaptation Planner --proactive
2020-05-13 17:02:35 INFO Adaptation reactive executor
2020-05-13 17:02:35 INFO adaptation count 47 470
2020-05-13 17:02:55 INFO Inside Adaptation Planner --proactive
2020-05-13 17:02:55 INFO Adaptation reactive executor
2020-05-13 17:02:55 INFO adaptation count 47 470
2020-05-13 17:03:18 INFO Inside Adaptation Planner --proactive
2020-05-13 17:03:18 INFO Adaptation reactive executor
2020-05-13 17:03:18 INFO adaptation count 48 480
2020-05-13 17:03:36 INFO Inside Adaptation Planner --proactive
2020-05-13 17:03:36 INFO Adaptation reactive executor
2020-05-13 17:03:36 INFO adaptation count 48 480
2020-05-13 17:04:02 INFO Inside Adaptation Planner --proactive
2020-05-13 17:04:02 INFO Adaptation reactive executor
2020-05-13 17:04:02 INFO adaptation count 49 490
2020-05-13 17:04:20 INFO Inside Adaptation Planner --proactive
2020-05-13 17:04:20 INFO Adaptation reactive executor
2020-05-13 17:04:20 INFO adaptation count 49 490
2020-05-13 17:04:44 INFO Inside Adaptation Planner --proactive
2020-05-13 17:04:44 INFO Adaptation reactive executor
2020-05-13 17:04:44 INFO adaptation count 49 490
2020-05-13 17:05:11 INFO Inside Adaptation Planner --proactive
2020-05-13 17:05:11 INFO Adaptation reactive executor
2020-05-13 17:05:11 INFO adaptation count 50 500
2020-05-13 17:05:30 INFO Inside Adaptation Planner --proactive
2020-05-13 17:05:30 INFO Adaptation reactive executor
2020-05-13 17:05:30 INFO adaptation count 50 500
2020-05-13 17:05:57 INFO Inside Adaptation Planner --proactive
2020-05-13 17:05:57 INFO Adaptation reactive executor
2020-05-13 17:05:57 INFO adaptation count 51 510
2020-05-13 17:06:14 INFO Inside Adaptation Planner --proactive
2020-05-13 17:06:14 INFO Adaptation reactive executor
2020-05-13 17:06:14 INFO adaptation count 51 510
2020-05-13 17:06:37 INFO Inside Adaptation Planner --proactive
2020-05-13 17:06:37 INFO Adaptation reactive executor
2020-05-13 17:06:37 INFO adaptation count 52 520
2020-05-13 17:06:55 INFO Inside Adaptation Planner --proactive
2020-05-13 17:06:55 INFO Adaptation reactive executor
2020-05-13 17:06:55 INFO adaptation count 52 520
2020-05-13 17:07:20 INFO Inside Adaptation Planner --proactive
2020-05-13 17:07:20 INFO Adaptation reactive executor
2020-05-13 17:07:20 INFO adaptation count 53 530
2020-05-13 17:07:36 INFO Inside Adaptation Planner --proactive
2020-05-13 17:07:36 INFO Adaptation reactive executor
2020-05-13 17:07:36 INFO adaptation count 53 530
2020-05-13 17:08:01 INFO Inside Adaptation Planner --proactive
2020-05-13 17:08:01 INFO Adaptation reactive executor
2020-05-13 17:08:01 INFO adaptation count 54 540
2020-05-13 17:08:18 INFO Inside Adaptation Planner --proactive
2020-05-13 17:08:18 INFO Adaptation reactive executor
2020-05-13 17:08:18 INFO adaptation count 54 540
2020-05-13 17:08:41 INFO Inside Adaptation Planner --proactive
2020-05-13 17:08:41 INFO Adaptation reactive executor
2020-05-13 17:08:41 INFO adaptation count 55 550
2020-05-13 17:08:57 INFO Inside Adaptation Planner --proactive
2020-05-13 17:08:57 INFO Adaptation reactive executor
2020-05-13 17:08:57 INFO adaptation count 55 550
2020-05-13 17:09:21 INFO Inside Adaptation Planner --proactive
2020-05-13 17:09:21 INFO Adaptation reactive executor
2020-05-13 17:09:21 INFO adaptation count 56 560
2020-05-13 17:09:39 INFO Inside Adaptation Planner --proactive
2020-05-13 17:09:39 INFO Adaptation reactive executor
2020-05-13 17:09:39 INFO adaptation count 56 560
2020-05-13 17:10:02 INFO Inside Adaptation Planner --proactive
2020-05-13 17:10:02 INFO Adaptation reactive executor
2020-05-13 17:10:02 INFO adaptation count 57 570
2020-05-13 17:10:19 INFO Inside Adaptation Planner --proactive
2020-05-13 17:10:19 INFO Adaptation reactive executor
2020-05-13 17:10:19 INFO adaptation count 57 570
2020-05-13 17:10:43 INFO Inside Adaptation Planner --proactive
2020-05-13 17:10:43 INFO Adaptation reactive executor
2020-05-13 17:10:43 INFO adaptation count 58 580
2020-05-13 17:11:00 INFO Inside Adaptation Planner --proactive
2020-05-13 17:11:00 INFO Adaptation reactive executor
2020-05-13 17:11:00 INFO adaptation count 58 580
2020-05-13 17:11:23 INFO Inside Adaptation Planner --proactive
2020-05-13 17:11:23 INFO Adaptation reactive executor
2020-05-13 17:11:23 INFO adaptation count 59 590
2020-05-13 17:11:40 INFO Inside Adaptation Planner --proactive
2020-05-13 17:11:40 INFO Adaptation reactive executor
2020-05-13 17:11:40 INFO adaptation count 59 590
2020-05-13 17:12:05 INFO Inside Adaptation Planner --proactive
2020-05-13 17:12:05 INFO Adaptation reactive executor
2020-05-13 17:12:05 INFO adaptation count 60 600
2020-05-13 17:12:22 INFO Inside Adaptation Planner --proactive
2020-05-13 17:12:22 INFO Adaptation reactive executor
2020-05-13 17:12:22 INFO adaptation count 60 600
2020-05-13 17:12:50 INFO Inside Adaptation Planner --proactive
2020-05-13 17:12:50 INFO Adaptation reactive executor
2020-05-13 17:12:50 INFO adaptation count 61 610
2020-05-13 17:13:07 INFO Inside Adaptation Planner --proactive
2020-05-13 17:13:07 INFO Adaptation reactive executor
2020-05-13 17:13:07 INFO adaptation count 61 610
2020-05-13 17:13:35 INFO Inside Adaptation Planner --proactive
2020-05-13 17:13:35 INFO Adaptation reactive executor
2020-05-13 17:13:35 INFO adaptation count 62 620
2020-05-13 17:13:52 INFO Inside Adaptation Planner --proactive
2020-05-13 17:13:52 INFO Adaptation reactive executor
2020-05-13 17:13:52 INFO adaptation count 62 620
2020-05-13 17:14:17 INFO Inside Adaptation Planner --proactive
2020-05-13 17:14:17 INFO Adaptation reactive executor
2020-05-13 17:14:17 INFO adaptation count 63 630
2020-05-13 17:14:34 INFO Inside Adaptation Planner --proactive
2020-05-13 17:14:34 INFO Adaptation reactive executor
2020-05-13 17:14:34 INFO adaptation count 63 630
2020-05-13 17:14:59 INFO Inside Adaptation Planner --proactive
2020-05-13 17:14:59 INFO Adaptation reactive executor
2020-05-13 17:14:59 INFO adaptation count 64 640
2020-05-13 17:15:18 INFO Inside Adaptation Planner --proactive
2020-05-13 17:15:18 INFO Adaptation reactive executor
2020-05-13 17:15:18 INFO adaptation count 64 640
2020-05-13 17:15:42 INFO Inside Adaptation Planner --proactive
2020-05-13 17:15:42 INFO Adaptation reactive executor
2020-05-13 17:15:42 INFO adaptation count 65 650
2020-05-13 17:15:59 INFO Inside Adaptation Planner --proactive
2020-05-13 17:15:59 INFO Adaptation reactive executor
2020-05-13 17:15:59 INFO adaptation count 65 650
2020-05-13 17:16:25 INFO Inside Adaptation Planner --proactive
2020-05-13 17:16:25 INFO Adaptation reactive executor
2020-05-13 17:16:25 INFO adaptation count 66 660
2020-05-13 21:17:27 DEBUG Logger Initialized
2020-05-13 21:22:02 DEBUG Logger Initialized
2020-05-13 21:24:30 DEBUG Logger Initialized
2020-05-13 21:34:31 DEBUG Logger Initialized
