2020-06-06 09:49:44 DEBUG Logger Initialized
2020-06-06 09:50:16 INFO Inside Adaptation Planner --proactive
2020-06-06 09:50:16 INFO Adaptation reactive executor
2020-06-06 09:50:16 INFO adaptation count 1 20
2020-06-06 09:50:23 INFO Inside Adaptation Planner --proactive
2020-06-06 09:50:23 INFO Adaptation reactive executor
2020-06-06 09:50:23 INFO adaptation count 1 30
2020-06-06 09:50:31 INFO Inside Adaptation Planner --proactive
2020-06-06 09:50:31 INFO Adaptation reactive executor
2020-06-06 09:50:31 INFO adaptation count 1 40
2020-06-06 09:50:39 INFO Inside Adaptation Planner --proactive
2020-06-06 09:50:39 INFO Adaptation reactive executor
2020-06-06 09:50:39 INFO adaptation count 1 50
2020-06-06 09:50:46 INFO Inside Adaptation Planner --proactive
2020-06-06 09:50:46 INFO Adaptation reactive executor
2020-06-06 09:50:46 INFO adaptation count 1 60
2020-06-06 09:50:57 INFO Inside Adaptation Planner --proactive
2020-06-06 09:50:57 INFO Adaptation reactive executor
2020-06-06 09:50:57 INFO adaptation count 1 70
2020-06-06 09:51:09 INFO Inside Adaptation Planner --proactive
2020-06-06 09:51:09 INFO Adaptation reactive executor
2020-06-06 09:51:09 INFO adaptation count 2 90
2020-06-06 09:51:16 INFO Inside Adaptation Planner --proactive
2020-06-06 09:51:16 INFO Adaptation reactive executor
2020-06-06 09:51:16 INFO adaptation count 2 100
2020-06-06 09:51:27 INFO Inside Adaptation Planner --proactive
2020-06-06 09:51:28 INFO Adaptation reactive executor
2020-06-06 09:51:28 INFO adaptation count 2 110
2020-06-06 09:51:40 INFO Inside Adaptation Planner --proactive
2020-06-06 09:51:40 INFO Adaptation reactive executor
2020-06-06 09:51:40 INFO adaptation count 3 130
2020-06-06 09:51:48 INFO Inside Adaptation Planner --proactive
2020-06-06 09:51:48 INFO Adaptation reactive executor
2020-06-06 09:51:48 INFO adaptation count 4 140
2020-06-06 09:51:57 INFO Inside Adaptation Planner --proactive
2020-06-06 09:51:57 INFO Adaptation reactive executor
2020-06-06 09:51:57 INFO adaptation count 4 150
2020-06-06 09:52:09 INFO Inside Adaptation Planner --proactive
2020-06-06 09:52:09 INFO Adaptation reactive executor
2020-06-06 09:52:09 INFO adaptation count 5 160
2020-06-06 09:52:18 INFO Inside Adaptation Planner --proactive
2020-06-06 09:52:18 INFO Adaptation reactive executor
2020-06-06 09:52:18 INFO adaptation count 6 170
2020-06-06 09:52:26 INFO Inside Adaptation Planner --proactive
2020-06-06 09:52:26 INFO Adaptation reactive executor
2020-06-06 09:52:26 INFO adaptation count 6 180
2020-06-06 09:52:38 INFO Inside Adaptation Planner --proactive
2020-06-06 09:52:38 INFO Adaptation reactive executor
2020-06-06 09:52:38 INFO adaptation count 6 190
2020-06-06 09:52:50 INFO Inside Adaptation Planner --proactive
2020-06-06 09:52:50 INFO Adaptation reactive executor
2020-06-06 09:52:50 INFO adaptation count 7 210
2020-06-06 09:52:58 INFO Inside Adaptation Planner --proactive
2020-06-06 09:52:58 INFO Adaptation reactive executor
2020-06-06 09:52:58 INFO adaptation count 7 220
2020-06-06 09:53:10 INFO Inside Adaptation Planner --proactive
2020-06-06 09:53:10 INFO Adaptation reactive executor
2020-06-06 09:53:10 INFO adaptation count 7 230
2020-06-06 09:53:21 INFO Inside Adaptation Planner --proactive
2020-06-06 09:53:21 INFO Adaptation reactive executor
2020-06-06 09:53:21 INFO adaptation count 8 240
2020-06-06 09:53:29 INFO Inside Adaptation Planner --proactive
2020-06-06 09:53:29 INFO Adaptation reactive executor
2020-06-06 09:53:29 INFO adaptation count 8 250
2020-06-06 09:53:40 INFO Inside Adaptation Planner --proactive
2020-06-06 09:53:40 INFO Adaptation reactive executor
2020-06-06 09:53:40 INFO adaptation count 8 260
2020-06-06 09:53:52 INFO Inside Adaptation Planner --proactive
2020-06-06 09:53:52 INFO Adaptation reactive executor
2020-06-06 09:53:52 INFO adaptation count 9 270
2020-06-06 09:54:01 INFO Inside Adaptation Planner --proactive
2020-06-06 09:54:01 INFO Adaptation reactive executor
2020-06-06 09:54:01 INFO adaptation count 9 280
2020-06-06 09:54:12 INFO Inside Adaptation Planner --proactive
2020-06-06 09:54:12 INFO Adaptation reactive executor
2020-06-06 09:54:12 INFO adaptation count 9 290
2020-06-06 09:54:24 INFO Inside Adaptation Planner --proactive
2020-06-06 09:54:24 INFO Adaptation reactive executor
2020-06-06 09:54:24 INFO adaptation count 10 310
2020-06-06 09:54:32 INFO Inside Adaptation Planner --proactive
2020-06-06 09:54:32 INFO Adaptation reactive executor
2020-06-06 09:54:32 INFO adaptation count 10 320
2020-06-06 09:54:45 INFO Inside Adaptation Planner --proactive
2020-06-06 09:54:45 INFO Adaptation reactive executor
2020-06-06 09:54:45 INFO adaptation count 11 330
2020-06-06 09:54:54 INFO Inside Adaptation Planner --proactive
2020-06-06 09:54:54 INFO Adaptation reactive executor
2020-06-06 09:54:54 INFO adaptation count 11 340
2020-06-06 09:55:05 INFO Inside Adaptation Planner --proactive
2020-06-06 09:55:05 INFO Adaptation reactive executor
2020-06-06 09:55:05 INFO adaptation count 11 350
2020-06-06 09:55:18 INFO Inside Adaptation Planner --proactive
2020-06-06 09:55:18 INFO Adaptation reactive executor
2020-06-06 09:55:18 INFO adaptation count 12 370
2020-06-06 09:55:25 INFO Inside Adaptation Planner --proactive
2020-06-06 09:55:25 INFO Adaptation reactive executor
2020-06-06 09:55:25 INFO adaptation count 12 380
2020-06-06 09:55:37 INFO Inside Adaptation Planner --proactive
2020-06-06 09:55:37 INFO Adaptation reactive executor
2020-06-06 09:55:37 INFO adaptation count 12 390
2020-06-06 09:55:49 INFO Inside Adaptation Planner --proactive
2020-06-06 09:55:49 INFO Adaptation reactive executor
2020-06-06 09:55:49 INFO adaptation count 13 400
2020-06-06 09:55:58 INFO Inside Adaptation Planner --proactive
2020-06-06 09:55:58 INFO Adaptation reactive executor
2020-06-06 09:55:58 INFO adaptation count 13 410
2020-06-06 09:56:10 INFO Inside Adaptation Planner --proactive
2020-06-06 09:56:10 INFO Adaptation reactive executor
2020-06-06 09:56:10 INFO adaptation count 13 420
2020-06-06 09:56:23 INFO Inside Adaptation Planner --proactive
2020-06-06 09:56:23 INFO Adaptation reactive executor
2020-06-06 09:56:23 INFO adaptation count 14 440
2020-06-06 09:56:31 INFO Inside Adaptation Planner --proactive
2020-06-06 09:56:31 INFO Adaptation reactive executor
2020-06-06 09:56:31 INFO adaptation count 14 450
2020-06-06 09:56:44 INFO Inside Adaptation Planner --proactive
2020-06-06 09:56:44 INFO Adaptation reactive executor
2020-06-06 09:56:44 INFO adaptation count 14 460
2020-06-06 09:56:58 INFO Inside Adaptation Planner --proactive
2020-06-06 09:56:58 INFO Adaptation reactive executor
2020-06-06 09:56:58 INFO adaptation count 15 480
2020-06-06 09:57:05 INFO Inside Adaptation Planner --proactive
2020-06-06 09:57:05 INFO Adaptation reactive executor
2020-06-06 09:57:05 INFO adaptation count 15 490
2020-06-06 09:57:16 INFO Inside Adaptation Planner --proactive
2020-06-06 09:57:16 INFO Adaptation reactive executor
2020-06-06 09:57:16 INFO adaptation count 15 500
2020-06-06 09:57:28 INFO Inside Adaptation Planner --proactive
2020-06-06 09:57:28 INFO Adaptation reactive executor
2020-06-06 09:57:28 INFO adaptation count 16 510
2020-06-06 09:57:38 INFO Inside Adaptation Planner --proactive
2020-06-06 09:57:38 INFO Adaptation reactive executor
2020-06-06 09:57:38 INFO adaptation count 16 520
2020-06-06 09:57:52 INFO Inside Adaptation Planner --proactive
2020-06-06 09:57:52 INFO Adaptation reactive executor
2020-06-06 09:57:52 INFO adaptation count 17 540
2020-06-06 09:58:00 INFO Inside Adaptation Planner --proactive
2020-06-06 09:58:00 INFO Adaptation reactive executor
2020-06-06 09:58:00 INFO adaptation count 17 550
2020-06-06 09:58:12 INFO Inside Adaptation Planner --proactive
2020-06-06 09:58:12 INFO Adaptation reactive executor
2020-06-06 09:58:12 INFO adaptation count 17 560
2020-06-06 09:58:24 INFO Inside Adaptation Planner --proactive
2020-06-06 09:58:24 INFO Adaptation reactive executor
2020-06-06 09:58:24 INFO adaptation count 18 570
2020-06-06 09:58:34 INFO Inside Adaptation Planner --proactive
2020-06-06 09:58:34 INFO Adaptation reactive executor
2020-06-06 09:58:34 INFO adaptation count 19 580
2020-06-06 09:58:43 INFO Inside Adaptation Planner --proactive
2020-06-06 09:58:43 INFO Adaptation reactive executor
2020-06-06 09:58:43 INFO adaptation count 19 590
2020-06-06 09:58:56 INFO Inside Adaptation Planner --proactive
2020-06-06 09:58:56 INFO Adaptation reactive executor
2020-06-06 09:58:56 INFO adaptation count 20 600
2020-06-06 09:59:06 INFO Inside Adaptation Planner --proactive
2020-06-06 09:59:06 INFO Adaptation reactive executor
2020-06-06 09:59:06 INFO adaptation count 21 610
2020-06-06 09:59:16 INFO Inside Adaptation Planner --proactive
2020-06-06 09:59:16 INFO Adaptation reactive executor
2020-06-06 09:59:16 INFO adaptation count 21 620
2020-06-06 09:59:28 INFO Inside Adaptation Planner --proactive
2020-06-06 09:59:28 INFO Adaptation reactive executor
2020-06-06 09:59:28 INFO adaptation count 21 630
2020-06-06 09:59:40 INFO Inside Adaptation Planner --proactive
2020-06-06 09:59:40 INFO Adaptation reactive executor
2020-06-06 09:59:40 INFO adaptation count 22 650
2020-06-06 09:59:48 INFO Inside Adaptation Planner --proactive
2020-06-06 09:59:48 INFO Adaptation reactive executor
2020-06-06 09:59:48 INFO adaptation count 22 660
2020-06-06 09:59:59 INFO Inside Adaptation Planner --proactive
2020-06-06 09:59:59 INFO Adaptation reactive executor
2020-06-06 09:59:59 INFO adaptation count 22 670
2020-06-06 10:00:12 INFO Inside Adaptation Planner --proactive
2020-06-06 10:00:12 INFO Adaptation reactive executor
2020-06-06 10:00:12 INFO adaptation count 23 680
2020-06-06 10:00:21 INFO Inside Adaptation Planner --proactive
2020-06-06 10:00:21 INFO Adaptation reactive executor
2020-06-06 10:00:21 INFO adaptation count 23 690
2020-06-06 10:00:33 INFO Inside Adaptation Planner --proactive
2020-06-06 10:00:33 INFO Adaptation reactive executor
2020-06-06 10:00:33 INFO adaptation count 23 700
2020-06-06 10:00:45 INFO Inside Adaptation Planner --proactive
2020-06-06 10:00:45 INFO Adaptation reactive executor
2020-06-06 10:00:45 INFO adaptation count 24 720
2020-06-06 10:00:53 INFO Inside Adaptation Planner --proactive
2020-06-06 10:00:53 INFO Adaptation reactive executor
2020-06-06 10:00:53 INFO adaptation count 24 730
2020-06-06 10:01:05 INFO Inside Adaptation Planner --proactive
2020-06-06 10:01:05 INFO Adaptation reactive executor
2020-06-06 10:01:05 INFO adaptation count 24 740
2020-06-06 10:01:20 INFO Inside Adaptation Planner --proactive
2020-06-06 10:01:20 INFO Adaptation reactive executor
2020-06-06 10:01:20 INFO adaptation count 25 760
2020-06-06 10:01:27 INFO Inside Adaptation Planner --proactive
2020-06-06 10:01:27 INFO Adaptation reactive executor
2020-06-06 10:01:27 INFO adaptation count 25 770
2020-06-06 10:01:40 INFO Inside Adaptation Planner --proactive
2020-06-06 10:01:40 INFO Adaptation reactive executor
2020-06-06 10:01:40 INFO adaptation count 25 780
2020-06-06 10:01:53 INFO Inside Adaptation Planner --proactive
2020-06-06 10:01:53 INFO Adaptation reactive executor
2020-06-06 10:01:53 INFO adaptation count 26 800
2020-06-06 10:02:01 INFO Inside Adaptation Planner --proactive
2020-06-06 10:02:01 INFO Adaptation reactive executor
2020-06-06 10:02:01 INFO adaptation count 26 810
2020-06-06 10:02:14 INFO Inside Adaptation Planner --proactive
2020-06-06 10:02:14 INFO Adaptation reactive executor
2020-06-06 10:02:14 INFO adaptation count 26 820
2020-06-06 10:02:26 INFO Inside Adaptation Planner --proactive
2020-06-06 10:02:26 INFO Adaptation reactive executor
2020-06-06 10:02:26 INFO adaptation count 27 840
2020-06-06 10:02:34 INFO Inside Adaptation Planner --proactive
2020-06-06 10:02:34 INFO Adaptation reactive executor
2020-06-06 10:02:34 INFO adaptation count 27 850
2020-06-06 10:02:47 INFO Inside Adaptation Planner --proactive
2020-06-06 10:02:47 INFO Adaptation reactive executor
2020-06-06 10:02:47 INFO adaptation count 27 860
2020-06-06 10:03:00 INFO Inside Adaptation Planner --proactive
2020-06-06 10:03:00 INFO Adaptation reactive executor
2020-06-06 10:03:00 INFO adaptation count 28 880
2020-06-06 10:03:09 INFO Inside Adaptation Planner --proactive
2020-06-06 10:03:09 INFO Adaptation reactive executor
2020-06-06 10:03:09 INFO adaptation count 29 890
2020-06-06 10:03:18 INFO Inside Adaptation Planner --proactive
2020-06-06 10:03:18 INFO Adaptation reactive executor
2020-06-06 10:03:18 INFO adaptation count 29 900
2020-06-06 10:03:29 INFO Inside Adaptation Planner --proactive
2020-06-06 10:03:29 INFO Adaptation reactive executor
2020-06-06 10:03:29 INFO adaptation count 29 910
2020-06-06 10:03:42 INFO Inside Adaptation Planner --proactive
2020-06-06 10:03:42 INFO Adaptation reactive executor
2020-06-06 10:03:42 INFO adaptation count 30 930
2020-06-06 10:03:50 INFO Inside Adaptation Planner --proactive
2020-06-06 10:03:50 INFO Adaptation reactive executor
2020-06-06 10:03:50 INFO adaptation count 30 940
2020-06-06 10:04:01 INFO Inside Adaptation Planner --proactive
2020-06-06 10:04:01 INFO Adaptation reactive executor
2020-06-06 10:04:01 INFO adaptation count 30 950
2020-06-06 10:04:14 INFO Inside Adaptation Planner --proactive
2020-06-06 10:04:14 INFO Adaptation reactive executor
2020-06-06 10:04:14 INFO adaptation count 31 960
2020-06-06 10:04:23 INFO Inside Adaptation Planner --proactive
2020-06-06 10:04:23 INFO Adaptation reactive executor
2020-06-06 10:04:23 INFO adaptation count 31 970
2020-06-06 10:04:34 INFO Inside Adaptation Planner --proactive
2020-06-06 10:04:34 INFO Adaptation reactive executor
2020-06-06 10:04:34 INFO adaptation count 31 980
2020-06-06 10:04:48 INFO Inside Adaptation Planner --proactive
2020-06-06 10:04:48 INFO Adaptation reactive executor
2020-06-06 10:04:48 INFO adaptation count 32 1000
2020-06-06 10:04:56 INFO Inside Adaptation Planner --proactive
2020-06-06 10:04:56 INFO Adaptation reactive executor
2020-06-06 10:04:56 INFO adaptation count 32 1010
2020-06-06 10:05:08 INFO Inside Adaptation Planner --proactive
2020-06-06 10:05:08 INFO Adaptation reactive executor
2020-06-06 10:05:08 INFO adaptation count 32 1020
2020-06-06 10:05:22 INFO Inside Adaptation Planner --proactive
2020-06-06 10:05:22 INFO Adaptation reactive executor
2020-06-06 10:05:22 INFO adaptation count 33 1040
2020-06-06 10:05:30 INFO Inside Adaptation Planner --proactive
2020-06-06 10:05:30 INFO Adaptation reactive executor
2020-06-06 10:05:30 INFO adaptation count 33 1050
2020-06-06 10:05:44 INFO Inside Adaptation Planner --proactive
2020-06-06 10:05:44 INFO Adaptation reactive executor
2020-06-06 10:05:44 INFO adaptation count 33 1060
2020-06-06 10:05:57 INFO Inside Adaptation Planner --proactive
2020-06-06 10:05:57 INFO Adaptation reactive executor
2020-06-06 10:05:57 INFO adaptation count 34 1080
2020-06-06 10:06:05 INFO Inside Adaptation Planner --proactive
2020-06-06 10:06:05 INFO Adaptation reactive executor
2020-06-06 10:06:05 INFO adaptation count 34 1090
2020-06-06 10:06:17 INFO Inside Adaptation Planner --proactive
2020-06-06 10:06:17 INFO Adaptation reactive executor
2020-06-06 10:06:17 INFO adaptation count 34 1100
2020-06-06 10:06:29 INFO Inside Adaptation Planner --proactive
2020-06-06 10:06:29 INFO Adaptation reactive executor
2020-06-06 10:06:29 INFO adaptation count 35 1110
2020-06-06 10:06:39 INFO Inside Adaptation Planner --proactive
2020-06-06 10:06:39 INFO Adaptation reactive executor
2020-06-06 10:06:39 INFO adaptation count 35 1120
2020-06-06 10:06:50 INFO Inside Adaptation Planner --proactive
2020-06-06 10:06:50 INFO Adaptation reactive executor
2020-06-06 10:06:50 INFO adaptation count 35 1130
2020-06-06 10:07:02 INFO Inside Adaptation Planner --proactive
2020-06-06 10:07:02 INFO Adaptation reactive executor
2020-06-06 10:07:02 INFO adaptation count 36 1140
2020-06-06 10:07:12 INFO Inside Adaptation Planner --proactive
2020-06-06 10:07:12 INFO Adaptation reactive executor
2020-06-06 10:07:12 INFO adaptation count 36 1150
2020-06-06 10:07:26 INFO Inside Adaptation Planner --proactive
2020-06-06 10:07:26 INFO Adaptation reactive executor
2020-06-06 10:07:26 INFO adaptation count 37 1160
2020-06-06 10:07:35 INFO Inside Adaptation Planner --proactive
2020-06-06 10:07:35 INFO Adaptation reactive executor
2020-06-06 10:07:35 INFO adaptation count 38 1170
2020-06-06 10:07:44 INFO Inside Adaptation Planner --proactive
2020-06-06 10:07:44 INFO Adaptation reactive executor
2020-06-06 10:07:44 INFO adaptation count 38 1180
2020-06-06 10:07:58 INFO Inside Adaptation Planner --proactive
2020-06-06 10:07:58 INFO Adaptation reactive executor
2020-06-06 10:07:58 INFO adaptation count 39 1190
2020-06-06 10:08:09 INFO Inside Adaptation Planner --proactive
2020-06-06 10:08:09 INFO Adaptation reactive executor
2020-06-06 10:08:09 INFO adaptation count 40 1200
2020-06-06 10:08:20 INFO Inside Adaptation Planner --proactive
2020-06-06 10:08:20 INFO Adaptation reactive executor
2020-06-06 10:08:20 INFO adaptation count 40 1210
2020-06-06 10:08:32 INFO Inside Adaptation Planner --proactive
2020-06-06 10:08:32 INFO Adaptation reactive executor
2020-06-06 10:08:32 INFO adaptation count 41 1220
2020-06-06 10:08:42 INFO Inside Adaptation Planner --proactive
2020-06-06 10:08:42 INFO Adaptation reactive executor
2020-06-06 10:08:42 INFO adaptation count 42 1230
2020-06-06 10:08:52 INFO Inside Adaptation Planner --proactive
2020-06-06 10:08:52 INFO Adaptation reactive executor
2020-06-06 10:08:52 INFO adaptation count 42 1240
2020-06-06 10:09:05 INFO Inside Adaptation Planner --proactive
2020-06-06 10:09:05 INFO Adaptation reactive executor
2020-06-06 10:09:05 INFO adaptation count 42 1250
2020-06-06 10:09:17 INFO Inside Adaptation Planner --proactive
2020-06-06 10:09:17 INFO Adaptation reactive executor
2020-06-06 10:09:17 INFO adaptation count 43 1270
2020-06-06 10:09:25 INFO Inside Adaptation Planner --proactive
2020-06-06 10:09:25 INFO Adaptation reactive executor
2020-06-06 10:09:25 INFO adaptation count 43 1280
2020-06-06 10:09:37 INFO Inside Adaptation Planner --proactive
2020-06-06 10:09:37 INFO Adaptation reactive executor
2020-06-06 10:09:37 INFO adaptation count 43 1290
2020-06-06 10:09:49 INFO Inside Adaptation Planner --proactive
2020-06-06 10:09:49 INFO Adaptation reactive executor
2020-06-06 10:09:49 INFO adaptation count 44 1300
2020-06-06 10:09:59 INFO Inside Adaptation Planner --proactive
2020-06-06 10:09:59 INFO Adaptation reactive executor
2020-06-06 10:09:59 INFO adaptation count 44 1310
2020-06-06 10:10:11 INFO Inside Adaptation Planner --proactive
2020-06-06 10:10:11 INFO Adaptation reactive executor
2020-06-06 10:10:11 INFO adaptation count 44 1320
2020-06-06 10:10:22 INFO Inside Adaptation Planner --proactive
2020-06-06 10:10:22 INFO Adaptation reactive executor
2020-06-06 10:10:22 INFO adaptation count 45 1330
2020-06-06 10:10:32 INFO Inside Adaptation Planner --proactive
2020-06-06 10:10:32 INFO Adaptation reactive executor
2020-06-06 10:10:32 INFO adaptation count 45 1340
2020-06-06 10:10:44 INFO Inside Adaptation Planner --proactive
2020-06-06 10:10:44 INFO Adaptation reactive executor
2020-06-06 10:10:44 INFO adaptation count 46 1350
2020-06-06 10:10:53 INFO Inside Adaptation Planner --proactive
2020-06-06 10:10:53 INFO Adaptation reactive executor
2020-06-06 10:10:53 INFO adaptation count 46 1360
2020-06-06 10:11:06 INFO Inside Adaptation Planner --proactive
2020-06-06 10:11:06 INFO Adaptation reactive executor
2020-06-06 10:11:06 INFO adaptation count 47 1370
2020-06-06 10:11:16 INFO Inside Adaptation Planner --proactive
2020-06-06 10:11:16 INFO Adaptation reactive executor
2020-06-06 10:11:16 INFO adaptation count 48 1380
2020-06-06 10:11:25 INFO Inside Adaptation Planner --proactive
2020-06-06 10:11:25 INFO Adaptation reactive executor
2020-06-06 10:11:25 INFO adaptation count 48 1390
2020-06-06 10:11:37 INFO Inside Adaptation Planner --proactive
2020-06-06 10:11:37 INFO Adaptation reactive executor
2020-06-06 10:11:37 INFO adaptation count 48 1400
2020-06-06 10:11:50 INFO Inside Adaptation Planner --proactive
2020-06-06 10:11:50 INFO Adaptation reactive executor
2020-06-06 10:11:50 INFO adaptation count 49 1420
2020-06-06 10:11:57 INFO Inside Adaptation Planner --proactive
2020-06-06 10:11:57 INFO Adaptation reactive executor
2020-06-06 10:11:57 INFO adaptation count 49 1430
2020-06-06 10:12:10 INFO Inside Adaptation Planner --proactive
2020-06-06 10:12:10 INFO Adaptation reactive executor
2020-06-06 10:12:10 INFO adaptation count 49 1440
2020-06-06 10:12:21 INFO Inside Adaptation Planner --proactive
2020-06-06 10:12:21 INFO Adaptation reactive executor
2020-06-06 10:12:21 INFO adaptation count 50 1460
2020-06-06 10:12:29 INFO Inside Adaptation Planner --proactive
2020-06-06 10:12:29 INFO Adaptation reactive executor
2020-06-06 10:12:29 INFO adaptation count 50 1470
2020-06-06 10:12:42 INFO Inside Adaptation Planner --proactive
2020-06-06 10:12:42 INFO Adaptation reactive executor
2020-06-06 10:12:42 INFO adaptation count 51 1480
2020-06-06 10:12:51 INFO Inside Adaptation Planner --proactive
2020-06-06 10:12:51 INFO Adaptation reactive executor
2020-06-06 10:12:51 INFO adaptation count 52 1490
2020-06-06 10:13:01 INFO Inside Adaptation Planner --proactive
2020-06-06 10:13:01 INFO Adaptation reactive executor
2020-06-06 10:13:01 INFO adaptation count 52 1500
2020-06-06 10:13:13 INFO Inside Adaptation Planner --proactive
2020-06-06 10:13:13 INFO Adaptation reactive executor
2020-06-06 10:13:13 INFO adaptation count 53 1510
2020-06-06 10:13:23 INFO Inside Adaptation Planner --proactive
2020-06-06 10:13:23 INFO Adaptation reactive executor
2020-06-06 10:13:23 INFO adaptation count 54 1520
2020-06-06 10:13:33 INFO Inside Adaptation Planner --proactive
2020-06-06 10:13:33 INFO Adaptation reactive executor
2020-06-06 10:13:33 INFO adaptation count 54 1530
2020-06-06 10:13:45 INFO Inside Adaptation Planner --proactive
2020-06-06 10:13:45 INFO Adaptation reactive executor
2020-06-06 10:13:45 INFO adaptation count 55 1540
2020-06-06 10:13:55 INFO Inside Adaptation Planner --proactive
2020-06-06 10:13:55 INFO Adaptation reactive executor
2020-06-06 10:13:55 INFO adaptation count 56 1550
2020-06-06 10:14:03 INFO Inside Adaptation Planner --proactive
2020-06-06 10:14:03 INFO Adaptation reactive executor
2020-06-06 10:14:03 INFO adaptation count 56 1560
2020-06-06 10:14:15 INFO Inside Adaptation Planner --proactive
2020-06-06 10:14:15 INFO Adaptation reactive executor
2020-06-06 10:14:15 INFO adaptation count 56 1570
2020-06-06 10:14:26 INFO Inside Adaptation Planner --proactive
2020-06-06 10:14:26 INFO Adaptation reactive executor
2020-06-06 10:14:26 INFO adaptation count 57 1580
2020-06-06 10:14:35 INFO Inside Adaptation Planner --proactive
2020-06-06 10:14:35 INFO Adaptation reactive executor
2020-06-06 10:14:35 INFO adaptation count 57 1590
2020-06-06 10:14:47 INFO Inside Adaptation Planner --proactive
2020-06-06 10:14:47 INFO Adaptation reactive executor
2020-06-06 10:14:47 INFO adaptation count 58 1600
2020-06-06 10:14:57 INFO Inside Adaptation Planner --proactive
2020-06-06 10:14:57 INFO Adaptation reactive executor
2020-06-06 10:14:57 INFO adaptation count 59 1610
2020-06-06 10:15:06 INFO Inside Adaptation Planner --proactive
2020-06-06 10:15:06 INFO Adaptation reactive executor
2020-06-06 10:15:06 INFO adaptation count 59 1620
2020-06-06 10:15:19 INFO Inside Adaptation Planner --proactive
2020-06-06 10:15:19 INFO Adaptation reactive executor
2020-06-06 10:15:19 INFO adaptation count 59 1630
2020-06-06 10:15:31 INFO Inside Adaptation Planner --proactive
2020-06-06 10:15:31 INFO Adaptation reactive executor
2020-06-06 10:15:31 INFO adaptation count 60 1650
2020-06-06 10:15:39 INFO Inside Adaptation Planner --proactive
2020-06-06 10:15:39 INFO Adaptation reactive executor
2020-06-06 10:15:39 INFO adaptation count 60 1660
2020-06-06 10:15:50 INFO Inside Adaptation Planner --proactive
2020-06-06 10:15:50 INFO Adaptation reactive executor
2020-06-06 10:15:50 INFO adaptation count 60 1670
2020-06-06 10:16:01 INFO Inside Adaptation Planner --proactive
2020-06-06 10:16:01 INFO Adaptation reactive executor
2020-06-06 10:16:01 INFO adaptation count 61 1680
2020-06-06 10:16:11 INFO Inside Adaptation Planner --proactive
2020-06-06 10:16:11 INFO Adaptation reactive executor
2020-06-06 10:16:11 INFO adaptation count 61 1690
2020-06-06 10:16:23 INFO Inside Adaptation Planner --proactive
2020-06-06 10:16:23 INFO Adaptation reactive executor
2020-06-06 10:16:23 INFO adaptation count 61 1700
2020-06-06 10:16:36 INFO Inside Adaptation Planner --proactive
2020-06-06 10:16:36 INFO Adaptation reactive executor
2020-06-06 10:16:36 INFO adaptation count 62 1710
2020-06-06 10:16:45 INFO Inside Adaptation Planner --proactive
2020-06-06 10:16:45 INFO Adaptation reactive executor
2020-06-06 10:16:45 INFO adaptation count 63 1720
2020-06-06 10:16:55 INFO Inside Adaptation Planner --proactive
2020-06-06 10:16:55 INFO Adaptation reactive executor
2020-06-06 10:16:55 INFO adaptation count 63 1730
2020-06-06 10:17:07 INFO Inside Adaptation Planner --proactive
2020-06-06 10:17:07 INFO Adaptation reactive executor
2020-06-06 10:17:07 INFO adaptation count 63 1740
2020-06-06 10:17:18 INFO Inside Adaptation Planner --proactive
2020-06-06 10:17:18 INFO Adaptation reactive executor
2020-06-06 10:17:18 INFO adaptation count 64 1750
2020-06-06 10:17:28 INFO Inside Adaptation Planner --proactive
2020-06-06 10:17:28 INFO Adaptation reactive executor
2020-06-06 10:17:28 INFO adaptation count 65 1760
2020-06-06 10:17:37 INFO Inside Adaptation Planner --proactive
2020-06-06 10:17:37 INFO Adaptation reactive executor
2020-06-06 10:17:37 INFO adaptation count 65 1770
2020-06-06 10:17:49 INFO Inside Adaptation Planner --proactive
2020-06-06 10:17:49 INFO Adaptation reactive executor
2020-06-06 10:17:49 INFO adaptation count 65 1780
2020-06-06 10:18:01 INFO Inside Adaptation Planner --proactive
2020-06-06 10:18:01 INFO Adaptation reactive executor
2020-06-06 10:18:01 INFO adaptation count 66 1790
2020-06-06 10:18:10 INFO Inside Adaptation Planner --proactive
2020-06-06 10:18:10 INFO Adaptation reactive executor
2020-06-06 10:18:10 INFO adaptation count 66 1800
2020-06-06 10:18:22 INFO Inside Adaptation Planner --proactive
2020-06-06 10:18:22 INFO Adaptation reactive executor
2020-06-06 10:18:22 INFO adaptation count 66 1810
2020-06-06 10:18:34 INFO Inside Adaptation Planner --proactive
2020-06-06 10:18:34 INFO Adaptation reactive executor
2020-06-06 10:18:34 INFO adaptation count 67 1820
2020-06-06 10:18:43 INFO Inside Adaptation Planner --proactive
2020-06-06 10:18:43 INFO Adaptation reactive executor
2020-06-06 10:18:43 INFO adaptation count 67 1830
2020-06-06 10:18:54 INFO Inside Adaptation Planner --proactive
2020-06-06 10:18:54 INFO Adaptation reactive executor
2020-06-06 10:18:54 INFO adaptation count 67 1840
2020-06-06 10:19:08 INFO Inside Adaptation Planner --proactive
2020-06-06 10:19:08 INFO Adaptation reactive executor
2020-06-06 10:19:08 INFO adaptation count 68 1860
2020-06-06 10:19:16 INFO Inside Adaptation Planner --proactive
2020-06-06 10:19:16 INFO Adaptation reactive executor
2020-06-06 10:19:16 INFO adaptation count 68 1870
2020-06-06 10:19:28 INFO Inside Adaptation Planner --proactive
2020-06-06 10:19:28 INFO Adaptation reactive executor
2020-06-06 10:19:28 INFO adaptation count 68 1880
2020-06-06 10:19:41 INFO Inside Adaptation Planner --proactive
2020-06-06 10:19:41 INFO Adaptation reactive executor
2020-06-06 10:19:41 INFO adaptation count 69 1900
2020-06-06 10:19:49 INFO Inside Adaptation Planner --proactive
2020-06-06 10:19:49 INFO Adaptation reactive executor
2020-06-06 10:19:49 INFO adaptation count 69 1910
2020-06-06 10:20:01 INFO Inside Adaptation Planner --proactive
2020-06-06 10:20:01 INFO Adaptation reactive executor
2020-06-06 10:20:01 INFO adaptation count 69 1920
2020-06-06 10:20:13 INFO Inside Adaptation Planner --proactive
2020-06-06 10:20:13 INFO Adaptation reactive executor
2020-06-06 10:20:13 INFO adaptation count 70 1930
2020-06-06 10:20:22 INFO Inside Adaptation Planner --proactive
2020-06-06 10:20:22 INFO Adaptation reactive executor
2020-06-06 10:20:22 INFO adaptation count 71 1940
2020-06-06 10:20:32 INFO Inside Adaptation Planner --proactive
2020-06-06 10:20:32 INFO Adaptation reactive executor
2020-06-06 10:20:32 INFO adaptation count 71 1950
2020-06-06 10:20:46 INFO Inside Adaptation Planner --proactive
2020-06-06 10:20:46 INFO Adaptation reactive executor
2020-06-06 10:20:46 INFO adaptation count 72 1960
2020-06-06 10:20:56 INFO Inside Adaptation Planner --proactive
2020-06-06 10:20:56 INFO Adaptation reactive executor
2020-06-06 10:20:56 INFO adaptation count 73 1980
2020-06-06 10:21:04 INFO Inside Adaptation Planner --proactive
2020-06-06 10:21:04 INFO Adaptation reactive executor
2020-06-06 10:21:04 INFO adaptation count 73 1990
2020-06-06 10:21:16 INFO Inside Adaptation Planner --proactive
2020-06-06 10:21:16 INFO Adaptation reactive executor
2020-06-06 10:21:16 INFO adaptation count 73 2000
2020-06-06 10:21:27 INFO Inside Adaptation Planner --proactive
2020-06-06 10:21:27 INFO Adaptation reactive executor
2020-06-06 10:21:27 INFO adaptation count 74 2020
2020-06-06 10:21:36 INFO Inside Adaptation Planner --proactive
2020-06-06 10:21:36 INFO Adaptation reactive executor
2020-06-06 10:21:36 INFO adaptation count 74 2030
2020-06-06 10:21:48 INFO Inside Adaptation Planner --proactive
2020-06-06 10:21:48 INFO Adaptation reactive executor
2020-06-06 10:21:48 INFO adaptation count 74 2040
2020-06-06 10:22:01 INFO Inside Adaptation Planner --proactive
2020-06-06 10:22:01 INFO Adaptation reactive executor
2020-06-06 10:22:01 INFO adaptation count 75 2060
2020-06-06 10:22:09 INFO Inside Adaptation Planner --proactive
2020-06-06 10:22:09 INFO Adaptation reactive executor
2020-06-06 10:22:09 INFO adaptation count 75 2070
2020-06-06 10:22:23 INFO Inside Adaptation Planner --proactive
2020-06-06 10:22:23 INFO Adaptation reactive executor
2020-06-06 10:22:23 INFO adaptation count 75 2080
2020-06-06 10:22:35 INFO Inside Adaptation Planner --proactive
2020-06-06 10:22:35 INFO Adaptation reactive executor
2020-06-06 10:22:35 INFO adaptation count 76 2100
2020-06-06 10:22:42 INFO Inside Adaptation Planner --proactive
2020-06-06 10:22:42 INFO Adaptation reactive executor
2020-06-06 10:22:42 INFO adaptation count 76 2110
2020-06-06 10:22:56 INFO Inside Adaptation Planner --proactive
2020-06-06 10:22:56 INFO Adaptation reactive executor
2020-06-06 10:22:56 INFO adaptation count 77 2120
2020-06-06 10:23:05 INFO Inside Adaptation Planner --proactive
2020-06-06 10:23:05 INFO Adaptation reactive executor
2020-06-06 10:23:05 INFO adaptation count 78 2130
2020-06-06 10:23:15 INFO Inside Adaptation Planner --proactive
2020-06-06 10:23:15 INFO Adaptation reactive executor
2020-06-06 10:23:15 INFO adaptation count 78 2140
2020-06-06 10:23:29 INFO Inside Adaptation Planner --proactive
2020-06-06 10:23:29 INFO Adaptation reactive executor
2020-06-06 10:23:29 INFO adaptation count 79 2150
2020-06-06 10:23:40 INFO Inside Adaptation Planner --proactive
2020-06-06 10:23:40 INFO Adaptation reactive executor
2020-06-06 10:23:40 INFO adaptation count 80 2160
2020-06-06 10:23:49 INFO Inside Adaptation Planner --proactive
2020-06-06 10:23:49 INFO Adaptation reactive executor
2020-06-06 10:23:49 INFO adaptation count 80 2170
2020-06-06 10:24:00 INFO Inside Adaptation Planner --proactive
2020-06-06 10:24:00 INFO Adaptation reactive executor
2020-06-06 10:24:00 INFO adaptation count 80 2180
2020-06-06 10:24:14 INFO Inside Adaptation Planner --proactive
2020-06-06 10:24:14 INFO Adaptation reactive executor
2020-06-06 10:24:14 INFO adaptation count 81 2200
2020-06-06 10:24:23 INFO Inside Adaptation Planner --proactive
2020-06-06 10:24:23 INFO Adaptation reactive executor
2020-06-06 10:24:23 INFO adaptation count 82 2210
2020-06-06 10:24:32 INFO Inside Adaptation Planner --proactive
2020-06-06 10:24:32 INFO Adaptation reactive executor
2020-06-06 10:24:32 INFO adaptation count 82 2220
2020-06-06 10:24:44 INFO Inside Adaptation Planner --proactive
2020-06-06 10:24:44 INFO Adaptation reactive executor
2020-06-06 10:24:44 INFO adaptation count 83 2230
2020-06-06 10:24:53 INFO Inside Adaptation Planner --proactive
2020-06-06 10:24:53 INFO Adaptation reactive executor
2020-06-06 10:24:53 INFO adaptation count 83 2240
2020-06-06 10:25:06 INFO Inside Adaptation Planner --proactive
2020-06-06 10:25:06 INFO Adaptation reactive executor
2020-06-06 10:25:06 INFO adaptation count 83 2250
2020-06-06 10:25:18 INFO Inside Adaptation Planner --proactive
2020-06-06 10:25:18 INFO Adaptation reactive executor
2020-06-06 10:25:18 INFO adaptation count 84 2270
2020-06-06 10:25:26 INFO Inside Adaptation Planner --proactive
2020-06-06 10:25:26 INFO Adaptation reactive executor
2020-06-06 10:25:26 INFO adaptation count 84 2280
2020-06-06 10:25:39 INFO Inside Adaptation Planner --proactive
2020-06-06 10:25:39 INFO Adaptation reactive executor
2020-06-06 10:25:39 INFO adaptation count 84 2290
2020-06-06 10:25:51 INFO Inside Adaptation Planner --proactive
2020-06-06 10:25:51 INFO Adaptation reactive executor
2020-06-06 10:25:51 INFO adaptation count 85 2310
2020-06-06 10:25:59 INFO Inside Adaptation Planner --proactive
2020-06-06 10:25:59 INFO Adaptation reactive executor
2020-06-06 10:25:59 INFO adaptation count 85 2320
2020-06-06 10:26:13 INFO Inside Adaptation Planner --proactive
2020-06-06 10:26:13 INFO Adaptation reactive executor
2020-06-06 10:26:13 INFO adaptation count 86 2330
2020-06-06 10:26:22 INFO Inside Adaptation Planner --proactive
2020-06-06 10:26:22 INFO Adaptation reactive executor
2020-06-06 10:26:22 INFO adaptation count 87 2340
2020-06-06 10:26:31 INFO Inside Adaptation Planner --proactive
2020-06-06 10:26:31 INFO Adaptation reactive executor
2020-06-06 10:26:31 INFO adaptation count 87 2350
2020-06-06 10:26:44 INFO Inside Adaptation Planner --proactive
2020-06-06 10:26:44 INFO Adaptation reactive executor
2020-06-06 10:26:44 INFO adaptation count 88 2360
2020-06-06 10:26:54 INFO Inside Adaptation Planner --proactive
2020-06-06 10:26:54 INFO Adaptation reactive executor
2020-06-06 10:26:54 INFO adaptation count 89 2370
2020-06-06 10:27:04 INFO Inside Adaptation Planner --proactive
2020-06-06 10:27:04 INFO Adaptation reactive executor
2020-06-06 10:27:04 INFO adaptation count 89 2380
2020-06-06 10:27:16 INFO Inside Adaptation Planner --proactive
2020-06-06 10:27:16 INFO Adaptation reactive executor
2020-06-06 10:27:16 INFO adaptation count 89 2390
2020-06-06 10:27:28 INFO Inside Adaptation Planner --proactive
2020-06-06 10:27:28 INFO Adaptation reactive executor
2020-06-06 10:27:28 INFO adaptation count 90 2410
2020-06-06 10:27:37 INFO Inside Adaptation Planner --proactive
2020-06-06 10:27:37 INFO Adaptation reactive executor
2020-06-06 10:27:38 INFO adaptation count 90 2420
2020-06-06 10:27:49 INFO Inside Adaptation Planner --proactive
2020-06-06 10:27:49 INFO Adaptation reactive executor
2020-06-06 10:27:49 INFO adaptation count 90 2430
2020-06-06 10:28:01 INFO Inside Adaptation Planner --proactive
2020-06-06 10:28:01 INFO Adaptation reactive executor
2020-06-06 10:28:01 INFO adaptation count 91 2440
2020-06-06 10:28:10 INFO Inside Adaptation Planner --proactive
2020-06-06 10:28:10 INFO Adaptation reactive executor
2020-06-06 10:28:10 INFO adaptation count 91 2450
2020-06-06 10:28:23 INFO Inside Adaptation Planner --proactive
2020-06-06 10:28:23 INFO Adaptation reactive executor
2020-06-06 10:28:23 INFO adaptation count 92 2470
2020-06-06 10:28:32 INFO Inside Adaptation Planner --proactive
2020-06-06 10:28:32 INFO Adaptation reactive executor
2020-06-06 10:28:32 INFO adaptation count 93 2480
2020-06-06 10:28:41 INFO Inside Adaptation Planner --proactive
2020-06-06 10:28:41 INFO Adaptation reactive executor
2020-06-06 10:28:41 INFO adaptation count 93 2490
2020-06-06 10:28:54 INFO Inside Adaptation Planner --proactive
2020-06-06 10:28:54 INFO Adaptation reactive executor
2020-06-06 10:28:54 INFO adaptation count 94 2500
2020-06-06 10:29:04 INFO Inside Adaptation Planner --proactive
2020-06-06 10:29:04 INFO Adaptation reactive executor
2020-06-06 10:29:04 INFO adaptation count 95 2510
2020-06-06 10:29:12 INFO Inside Adaptation Planner --proactive
2020-06-06 10:29:12 INFO Adaptation reactive executor
2020-06-06 10:29:12 INFO adaptation count 95 2520
2020-06-06 10:29:24 INFO Inside Adaptation Planner --proactive
2020-06-06 10:29:24 INFO Adaptation reactive executor
2020-06-06 10:29:24 INFO adaptation count 95 2530
2020-06-06 10:29:38 INFO Inside Adaptation Planner --proactive
2020-06-06 10:29:38 INFO Adaptation reactive executor
2020-06-06 10:29:38 INFO adaptation count 96 2550
2020-06-06 10:29:47 INFO Inside Adaptation Planner --proactive
2020-06-06 10:29:47 INFO Adaptation reactive executor
2020-06-06 10:29:47 INFO adaptation count 97 2560
2020-06-06 10:29:57 INFO Inside Adaptation Planner --proactive
2020-06-06 10:29:57 INFO Adaptation reactive executor
2020-06-06 10:29:57 INFO adaptation count 97 2570
2020-06-06 10:30:09 INFO Inside Adaptation Planner --proactive
2020-06-06 10:30:09 INFO Adaptation reactive executor
2020-06-06 10:30:09 INFO adaptation count 97 2580
2020-06-06 10:30:21 INFO Inside Adaptation Planner --proactive
2020-06-06 10:30:21 INFO Adaptation reactive executor
2020-06-06 10:30:21 INFO adaptation count 98 2600
2020-06-06 10:30:30 INFO Inside Adaptation Planner --proactive
2020-06-06 10:30:30 INFO Adaptation reactive executor
2020-06-06 10:30:30 INFO adaptation count 98 2610
2020-06-06 10:30:43 INFO Inside Adaptation Planner --proactive
2020-06-06 10:30:43 INFO Adaptation reactive executor
2020-06-06 10:30:43 INFO adaptation count 98 2620
2020-06-06 10:30:54 INFO Inside Adaptation Planner --proactive
2020-06-06 10:30:54 INFO Adaptation reactive executor
2020-06-06 10:30:54 INFO adaptation count 99 2630
2020-06-06 10:31:03 INFO Inside Adaptation Planner --proactive
2020-06-06 10:31:03 INFO Adaptation reactive executor
2020-06-06 10:31:03 INFO adaptation count 99 2640
2020-06-06 10:31:14 INFO Inside Adaptation Planner --proactive
2020-06-06 10:31:14 INFO Adaptation reactive executor
2020-06-06 10:31:14 INFO adaptation count 99 2650
2020-06-06 10:31:26 INFO Inside Adaptation Planner --proactive
2020-06-06 10:31:26 INFO Adaptation reactive executor
2020-06-06 10:31:26 INFO adaptation count 100 2660
2020-06-06 10:31:35 INFO Inside Adaptation Planner --proactive
2020-06-06 10:31:35 INFO Adaptation reactive executor
2020-06-06 10:31:35 INFO adaptation count 100 2670
2020-06-06 10:31:47 INFO Inside Adaptation Planner --proactive
2020-06-06 10:31:47 INFO Adaptation reactive executor
2020-06-06 10:31:47 INFO adaptation count 101 2680
2020-06-06 10:31:57 INFO Inside Adaptation Planner --proactive
2020-06-06 10:31:57 INFO Adaptation reactive executor
2020-06-06 10:31:57 INFO adaptation count 101 2690
2020-06-06 10:32:08 INFO Inside Adaptation Planner --proactive
2020-06-06 10:32:08 INFO Adaptation reactive executor
2020-06-06 10:32:08 INFO adaptation count 101 2700
2020-06-06 10:32:21 INFO Inside Adaptation Planner --proactive
2020-06-06 10:32:21 INFO Adaptation reactive executor
2020-06-06 10:32:21 INFO adaptation count 102 2710
2020-06-06 10:32:31 INFO Inside Adaptation Planner --proactive
2020-06-06 10:32:31 INFO Adaptation reactive executor
2020-06-06 10:32:31 INFO adaptation count 102 2720
2020-06-06 10:32:43 INFO Inside Adaptation Planner --proactive
2020-06-06 10:32:43 INFO Adaptation reactive executor
2020-06-06 10:32:43 INFO adaptation count 102 2730
2020-06-06 10:32:55 INFO Inside Adaptation Planner --proactive
2020-06-06 10:32:55 INFO Adaptation reactive executor
2020-06-06 10:32:55 INFO adaptation count 103 2750
2020-06-06 10:33:04 INFO Inside Adaptation Planner --proactive
2020-06-06 10:33:04 INFO Adaptation reactive executor
2020-06-06 10:33:04 INFO adaptation count 103 2760
2020-06-06 10:33:16 INFO Inside Adaptation Planner --proactive
2020-06-06 10:33:16 INFO Adaptation reactive executor
2020-06-06 10:33:16 INFO adaptation count 103 2770
2020-06-06 10:33:28 INFO Inside Adaptation Planner --proactive
2020-06-06 10:33:28 INFO Adaptation reactive executor
2020-06-06 10:33:28 INFO adaptation count 104 2780
2020-06-06 10:33:37 INFO Inside Adaptation Planner --proactive
2020-06-06 10:33:37 INFO Adaptation reactive executor
2020-06-06 10:33:37 INFO adaptation count 104 2790
2020-06-06 10:33:49 INFO Inside Adaptation Planner --proactive
2020-06-06 10:33:49 INFO Adaptation reactive executor
2020-06-06 10:33:49 INFO adaptation count 104 2800
2020-06-06 10:34:03 INFO Inside Adaptation Planner --proactive
2020-06-06 10:34:03 INFO Adaptation reactive executor
2020-06-06 10:34:03 INFO adaptation count 105 2820
2020-06-06 10:34:11 INFO Inside Adaptation Planner --proactive
2020-06-06 10:34:11 INFO Adaptation reactive executor
2020-06-06 10:34:11 INFO adaptation count 105 2830
2020-06-06 10:34:24 INFO Inside Adaptation Planner --proactive
2020-06-06 10:34:24 INFO Adaptation reactive executor
2020-06-06 10:34:24 INFO adaptation count 105 2840
2020-06-06 10:34:37 INFO Inside Adaptation Planner --proactive
2020-06-06 10:34:37 INFO Adaptation reactive executor
2020-06-06 10:34:37 INFO adaptation count 106 2860
2020-06-06 10:34:45 INFO Inside Adaptation Planner --proactive
2020-06-06 10:34:45 INFO Adaptation reactive executor
2020-06-06 10:34:45 INFO adaptation count 106 2870
2020-06-06 10:34:56 INFO Inside Adaptation Planner --proactive
2020-06-06 10:34:56 INFO Adaptation reactive executor
2020-06-06 10:34:56 INFO adaptation count 106 2880
2020-06-06 10:35:10 INFO Inside Adaptation Planner --proactive
2020-06-06 10:35:10 INFO Adaptation reactive executor
2020-06-06 10:35:10 INFO adaptation count 107 2900
2020-06-06 10:35:18 INFO Inside Adaptation Planner --proactive
2020-06-06 10:35:18 INFO Adaptation reactive executor
2020-06-06 10:35:18 INFO adaptation count 107 2910
2020-06-06 10:35:31 INFO Inside Adaptation Planner --proactive
2020-06-06 10:35:31 INFO Adaptation reactive executor
2020-06-06 10:35:31 INFO adaptation count 108 2920
2020-06-06 10:35:40 INFO Inside Adaptation Planner --proactive
2020-06-06 10:35:40 INFO Adaptation reactive executor
2020-06-06 10:35:40 INFO adaptation count 108 2930
2020-06-06 10:35:53 INFO Inside Adaptation Planner --proactive
2020-06-06 10:35:53 INFO Adaptation reactive executor
2020-06-06 10:35:53 INFO adaptation count 108 2940
2020-06-06 10:36:04 INFO Inside Adaptation Planner --proactive
2020-06-06 10:36:04 INFO Adaptation reactive executor
2020-06-06 10:36:04 INFO adaptation count 109 2950
2020-06-06 10:36:14 INFO Inside Adaptation Planner --proactive
2020-06-06 10:36:14 INFO Adaptation reactive executor
2020-06-06 10:36:14 INFO adaptation count 109 2960
2020-06-06 10:36:25 INFO Inside Adaptation Planner --proactive
2020-06-06 10:36:25 INFO Adaptation reactive executor
2020-06-06 10:36:25 INFO adaptation count 109 2970
2020-06-06 10:36:37 INFO Inside Adaptation Planner --proactive
2020-06-06 10:36:37 INFO Adaptation reactive executor
2020-06-06 10:36:37 INFO adaptation count 110 2980
2020-06-06 10:36:47 INFO Inside Adaptation Planner --proactive
2020-06-06 10:36:47 INFO Adaptation reactive executor
2020-06-06 10:36:47 INFO adaptation count 111 2990
2020-06-06 10:36:57 INFO Inside Adaptation Planner --proactive
2020-06-06 10:36:57 INFO Adaptation reactive executor
2020-06-06 10:36:57 INFO adaptation count 111 3000
2020-06-06 10:37:08 INFO Inside Adaptation Planner --proactive
2020-06-06 10:37:08 INFO Adaptation reactive executor
2020-06-06 10:37:08 INFO adaptation count 111 3010
2020-06-06 10:37:21 INFO Inside Adaptation Planner --proactive
2020-06-06 10:37:21 INFO Adaptation reactive executor
2020-06-06 10:37:21 INFO adaptation count 112 3020
2020-06-06 10:37:31 INFO Inside Adaptation Planner --proactive
2020-06-06 10:37:31 INFO Adaptation reactive executor
2020-06-06 10:37:31 INFO adaptation count 112 3030
2020-06-06 10:37:44 INFO Inside Adaptation Planner --proactive
2020-06-06 10:37:44 INFO Adaptation reactive executor
2020-06-06 10:37:44 INFO adaptation count 113 3040
2020-06-06 10:37:54 INFO Inside Adaptation Planner --proactive
2020-06-06 10:37:54 INFO Adaptation reactive executor
2020-06-06 10:37:54 INFO adaptation count 114 3050
2020-06-06 10:38:04 INFO Inside Adaptation Planner --proactive
2020-06-06 10:38:04 INFO Adaptation reactive executor
2020-06-06 10:38:04 INFO adaptation count 114 3060
2020-06-06 10:38:15 INFO Inside Adaptation Planner --proactive
2020-06-06 10:38:15 INFO Adaptation reactive executor
2020-06-06 10:38:15 INFO adaptation count 114 3070
2020-06-06 10:38:28 INFO Inside Adaptation Planner --proactive
2020-06-06 10:38:28 INFO Adaptation reactive executor
2020-06-06 10:38:28 INFO adaptation count 115 3090
2020-06-06 10:38:36 INFO Inside Adaptation Planner --proactive
2020-06-06 10:38:36 INFO Adaptation reactive executor
2020-06-06 10:38:36 INFO adaptation count 115 3100
2020-06-06 10:38:48 INFO Inside Adaptation Planner --proactive
2020-06-06 10:38:48 INFO Adaptation reactive executor
2020-06-06 10:38:48 INFO adaptation count 115 3110
2020-06-06 10:39:00 INFO Inside Adaptation Planner --proactive
2020-06-06 10:39:00 INFO Adaptation reactive executor
2020-06-06 10:39:00 INFO adaptation count 116 3120
2020-06-06 10:39:10 INFO Inside Adaptation Planner --proactive
2020-06-06 10:39:10 INFO Adaptation reactive executor
2020-06-06 10:39:10 INFO adaptation count 116 3130
2020-06-06 10:39:22 INFO Inside Adaptation Planner --proactive
2020-06-06 10:39:22 INFO Adaptation reactive executor
2020-06-06 10:39:22 INFO adaptation count 116 3140
2020-06-06 10:39:34 INFO Inside Adaptation Planner --proactive
2020-06-06 10:39:34 INFO Adaptation reactive executor
2020-06-06 10:39:34 INFO adaptation count 117 3160
2020-06-06 10:39:43 INFO Inside Adaptation Planner --proactive
2020-06-06 10:39:43 INFO Adaptation reactive executor
2020-06-06 10:39:43 INFO adaptation count 117 3170
2020-06-06 10:39:54 INFO Inside Adaptation Planner --proactive
2020-06-06 10:39:54 INFO Adaptation reactive executor
2020-06-06 10:39:54 INFO adaptation count 117 3180
2020-06-06 10:40:07 INFO Inside Adaptation Planner --proactive
2020-06-06 10:40:07 INFO Adaptation reactive executor
2020-06-06 10:40:07 INFO adaptation count 118 3200
2020-06-06 10:40:16 INFO Inside Adaptation Planner --proactive
2020-06-06 10:40:16 INFO Adaptation reactive executor
2020-06-06 10:40:16 INFO adaptation count 119 3210
2020-06-06 10:40:25 INFO Inside Adaptation Planner --proactive
2020-06-06 10:40:25 INFO Adaptation reactive executor
2020-06-06 10:40:25 INFO adaptation count 119 3220
2020-06-06 10:40:38 INFO Inside Adaptation Planner --proactive
2020-06-06 10:40:38 INFO Adaptation reactive executor
2020-06-06 10:40:38 INFO adaptation count 119 3230
2020-06-06 10:40:49 INFO Inside Adaptation Planner --proactive
2020-06-06 10:40:49 INFO Adaptation reactive executor
2020-06-06 10:40:49 INFO adaptation count 120 3240
2020-06-06 10:40:58 INFO Inside Adaptation Planner --proactive
2020-06-06 10:40:58 INFO Adaptation reactive executor
2020-06-06 10:40:58 INFO adaptation count 120 3250
2020-06-06 10:41:10 INFO Inside Adaptation Planner --proactive
2020-06-06 10:41:10 INFO Adaptation reactive executor
2020-06-06 10:41:10 INFO adaptation count 120 3260
2020-06-06 10:41:23 INFO Inside Adaptation Planner --proactive
2020-06-06 10:41:23 INFO Adaptation reactive executor
2020-06-06 10:41:23 INFO adaptation count 121 3280
2020-06-06 10:41:31 INFO Inside Adaptation Planner --proactive
2020-06-06 10:41:31 INFO Adaptation reactive executor
2020-06-06 10:41:31 INFO adaptation count 122 3290
2020-06-06 10:41:42 INFO Inside Adaptation Planner --proactive
2020-06-06 10:41:42 INFO Adaptation reactive executor
2020-06-06 10:41:42 INFO adaptation count 122 3300
